63852680906151	EXPERIMENT:		SUBJECT:	pilot03_3b	START_SCENE	use for vr	START_CONDITION:	default	UI:	ViveRoomspace
63852680918521	TASK_START	LM_Timeline	TaskList
63852680918524	TASK_START	InitializeExperiment	TaskList
63852680918527	TASK_START	PrepareRooms	LM_PrepareRooms
63852680918637	TASK_END	PrepareRooms	LM_PrepareRooms	110
63852680918639	LM_Output	TaskList
TaskListName	RepetitionNumber	CatchFlag
InitializeExperiment1False
63852680918640	TASK_END	InitializeExperiment	TaskList	117
63852680918643	TASK_START	BeginMessageDummy	InstructionsTask
63852680918771	TASK_END	BeginMessageDummy	InstructionsTask	127
63852680918774	TASK_START	BeginMessage	InstructionsTask
63852680925241	INPUT_EVENT    PlayerPressedActionButton    1
63852680925242	TASK_END	BeginMessage	InstructionsTask	6468
63852680925244	TASK_START	Tasks	TaskList
63852680925246	TASK_START	TASK_ViewpointTask	TaskList
63852680925251	TASK_START	ListViewpointSpawns	ObjectList
63852680925275	TASK_END	ListViewpointSpawns	ObjectList	25
63852680925278	TASK_START	ListViewpointTransfers	ObjectList
63852680925307	TASK_END	ListViewpointTransfers	ObjectList	30
63852680925309	TASK_START	ViewpointTrials	TaskList
63852680925311	TASK_START	Counter	LM_DummyCounter
63852680925345	TASK_END	Counter	LM_DummyCounter	34
63852680925347	TASK_START	BlockInstruction	InstructionsTaskViewpoint
63852680928252	INPUT_EVENT    PlayerPressedActionButton    1
63852680928253	TASK_END	BlockInstruction	InstructionsTaskViewpoint	2906
63852680928255	TASK_START	MovePlayerToSpawn	MoveSpawn
63852680928258	TASK_POSITION	ViveRoomspaceController	MoveSpawn	(89.2, 0.1, 104.9)
63852680928260	TASK_ROTATE	ViveRoomspaceController	MoveSpawn	(0.0, 0.0, 0.0)
63852680928293	TASK_END	MovePlayerToSpawn	MoveSpawn	37
63852680928296	TASK_START	ViewObjects	LM_ToggleObjects
63852680941347	TASK_END	ViewObjects	LM_ToggleObjects	13051
63852680941350	TASK_START	BlackoutWalking	LM_BlackoutPath
63852680949558	TASK_RESPONSE	Left Button Pressed	Response Time: 3.01635
63852680953558	TASK_END	BlackoutWalking	LM_BlackoutPath	12206
LandmarksTrialData:
--------------------
Timestamp	subID	trial	Room	Condition	moveItem	Repeat	Block	ObjectMovedIs	start	end	TargetObject	TarPos_x	TarPos_z	Start_SubPos_x	Start_SubPos_z	Delay_time	TargetReached	End_SubPos_x	End_SubPos_z	response	RT	
05/30/2024 3:49 PM	pilot03_3b	0	Room_108	stay	yes	B	1	left	A	B	PoolTable_01	89.23045	104.8857	89.24001	104.9575	5.224501	True	89.16811	105.0281	Left	3.01635	
--------------------

63852680953563	LM_Output	TaskList
TaskListName	RepetitionNumber	CatchFlag
ViewpointTrials2False
63852680953565	TASK_START	Counter	LM_DummyCounter
63852680953585	TASK_END	Counter	LM_DummyCounter	20
63852680953587	TASK_START	BlockInstruction	InstructionsTaskViewpoint
63852680953587	INFO    skip task    BlockInstruction
63852680953608	TASK_END	BlockInstruction	InstructionsTaskViewpoint	20
63852680953610	TASK_START	MovePlayerToSpawn	MoveSpawn
63852680953612	TASK_POSITION	ViveRoomspaceController	MoveSpawn	(49.2, 0.1, 4.9)
63852680953614	TASK_ROTATE	ViveRoomspaceController	MoveSpawn	(0.0, 0.0, 0.0)
63852680953636	TASK_END	MovePlayerToSpawn	MoveSpawn	26
63852680953637	TASK_START	ViewObjects	LM_ToggleObjects
63852680964417	TASK_END	ViewObjects	LM_ToggleObjects	10779
63852680964419	TASK_START	BlackoutWalking	LM_BlackoutPath
63852680970951	TASK_RESPONSE	Right Button Pressed	Response Time: 1.803811
63852680976161	TASK_END	BlackoutWalking	LM_BlackoutPath	11742
LandmarksTrialData:
--------------------
Timestamp	subID	trial	Room	Condition	moveItem	Repeat	Block	ObjectMovedIs	start	end	TargetObject	TarPos_x	TarPos_z	Start_SubPos_x	Start_SubPos_z	Delay_time	TargetReached	End_SubPos_x	End_SubPos_z	response	RT	
05/30/2024 3:49 PM	pilot03_3b	1	Room_4	stay	no	B	1	left	A	B	None	49.23045	4.885691	49.20498	4.985996	4.7643	True	49.14947	5.118146	Right	1.803811	
--------------------

63852680976165	LM_Output	TaskList
TaskListName	RepetitionNumber	CatchFlag
ViewpointTrials3False
63852680976167	TASK_START	Counter	LM_DummyCounter
63852680976187	TASK_END	Counter	LM_DummyCounter	21
63852680976189	TASK_START	BlockInstruction	InstructionsTaskViewpoint
63852680976190	INFO    skip task    BlockInstruction
63852680976216	TASK_END	BlockInstruction	InstructionsTaskViewpoint	27
63852680976217	TASK_START	MovePlayerToSpawn	MoveSpawn
63852680976218	TASK_POSITION	ViveRoomspaceController	MoveSpawn	(61.1, 0.1, 25.0)
63852680976220	TASK_ROTATE	ViveRoomspaceController	MoveSpawn	(0.0, 0.0, 0.0)
63852680976243	TASK_END	MovePlayerToSpawn	MoveSpawn	25
63852680976244	TASK_START	ViewObjects	LM_ToggleObjects
63852680986871	TASK_END	ViewObjects	LM_ToggleObjects	10627
63852680986873	TASK_START	BlackoutWalking	LM_BlackoutPath
63852680994864	TASK_RESPONSE	Right Button Pressed	Response Time: 3.079985
63852680998797	TASK_END	BlackoutWalking	LM_BlackoutPath	11924
LandmarksTrialData:
--------------------
Timestamp	subID	trial	Room	Condition	moveItem	Repeat	Block	ObjectMovedIs	start	end	TargetObject	TarPos_x	TarPos_z	Start_SubPos_x	Start_SubPos_z	Delay_time	TargetReached	End_SubPos_x	End_SubPos_z	response	RT	
05/30/2024 3:49 PM	pilot03_3b	2	Room_25	stay	yes	B	1	left	B	A	Laptop	61.1209	25.04046	61.035	25.14255	4.928254	True	61.11203	25.25077	Right	3.079985	
--------------------

63852680998801	LM_Output	TaskList
TaskListName	RepetitionNumber	CatchFlag
ViewpointTrials4False
63852680998803	TASK_START	Counter	LM_DummyCounter
63852680998831	TASK_END	Counter	LM_DummyCounter	21
63852680998833	TASK_START	BlockInstruction	InstructionsTaskViewpoint
63852680998834	INFO    skip task    BlockInstruction
63852680998863	TASK_END	BlockInstruction	InstructionsTaskViewpoint	30
63852680998865	TASK_START	MovePlayerToSpawn	MoveSpawn
63852680998866	TASK_POSITION	ViveRoomspaceController	MoveSpawn	(109.2, 0.1, 104.9)
63852680998867	TASK_ROTATE	ViveRoomspaceController	MoveSpawn	(0.0, 0.0, 0.0)
63852680998896	TASK_END	MovePlayerToSpawn	MoveSpawn	31
63852680998897	TASK_START	ViewObjects	LM_ToggleObjects
63852681009761	TASK_END	ViewObjects	LM_ToggleObjects	10864
63852681009762	TASK_START	BlackoutWalking	LM_BlackoutPath
63852681015983	TASK_RESPONSE	Right Button Pressed	Response Time: 2.171865
63852681020820	TASK_END	BlackoutWalking	LM_BlackoutPath	11057
LandmarksTrialData:
--------------------
Timestamp	subID	trial	Room	Condition	moveItem	Repeat	Block	ObjectMovedIs	start	end	TargetObject	TarPos_x	TarPos_z	Start_SubPos_x	Start_SubPos_z	Delay_time	TargetReached	End_SubPos_x	End_SubPos_z	response	RT	
05/30/2024 3:50 PM	pilot03_3b	3	Room_110	stay	no	B	1	left	A	B	None	109.2305	104.8857	109.1951	105.0198	4.080307	True	109.2962	105.1036	Right	2.171865	
--------------------

63852681020824	LM_Output	TaskList
TaskListName	RepetitionNumber	CatchFlag
ViewpointTrials5False
63852681020826	TASK_START	Counter	LM_DummyCounter
63852681020852	TASK_END	Counter	LM_DummyCounter	26
63852681020854	TASK_START	BlockInstruction	InstructionsTaskViewpoint
63852681020855	INFO    skip task    BlockInstruction
63852681020886	TASK_END	BlockInstruction	InstructionsTaskViewpoint	32
63852681020888	TASK_START	MovePlayerToSpawn	MoveSpawn
63852681020890	TASK_POSITION	ViveRoomspaceController	MoveSpawn	(81.1, 0.1, 115.0)
63852681020891	TASK_ROTATE	ViveRoomspaceController	MoveSpawn	(0.0, 0.0, 0.0)
63852681020911	TASK_END	MovePlayerToSpawn	MoveSpawn	23
63852681020913	TASK_START	ViewObjects	LM_ToggleObjects
63852681031081	TASK_END	ViewObjects	LM_ToggleObjects	10168
63852681031083	TASK_START	BlackoutWalking	LM_BlackoutPath
63852681037189	TASK_RESPONSE	Left Button Pressed	Response Time: 1.21263
63852681042998	TASK_END	BlackoutWalking	LM_BlackoutPath	11915
LandmarksTrialData:
--------------------
Timestamp	subID	trial	Room	Condition	moveItem	Repeat	Block	ObjectMovedIs	start	end	TargetObject	TarPos_x	TarPos_z	Start_SubPos_x	Start_SubPos_z	Delay_time	TargetReached	End_SubPos_x	End_SubPos_z	response	RT	
05/30/2024 3:50 PM	pilot03_3b	4	Room_117	stay	no	B	1	left	B	A	None	81.1209	115.0405	81.07073	115.1069	4.924734	True	81.11652	115.2545	Left	1.21263	
--------------------

63852681043003	LM_Output	TaskList
TaskListName	RepetitionNumber	CatchFlag
ViewpointTrials6False
63852681043006	TASK_START	Counter	LM_DummyCounter
63852681043031	TASK_END	Counter	LM_DummyCounter	25
63852681043032	TASK_START	BlockInstruction	InstructionsTaskViewpoint
63852681043033	INFO    skip task    BlockInstruction
63852681043063	TASK_END	BlockInstruction	InstructionsTaskViewpoint	31
63852681043065	TASK_START	MovePlayerToSpawn	MoveSpawn
63852681043067	TASK_POSITION	ViveRoomspaceController	MoveSpawn	(81.1, 0.1, 85.0)
63852681043068	TASK_ROTATE	ViveRoomspaceController	MoveSpawn	(0.0, 0.0, 0.0)
63852681043090	TASK_END	MovePlayerToSpawn	MoveSpawn	25
63852681043091	TASK_START	ViewObjects	LM_ToggleObjects
63852681055806	TASK_END	ViewObjects	LM_ToggleObjects	12715
63852681055808	TASK_START	BlackoutWalking	LM_BlackoutPath
63852681063700	TASK_RESPONSE	Left Button Pressed	Response Time: 2.69241
63852681068020	TASK_END	BlackoutWalking	LM_BlackoutPath	12212
LandmarksTrialData:
--------------------
Timestamp	subID	trial	Room	Condition	moveItem	Repeat	Block	ObjectMovedIs	start	end	TargetObject	TarPos_x	TarPos_z	Start_SubPos_x	Start_SubPos_z	Delay_time	TargetReached	End_SubPos_x	End_SubPos_z	response	RT	
05/30/2024 3:50 PM	pilot03_3b	5	Room_87	stay	yes	B	1	left	B	A	Sausage in dough	81.1209	85.04046	81.09408	85.18819	5.222401	True	81.12122	85.2586	Left	2.69241	
--------------------

63852681068023	LM_Output	TaskList
TaskListName	RepetitionNumber	CatchFlag
ViewpointTrials7False
63852681068026	TASK_START	Counter	LM_DummyCounter
63852681068053	TASK_END	Counter	LM_DummyCounter	27
63852681068055	TASK_START	BlockInstruction	InstructionsTaskViewpoint
63852681068056	INFO    skip task    BlockInstruction
63852681068085	TASK_END	BlockInstruction	InstructionsTaskViewpoint	30
63852681068087	TASK_START	MovePlayerToSpawn	MoveSpawn
63852681068088	TASK_POSITION	ViveRoomspaceController	MoveSpawn	(59.2, 0.1, 44.9)
63852681068090	TASK_ROTATE	ViveRoomspaceController	MoveSpawn	(0.0, 0.0, 0.0)
63852681068118	TASK_END	MovePlayerToSpawn	MoveSpawn	31
63852681068120	TASK_START	ViewObjects	LM_ToggleObjects
63852681080626	TASK_END	ViewObjects	LM_ToggleObjects	12505
63852681080628	TASK_START	BlackoutWalking	LM_BlackoutPath
63852681088100	TASK_RESPONSE	Right Button Pressed	Response Time: 2.66529
63852681092449	TASK_END	BlackoutWalking	LM_BlackoutPath	11820
LandmarksTrialData:
--------------------
Timestamp	subID	trial	Room	Condition	moveItem	Repeat	Block	ObjectMovedIs	start	end	TargetObject	TarPos_x	TarPos_z	Start_SubPos_x	Start_SubPos_z	Delay_time	TargetReached	End_SubPos_x	End_SubPos_z	response	RT	
05/30/2024 3:51 PM	pilot03_3b	6	Room_45	stay	no	B	1	left	A	B	None	59.23045	44.88569	59.18622	44.99961	4.829912	True	59.23864	45.04855	Right	2.66529	
--------------------

63852681092451	LM_Output	TaskList
TaskListName	RepetitionNumber	CatchFlag
ViewpointTrials8False
63852681092453	TASK_START	Counter	LM_DummyCounter
63852681092474	TASK_END	Counter	LM_DummyCounter	20
63852681092475	TASK_START	BlockInstruction	InstructionsTaskViewpoint
63852681092476	INFO    skip task    BlockInstruction
63852681092494	TASK_END	BlockInstruction	InstructionsTaskViewpoint	18
63852681092495	TASK_START	MovePlayerToSpawn	MoveSpawn
63852681092497	TASK_POSITION	ViveRoomspaceController	MoveSpawn	(61.1, 0.1, 85.0)
63852681092498	TASK_ROTATE	ViveRoomspaceController	MoveSpawn	(0.0, 0.0, 0.0)
63852681092519	TASK_END	MovePlayerToSpawn	MoveSpawn	24
63852681092521	TASK_START	ViewObjects	LM_ToggleObjects
63852681102797	TASK_END	ViewObjects	LM_ToggleObjects	10277
63852681102798	TASK_START	BlackoutWalking	LM_BlackoutPath
63852681109024	TASK_RESPONSE	Left Button Pressed	Response Time: 1.351883
63852681114667	TASK_END	BlackoutWalking	LM_BlackoutPath	11868
LandmarksTrialData:
--------------------
Timestamp	subID	trial	Room	Condition	moveItem	Repeat	Block	ObjectMovedIs	start	end	TargetObject	TarPos_x	TarPos_z	Start_SubPos_x	Start_SubPos_z	Delay_time	TargetReached	End_SubPos_x	End_SubPos_z	response	RT	
05/30/2024 3:51 PM	pilot03_3b	7	Room_85	stay	yes	B	1	left	B	A	Pita	61.1209	85.04046	61.07667	85.07367	4.902923	True	61.15743	85.1647	Left	1.351883	
--------------------

63852681114671	LM_Output	TaskList
TaskListName	RepetitionNumber	CatchFlag
ViewpointTrials9False
63852681114673	TASK_START	Counter	LM_DummyCounter
63852681114698	TASK_END	Counter	LM_DummyCounter	25
63852681114699	TASK_START	BlockInstruction	InstructionsTaskViewpoint
63852681114701	INFO    skip task    BlockInstruction
63852681114723	TASK_END	BlockInstruction	InstructionsTaskViewpoint	23
63852681114724	TASK_START	MovePlayerToSpawn	MoveSpawn
63852681114726	TASK_POSITION	ViveRoomspaceController	MoveSpawn	(31.1, 0.1, 5.0)
63852681114727	TASK_ROTATE	ViveRoomspaceController	MoveSpawn	(0.0, 0.0, 0.0)
63852681114747	TASK_END	MovePlayerToSpawn	MoveSpawn	22
63852681114749	TASK_START	ViewObjects	LM_ToggleObjects
63852681124739	TASK_END	ViewObjects	LM_ToggleObjects	9990
63852681124740	TASK_START	BlackoutWalking	LM_BlackoutPath
63852681132581	TASK_RESPONSE	Right Button Pressed	Response Time: 1.466601
63852681138145	TASK_END	BlackoutWalking	LM_BlackoutPath	13404
LandmarksTrialData:
--------------------
Timestamp	subID	trial	Room	Condition	moveItem	Repeat	Block	ObjectMovedIs	start	end	TargetObject	TarPos_x	TarPos_z	Start_SubPos_x	Start_SubPos_z	Delay_time	TargetReached	End_SubPos_x	End_SubPos_z	response	RT	
05/30/2024 3:52 PM	pilot03_3b	8	Room_2	stay	no	B	1	left	B	A	None	31.1209	5.040457	31.14159	5.143617	6.403396	True	31.0926	5.126151	Right	1.466601	
--------------------

63852681138149	LM_Output	TaskList
TaskListName	RepetitionNumber	CatchFlag
ViewpointTrials10False
63852681138150	TASK_START	Counter	LM_DummyCounter
63852681138179	TASK_END	Counter	LM_DummyCounter	28
63852681138181	TASK_START	BlockInstruction	InstructionsTaskViewpoint
63852681138181	INFO    skip task    BlockInstruction
63852681138202	TASK_END	BlockInstruction	InstructionsTaskViewpoint	21
63852681138203	TASK_START	MovePlayerToSpawn	MoveSpawn
63852681138205	TASK_POSITION	ViveRoomspaceController	MoveSpawn	(91.1, 0.1, 65.0)
63852681138206	TASK_ROTATE	ViveRoomspaceController	MoveSpawn	(0.0, 0.0, 0.0)
63852681138227	TASK_END	MovePlayerToSpawn	MoveSpawn	24
63852681138228	TASK_START	ViewObjects	LM_ToggleObjects
63852681148310	TASK_END	ViewObjects	LM_ToggleObjects	10081
63852681148311	TASK_START	BlackoutWalking	LM_BlackoutPath
63852681153770	TASK_RESPONSE	Right Button Pressed	Response Time: 1.049868
63852681159720	TASK_END	BlackoutWalking	LM_BlackoutPath	11408
LandmarksTrialData:
--------------------
Timestamp	subID	trial	Room	Condition	moveItem	Repeat	Block	ObjectMovedIs	start	end	TargetObject	TarPos_x	TarPos_z	Start_SubPos_x	Start_SubPos_z	Delay_time	TargetReached	End_SubPos_x	End_SubPos_z	response	RT	
05/30/2024 3:52 PM	pilot03_3b	9	Room_68	stay	yes	B	1	left	B	A	Traffic cone 1	91.1209	65.04045	91.13436	65.17857	4.446555	True	91.13577	65.19139	Right	1.049868	
--------------------

63852681159725	LM_Output	TaskList
TaskListName	RepetitionNumber	CatchFlag
ViewpointTrials11False
63852681159727	TASK_START	Counter	LM_DummyCounter
63852681159749	TASK_END	Counter	LM_DummyCounter	22
63852681159751	TASK_START	BlockInstruction	InstructionsTaskViewpoint
63852681159752	INFO    skip task    BlockInstruction
63852681159769	TASK_END	BlockInstruction	InstructionsTaskViewpoint	18
63852681159770	TASK_START	MovePlayerToSpawn	MoveSpawn
63852681159772	TASK_POSITION	ViveRoomspaceController	MoveSpawn	(91.1, 0.1, 55.0)
63852681159772	TASK_ROTATE	ViveRoomspaceController	MoveSpawn	(0.0, 0.0, 0.0)
63852681159790	TASK_END	MovePlayerToSpawn	MoveSpawn	19
63852681159791	TASK_START	ViewObjects	LM_ToggleObjects
63852681169853	TASK_END	ViewObjects	LM_ToggleObjects	10061
63852681169854	TASK_START	BlackoutWalking	LM_BlackoutPath
63852681175331	TASK_RESPONSE	Right Button Pressed	Response Time: 1.540668
63852681180812	TASK_END	BlackoutWalking	LM_BlackoutPath	10957
LandmarksTrialData:
--------------------
Timestamp	subID	trial	Room	Condition	moveItem	Repeat	Block	ObjectMovedIs	start	end	TargetObject	TarPos_x	TarPos_z	Start_SubPos_x	Start_SubPos_z	Delay_time	TargetReached	End_SubPos_x	End_SubPos_z	response	RT	
05/30/2024 3:52 PM	pilot03_3b	10	Room_58	stay	no	B	1	left	B	A	None	91.1209	55.04045	91.13079	55.09623	3.959617	True	90.98226	55.27816	Right	1.540668	
--------------------

63852681180816	LM_Output	TaskList
TaskListName	RepetitionNumber	CatchFlag
ViewpointTrials12False
63852681180818	TASK_START	Counter	LM_DummyCounter
63852681180838	TASK_END	Counter	LM_DummyCounter	20
63852681180840	TASK_START	BlockInstruction	InstructionsTaskViewpoint
63852681180841	INFO    skip task    BlockInstruction
63852681180858	TASK_END	BlockInstruction	InstructionsTaskViewpoint	18
63852681180860	TASK_START	MovePlayerToSpawn	MoveSpawn
63852681180861	TASK_POSITION	ViveRoomspaceController	MoveSpawn	(101.1, 0.1, 95.0)
63852681180862	TASK_ROTATE	ViveRoomspaceController	MoveSpawn	(0.0, 0.0, 0.0)
63852681180901	TASK_END	MovePlayerToSpawn	MoveSpawn	41
63852681180903	TASK_START	ViewObjects	LM_ToggleObjects
63852681190875	TASK_END	ViewObjects	LM_ToggleObjects	9972
63852681190877	TASK_START	BlackoutWalking	LM_BlackoutPath
63852681196562	TASK_RESPONSE	Right Button Pressed	Response Time: 1.45225
63852681202115	TASK_END	BlackoutWalking	LM_BlackoutPath	11238
LandmarksTrialData:
--------------------
Timestamp	subID	trial	Room	Condition	moveItem	Repeat	Block	ObjectMovedIs	start	end	TargetObject	TarPos_x	TarPos_z	Start_SubPos_x	Start_SubPos_z	Delay_time	TargetReached	End_SubPos_x	End_SubPos_z	response	RT	
05/30/2024 3:53 PM	pilot03_3b	11	Room_99	stay	no	B	1	left	B	A	None	101.1209	95.04046	101.1106	95.13185	4.263046	True	101.1258	95.2799	Right	1.45225	
--------------------

63852681202119	LM_Output	TaskList
TaskListName	RepetitionNumber	CatchFlag
ViewpointTrials13False
63852681202121	TASK_START	Counter	LM_DummyCounter
63852681202138	TASK_END	Counter	LM_DummyCounter	17
63852681202140	TASK_START	BlockInstruction	InstructionsTaskViewpoint
63852681202141	INFO    skip task    BlockInstruction
63852681202178	TASK_END	BlockInstruction	InstructionsTaskViewpoint	38
63852681202180	TASK_START	MovePlayerToSpawn	MoveSpawn
63852681202181	TASK_POSITION	ViveRoomspaceController	MoveSpawn	(59.2, 0.1, 114.9)
63852681202183	TASK_ROTATE	ViveRoomspaceController	MoveSpawn	(0.0, 0.0, 0.0)
63852681202206	TASK_END	MovePlayerToSpawn	MoveSpawn	26
63852681202207	TASK_START	ViewObjects	LM_ToggleObjects
63852681212979	TASK_END	ViewObjects	LM_ToggleObjects	10770
63852681212980	TASK_START	BlackoutWalking	LM_BlackoutPath
63852681218302	TASK_RESPONSE	Right Button Pressed	Response Time: 1.571385
63852681223741	TASK_END	BlackoutWalking	LM_BlackoutPath	10761
LandmarksTrialData:
--------------------
Timestamp	subID	trial	Room	Condition	moveItem	Repeat	Block	ObjectMovedIs	start	end	TargetObject	TarPos_x	TarPos_z	Start_SubPos_x	Start_SubPos_z	Delay_time	TargetReached	End_SubPos_x	End_SubPos_z	response	RT	
05/30/2024 3:53 PM	pilot03_3b	12	Room_115	stay	yes	B	1	left	A	B	Tent_01	59.23045	114.8857	59.28439	114.9149	3.772913	True	59.35561	115.1223	Right	1.571385	
--------------------

63852681223744	LM_Output	TaskList
TaskListName	RepetitionNumber	CatchFlag
ViewpointTrials14False
63852681223746	TASK_START	Counter	LM_DummyCounter
63852681223771	TASK_END	Counter	LM_DummyCounter	25
63852681223773	TASK_START	BlockInstruction	InstructionsTaskViewpoint
63852681223774	INFO    skip task    BlockInstruction
63852681223791	TASK_END	BlockInstruction	InstructionsTaskViewpoint	19
63852681223793	TASK_START	MovePlayerToSpawn	MoveSpawn
63852681223794	TASK_POSITION	ViveRoomspaceController	MoveSpawn	(89.2, 0.1, 74.9)
63852681223795	TASK_ROTATE	ViveRoomspaceController	MoveSpawn	(0.0, 0.0, 0.0)
63852681223816	TASK_END	MovePlayerToSpawn	MoveSpawn	23
63852681223818	TASK_START	ViewObjects	LM_ToggleObjects
63852681233733	TASK_END	ViewObjects	LM_ToggleObjects	9915
63852681233736	TASK_START	BlackoutWalking	LM_BlackoutPath
63852681247318	TASK_RESPONSE	Left Button Pressed	Response Time: 2.214301
63852681252104	TASK_END	BlackoutWalking	LM_BlackoutPath	18370
LandmarksTrialData:
--------------------
Timestamp	subID	trial	Room	Condition	moveItem	Repeat	Block	ObjectMovedIs	start	end	TargetObject	TarPos_x	TarPos_z	Start_SubPos_x	Start_SubPos_z	Delay_time	TargetReached	End_SubPos_x	End_SubPos_z	response	RT	
05/30/2024 3:53 PM	pilot03_3b	13	Room_78	stay	yes	B	1	left	A	B	Cone	89.23045	74.88569	89.25238	75.05853	11.40118	True	89.10833	75.09657	Left	2.214301	
--------------------

63852681252107	LM_Output	TaskList
TaskListName	RepetitionNumber	CatchFlag
ViewpointTrials15False
63852681252109	TASK_START	Counter	LM_DummyCounter
63852681252129	TASK_END	Counter	LM_DummyCounter	20
63852681252130	TASK_START	BlockInstruction	InstructionsTaskViewpoint
63852681252131	INFO    skip task    BlockInstruction
63852681252149	TASK_END	BlockInstruction	InstructionsTaskViewpoint	18
63852681252151	TASK_START	MovePlayerToSpawn	MoveSpawn
63852681252152	TASK_POSITION	ViveRoomspaceController	MoveSpawn	(89.2, 0.1, 24.9)
63852681252153	TASK_ROTATE	ViveRoomspaceController	MoveSpawn	(0.0, 0.0, 0.0)
63852681252173	TASK_END	MovePlayerToSpawn	MoveSpawn	22
63852681252173	TASK_START	ViewObjects	LM_ToggleObjects
63852681262339	TASK_END	ViewObjects	LM_ToggleObjects	10165
63852681262341	TASK_START	BlackoutWalking	LM_BlackoutPath
63852681268450	TASK_RESPONSE	Right Button Pressed	Response Time: 1.50435
63852681273948	TASK_END	BlackoutWalking	LM_BlackoutPath	11607
LandmarksTrialData:
--------------------
Timestamp	subID	trial	Room	Condition	moveItem	Repeat	Block	ObjectMovedIs	start	end	TargetObject	TarPos_x	TarPos_z	Start_SubPos_x	Start_SubPos_z	Delay_time	TargetReached	End_SubPos_x	End_SubPos_z	response	RT	
05/30/2024 3:54 PM	pilot03_3b	14	Room_28	stay	no	B	1	left	A	B	None	89.23045	24.88569	89.1805	25.01221	4.630243	True	89.18169	25.04603	Right	1.50435	
--------------------

63852681273952	LM_Output	TaskList
TaskListName	RepetitionNumber	CatchFlag
ViewpointTrials16False
63852681273953	TASK_START	Counter	LM_DummyCounter
63852681273981	TASK_END	Counter	LM_DummyCounter	27
63852681273983	TASK_START	BlockInstruction	InstructionsTaskViewpoint
63852681273983	INFO    skip task    BlockInstruction
63852681274003	TASK_END	BlockInstruction	InstructionsTaskViewpoint	20
63852681274004	TASK_START	MovePlayerToSpawn	MoveSpawn
63852681274006	TASK_POSITION	ViveRoomspaceController	MoveSpawn	(49.2, 0.1, 44.9)
63852681274007	TASK_ROTATE	ViveRoomspaceController	MoveSpawn	(0.0, 0.0, 0.0)
63852681274029	TASK_END	MovePlayerToSpawn	MoveSpawn	24
63852681274030	TASK_START	ViewObjects	LM_ToggleObjects
63852681283999	TASK_END	ViewObjects	LM_ToggleObjects	9968
63852681284000	TASK_START	BlackoutWalking	LM_BlackoutPath
63852681291641	TASK_RESPONSE	Left Button Pressed	Response Time: 3.294783
63852681295359	TASK_END	BlackoutWalking	LM_BlackoutPath	11359
LandmarksTrialData:
--------------------
Timestamp	subID	trial	Room	Condition	moveItem	Repeat	Block	ObjectMovedIs	start	end	TargetObject	TarPos_x	TarPos_z	Start_SubPos_x	Start_SubPos_z	Delay_time	TargetReached	End_SubPos_x	End_SubPos_z	response	RT	
05/30/2024 3:54 PM	pilot03_3b	15	Room_44	stay	yes	B	1	left	A	B	Warmer	49.23045	44.88569	49.17146	44.99731	4.370491	True	49.26233	45.13329	Left	3.294783	
--------------------

63852681295363	LM_Output	TaskList
TaskListName	RepetitionNumber	CatchFlag
ViewpointTrials17False
63852681295366	TASK_START	Counter	LM_DummyCounter
63852681295394	TASK_END	Counter	LM_DummyCounter	29
63852681295395	TASK_START	BlockInstruction	InstructionsTaskViewpoint
63852681297346	INPUT_EVENT    PlayerPressedActionButton    1
63852681297349	TASK_END	BlockInstruction	InstructionsTaskViewpoint	1954
63852681297352	TASK_START	MovePlayerToSpawn	MoveSpawn
63852681297354	TASK_POSITION	ViveRoomspaceController	MoveSpawn	(49.2, 0.1, 74.9)
63852681297355	TASK_ROTATE	ViveRoomspaceController	MoveSpawn	(0.0, 0.0, 0.0)
63852681297382	TASK_END	MovePlayerToSpawn	MoveSpawn	31
63852681297383	TASK_START	ViewObjects	LM_ToggleObjects
63852681308600	TASK_END	ViewObjects	LM_ToggleObjects	11217
63852681308601	TASK_START	BlackoutWalking	LM_BlackoutPath
63852681312640	TASK_RESPONSE	Right Button Pressed	Response Time: 1.316452
63852681318317	TASK_END	BlackoutWalking	LM_BlackoutPath	9716
LandmarksTrialData:
--------------------
Timestamp	subID	trial	Room	Condition	moveItem	Repeat	Block	ObjectMovedIs	start	end	TargetObject	TarPos_x	TarPos_z	Start_SubPos_x	Start_SubPos_z	Delay_time	TargetReached	End_SubPos_x	End_SubPos_z	response	RT	
05/30/2024 3:55 PM	pilot03_3b	16	Room_74	walk	no	B	2	left	A	B	None	51.12089	75.04046	49.15532	75.11352	2.736657	True	51.1213	75.12833	Right	1.316452	
--------------------

63852681318321	LM_Output	TaskList
TaskListName	RepetitionNumber	CatchFlag
ViewpointTrials18False
63852681318323	TASK_START	Counter	LM_DummyCounter
63852681318349	TASK_END	Counter	LM_DummyCounter	26
63852681318350	TASK_START	BlockInstruction	InstructionsTaskViewpoint
63852681318351	INFO    skip task    BlockInstruction
63852681318379	TASK_END	BlockInstruction	InstructionsTaskViewpoint	28
63852681318381	TASK_START	MovePlayerToSpawn	MoveSpawn
63852681318382	TASK_POSITION	ViveRoomspaceController	MoveSpawn	(49.2, 0.1, 114.9)
63852681318383	TASK_ROTATE	ViveRoomspaceController	MoveSpawn	(0.0, 0.0, 0.0)
63852681318416	TASK_END	MovePlayerToSpawn	MoveSpawn	35
63852681318417	TASK_START	ViewObjects	LM_ToggleObjects
63852681331399	TASK_END	ViewObjects	LM_ToggleObjects	12982
63852681331401	TASK_START	BlackoutWalking	LM_BlackoutPath
63852681337052	TASK_RESPONSE	Right Button Pressed	Response Time: 3.068862
63852681341006	TASK_END	BlackoutWalking	LM_BlackoutPath	9605
LandmarksTrialData:
--------------------
Timestamp	subID	trial	Room	Condition	moveItem	Repeat	Block	ObjectMovedIs	start	end	TargetObject	TarPos_x	TarPos_z	Start_SubPos_x	Start_SubPos_z	Delay_time	TargetReached	End_SubPos_x	End_SubPos_z	response	RT	
05/30/2024 3:55 PM	pilot03_3b	17	Room_114	walk	yes	B	2	left	A	B	Lychee	51.1209	115.0405	49.19558	114.9971	2.610541	True	51.10143	115.1866	Right	3.068862	
--------------------

63852681341009	LM_Output	TaskList
TaskListName	RepetitionNumber	CatchFlag
ViewpointTrials19False
63852681341011	TASK_START	Counter	LM_DummyCounter
63852681341038	TASK_END	Counter	LM_DummyCounter	27
63852681341040	TASK_START	BlockInstruction	InstructionsTaskViewpoint
63852681341040	INFO    skip task    BlockInstruction
63852681341067	TASK_END	BlockInstruction	InstructionsTaskViewpoint	27
63852681341068	TASK_START	MovePlayerToSpawn	MoveSpawn
63852681341069	TASK_POSITION	ViveRoomspaceController	MoveSpawn	(89.2, 0.1, 84.9)
63852681341071	TASK_ROTATE	ViveRoomspaceController	MoveSpawn	(0.0, 0.0, 0.0)
63852681341105	TASK_END	MovePlayerToSpawn	MoveSpawn	37
63852681341106	TASK_START	ViewObjects	LM_ToggleObjects
63852681356320	TASK_END	ViewObjects	LM_ToggleObjects	15214
63852681356322	TASK_START	BlackoutWalking	LM_BlackoutPath
63852681361085	TASK_RESPONSE	Left Button Pressed	Response Time: 1.899769
63852681366206	TASK_END	BlackoutWalking	LM_BlackoutPath	9884
LandmarksTrialData:
--------------------
Timestamp	subID	trial	Room	Condition	moveItem	Repeat	Block	ObjectMovedIs	start	end	TargetObject	TarPos_x	TarPos_z	Start_SubPos_x	Start_SubPos_z	Delay_time	TargetReached	End_SubPos_x	End_SubPos_z	response	RT	
05/30/2024 3:55 PM	pilot03_3b	18	Room_88	walk	yes	B	2	left	A	B	Fig	91.1209	85.04046	89.22125	85.06438	2.901371	True	91.09115	85.1853	Left	1.899769	
--------------------

63852681366209	LM_Output	TaskList
TaskListName	RepetitionNumber	CatchFlag
ViewpointTrials20False
63852681366211	TASK_START	Counter	LM_DummyCounter
63852681366239	TASK_END	Counter	LM_DummyCounter	28
63852681366240	TASK_START	BlockInstruction	InstructionsTaskViewpoint
63852681366241	INFO    skip task    BlockInstruction
63852681366263	TASK_END	BlockInstruction	InstructionsTaskViewpoint	22
63852681366266	TASK_START	MovePlayerToSpawn	MoveSpawn
63852681366268	TASK_POSITION	ViveRoomspaceController	MoveSpawn	(71.1, 0.1, 115.0)
63852681366269	TASK_ROTATE	ViveRoomspaceController	MoveSpawn	(0.0, 0.0, 0.0)
63852681366295	TASK_END	MovePlayerToSpawn	MoveSpawn	30
63852681366296	TASK_START	ViewObjects	LM_ToggleObjects
63852681378843	TASK_END	ViewObjects	LM_ToggleObjects	12547
63852681378845	TASK_START	BlackoutWalking	LM_BlackoutPath
63852681383569	TASK_RESPONSE	Right Button Pressed	Response Time: 1.409953
63852681389185	TASK_END	BlackoutWalking	LM_BlackoutPath	10340
LandmarksTrialData:
--------------------
Timestamp	subID	trial	Room	Condition	moveItem	Repeat	Block	ObjectMovedIs	start	end	TargetObject	TarPos_x	TarPos_z	Start_SubPos_x	Start_SubPos_z	Delay_time	TargetReached	End_SubPos_x	End_SubPos_z	response	RT	
05/30/2024 3:56 PM	pilot03_3b	19	Room_116	walk	yes	B	2	left	B	A	GrandPiano_01	69.23045	114.8857	71.0386	115.1671	3.355968	True	69.37846	115.0597	Right	1.409953	
--------------------

63852681389189	LM_Output	TaskList
TaskListName	RepetitionNumber	CatchFlag
ViewpointTrials21False
63852681389191	TASK_START	Counter	LM_DummyCounter
63852681389209	TASK_END	Counter	LM_DummyCounter	18
63852681389210	TASK_START	BlockInstruction	InstructionsTaskViewpoint
63852681389211	INFO    skip task    BlockInstruction
63852681389230	TASK_END	BlockInstruction	InstructionsTaskViewpoint	19
63852681389231	TASK_START	MovePlayerToSpawn	MoveSpawn
63852681389233	TASK_POSITION	ViveRoomspaceController	MoveSpawn	(109.2, 0.1, 4.9)
63852681389235	TASK_ROTATE	ViveRoomspaceController	MoveSpawn	(0.0, 0.0, 0.0)
63852681389260	TASK_END	MovePlayerToSpawn	MoveSpawn	28
63852681389262	TASK_START	ViewObjects	LM_ToggleObjects
63852681401732	TASK_END	ViewObjects	LM_ToggleObjects	12470
63852681401733	TASK_START	BlackoutWalking	LM_BlackoutPath
63852681406840	TASK_RESPONSE	Right Button Pressed	Response Time: 2.15851
63852681411675	TASK_END	BlackoutWalking	LM_BlackoutPath	9941
LandmarksTrialData:
--------------------
Timestamp	subID	trial	Room	Condition	moveItem	Repeat	Block	ObjectMovedIs	start	end	TargetObject	TarPos_x	TarPos_z	Start_SubPos_x	Start_SubPos_z	Delay_time	TargetReached	End_SubPos_x	End_SubPos_z	response	RT	
05/30/2024 3:56 PM	pilot03_3b	20	Room_10	walk	no	B	2	left	A	B	None	111.1209	5.040458	109.2667	5.012856	2.951858	True	111.0759	5.085775	Right	2.15851	
--------------------

63852681411678	LM_Output	TaskList
TaskListName	RepetitionNumber	CatchFlag
ViewpointTrials22False
63852681411681	TASK_START	Counter	LM_DummyCounter
63852681411705	TASK_END	Counter	LM_DummyCounter	24
63852681411706	TASK_START	BlockInstruction	InstructionsTaskViewpoint
63852681411708	INFO    skip task    BlockInstruction
63852681411734	TASK_END	BlockInstruction	InstructionsTaskViewpoint	27
63852681411735	TASK_START	MovePlayerToSpawn	MoveSpawn
63852681411737	TASK_POSITION	ViveRoomspaceController	MoveSpawn	(101.1, 0.1, 55.0)
63852681411739	TASK_ROTATE	ViveRoomspaceController	MoveSpawn	(0.0, 0.0, 0.0)
63852681411770	TASK_END	MovePlayerToSpawn	MoveSpawn	35
63852681411772	TASK_START	ViewObjects	LM_ToggleObjects
63852681424045	TASK_END	ViewObjects	LM_ToggleObjects	12273
63852681424047	TASK_START	BlackoutWalking	LM_BlackoutPath
63852681428475	TASK_RESPONSE	Right Button Pressed	Response Time: 0.9691651
63852681434529	TASK_END	BlackoutWalking	LM_BlackoutPath	10482
LandmarksTrialData:
--------------------
Timestamp	subID	trial	Room	Condition	moveItem	Repeat	Block	ObjectMovedIs	start	end	TargetObject	TarPos_x	TarPos_z	Start_SubPos_x	Start_SubPos_z	Delay_time	TargetReached	End_SubPos_x	End_SubPos_z	response	RT	
05/30/2024 3:57 PM	pilot03_3b	21	Room_59	walk	no	B	2	left	B	A	None	99.23045	54.88569	101.1784	55.10683	3.481133	True	99.2697	55.15601	Right	0.9691651	
--------------------

63852681434532	LM_Output	TaskList
TaskListName	RepetitionNumber	CatchFlag
ViewpointTrials23False
63852681434535	TASK_START	Counter	LM_DummyCounter
63852681434561	TASK_END	Counter	LM_DummyCounter	26
63852681434562	TASK_START	BlockInstruction	InstructionsTaskViewpoint
63852681434563	INFO    skip task    BlockInstruction
63852681434583	TASK_END	BlockInstruction	InstructionsTaskViewpoint	21
63852681434584	TASK_START	MovePlayerToSpawn	MoveSpawn
63852681434585	TASK_POSITION	ViveRoomspaceController	MoveSpawn	(79.2, 0.1, 44.9)
63852681434587	TASK_ROTATE	ViveRoomspaceController	MoveSpawn	(0.0, 0.0, 0.0)
63852681434607	TASK_END	MovePlayerToSpawn	MoveSpawn	22
63852681434608	TASK_START	ViewObjects	LM_ToggleObjects
63852681446967	TASK_END	ViewObjects	LM_ToggleObjects	12359
63852681446968	TASK_START	BlackoutWalking	LM_BlackoutPath
63852681450566	TASK_RESPONSE	Right Button Pressed	Response Time: 0.8371154
63852681456753	TASK_END	BlackoutWalking	LM_BlackoutPath	9784
LandmarksTrialData:
--------------------
Timestamp	subID	trial	Room	Condition	moveItem	Repeat	Block	ObjectMovedIs	start	end	TargetObject	TarPos_x	TarPos_z	Start_SubPos_x	Start_SubPos_z	Delay_time	TargetReached	End_SubPos_x	End_SubPos_z	response	RT	
05/30/2024 3:57 PM	pilot03_3b	22	Room_47	walk	no	B	2	left	A	B	None	81.1209	45.04046	79.29444	44.90424	2.801577	True	81.12935	45.11727	Right	0.8371154	
--------------------

63852681456757	LM_Output	TaskList
TaskListName	RepetitionNumber	CatchFlag
ViewpointTrials24False
63852681456759	TASK_START	Counter	LM_DummyCounter
63852681456787	TASK_END	Counter	LM_DummyCounter	29
63852681456788	TASK_START	BlockInstruction	InstructionsTaskViewpoint
63852681456789	INFO    skip task    BlockInstruction
63852681456814	TASK_END	BlockInstruction	InstructionsTaskViewpoint	26
63852681456815	TASK_START	MovePlayerToSpawn	MoveSpawn
63852681456816	TASK_POSITION	ViveRoomspaceController	MoveSpawn	(21.1, 0.1, 25.0)
63852681456817	TASK_ROTATE	ViveRoomspaceController	MoveSpawn	(0.0, 0.0, 0.0)
63852681456849	TASK_END	MovePlayerToSpawn	MoveSpawn	34
63852681456850	TASK_START	ViewObjects	LM_ToggleObjects
63852681469335	TASK_END	ViewObjects	LM_ToggleObjects	12485
63852681469336	TASK_START	BlackoutWalking	LM_BlackoutPath
63852681478833	TASK_RESPONSE	Left Button Pressed	Response Time: 1.412785
63852681484425	TASK_END	BlackoutWalking	LM_BlackoutPath	15089
LandmarksTrialData:
--------------------
Timestamp	subID	trial	Room	Condition	moveItem	Repeat	Block	ObjectMovedIs	start	end	TargetObject	TarPos_x	TarPos_z	Start_SubPos_x	Start_SubPos_z	Delay_time	TargetReached	End_SubPos_x	End_SubPos_z	response	RT	
05/30/2024 3:57 PM	pilot03_3b	23	Room_21	walk	yes	B	2	left	B	A	SMGP_PRE_Jam_1024	19.23046	24.88269	21.01405	25.11043	8.115079	True	19.28893	25.15894	Left	1.412785	
--------------------

63852681484429	LM_Output	TaskList
TaskListName	RepetitionNumber	CatchFlag
ViewpointTrials25False
63852681484431	TASK_START	Counter	LM_DummyCounter
63852681484460	TASK_END	Counter	LM_DummyCounter	29
63852681484462	TASK_START	BlockInstruction	InstructionsTaskViewpoint
63852681484463	INFO    skip task    BlockInstruction
63852681484485	TASK_END	BlockInstruction	InstructionsTaskViewpoint	23
63852681484486	TASK_START	MovePlayerToSpawn	MoveSpawn
63852681484487	TASK_POSITION	ViveRoomspaceController	MoveSpawn	(39.2, 0.1, 114.9)
63852681484489	TASK_ROTATE	ViveRoomspaceController	MoveSpawn	(0.0, 0.0, 0.0)
63852681484517	TASK_END	MovePlayerToSpawn	MoveSpawn	31
63852681484518	TASK_START	ViewObjects	LM_ToggleObjects
63852681496937	TASK_END	ViewObjects	LM_ToggleObjects	12418
63852681496938	TASK_START	BlackoutWalking	LM_BlackoutPath
63852681500497	TASK_RESPONSE	Right Button Pressed	Response Time: 0.9022889
63852681506608	TASK_END	BlackoutWalking	LM_BlackoutPath	9670
LandmarksTrialData:
--------------------
Timestamp	subID	trial	Room	Condition	moveItem	Repeat	Block	ObjectMovedIs	start	end	TargetObject	TarPos_x	TarPos_z	Start_SubPos_x	Start_SubPos_z	Delay_time	TargetReached	End_SubPos_x	End_SubPos_z	response	RT	
05/30/2024 3:58 PM	pilot03_3b	24	Room_113	walk	no	B	2	left	A	B	None	41.1209	115.0405	39.32933	114.9025	2.684471	True	41.11218	115.0854	Right	0.9022889	
--------------------

63852681506610	LM_Output	TaskList
TaskListName	RepetitionNumber	CatchFlag
ViewpointTrials26False
63852681506614	TASK_START	Counter	LM_DummyCounter
63852681506639	TASK_END	Counter	LM_DummyCounter	26
63852681506641	TASK_START	BlockInstruction	InstructionsTaskViewpoint
63852681506642	INFO    skip task    BlockInstruction
63852681506673	TASK_END	BlockInstruction	InstructionsTaskViewpoint	32
63852681506674	TASK_START	MovePlayerToSpawn	MoveSpawn
63852681506676	TASK_POSITION	ViveRoomspaceController	MoveSpawn	(41.1, 0.1, 45.0)
63852681506678	TASK_ROTATE	ViveRoomspaceController	MoveSpawn	(0.0, 0.0, 0.0)
63852681506706	TASK_END	MovePlayerToSpawn	MoveSpawn	31
63852681506707	TASK_START	ViewObjects	LM_ToggleObjects
63852681518612	TASK_END	ViewObjects	LM_ToggleObjects	11905
63852681518613	TASK_START	BlackoutWalking	LM_BlackoutPath
63852681524411	TASK_RESPONSE	Right Button Pressed	Response Time: 2.376118
63852681529040	TASK_END	BlackoutWalking	LM_BlackoutPath	10426
LandmarksTrialData:
--------------------
Timestamp	subID	trial	Room	Condition	moveItem	Repeat	Block	ObjectMovedIs	start	end	TargetObject	TarPos_x	TarPos_z	Start_SubPos_x	Start_SubPos_z	Delay_time	TargetReached	End_SubPos_x	End_SubPos_z	response	RT	
05/30/2024 3:58 PM	pilot03_3b	25	Room_43	walk	yes	B	2	left	B	A	Table-1	39.23045	44.88569	41.00021	45.11147	3.449573	True	39.26022	45.10353	Right	2.376118	
--------------------

63852681529044	LM_Output	TaskList
TaskListName	RepetitionNumber	CatchFlag
ViewpointTrials27False
63852681529047	TASK_START	Counter	LM_DummyCounter
63852681529067	TASK_END	Counter	LM_DummyCounter	20
63852681529069	TASK_START	BlockInstruction	InstructionsTaskViewpoint
63852681529069	INFO    skip task    BlockInstruction
63852681529086	TASK_END	BlockInstruction	InstructionsTaskViewpoint	17
63852681529087	TASK_START	MovePlayerToSpawn	MoveSpawn
63852681529089	TASK_POSITION	ViveRoomspaceController	MoveSpawn	(21.1, 0.1, 75.0)
63852681529089	TASK_ROTATE	ViveRoomspaceController	MoveSpawn	(0.0, 0.0, 0.0)
63852681529108	TASK_END	MovePlayerToSpawn	MoveSpawn	21
63852681529109	TASK_START	ViewObjects	LM_ToggleObjects
63852681541047	TASK_END	ViewObjects	LM_ToggleObjects	11938
63852681541049	TASK_START	BlackoutWalking	LM_BlackoutPath
63852681546523	TASK_RESPONSE	Right Button Pressed	Response Time: 1.865195
63852681551663	TASK_END	BlackoutWalking	LM_BlackoutPath	10614
LandmarksTrialData:
--------------------
Timestamp	subID	trial	Room	Condition	moveItem	Repeat	Block	ObjectMovedIs	start	end	TargetObject	TarPos_x	TarPos_z	Start_SubPos_x	Start_SubPos_z	Delay_time	TargetReached	End_SubPos_x	End_SubPos_z	response	RT	
05/30/2024 3:59 PM	pilot03_3b	26	Room_71	walk	no	B	2	left	B	A	None	19.23046	74.88569	21.11756	75.14253	3.636707	True	19.25432	75.20245	Right	1.865195	
--------------------

63852681551668	LM_Output	TaskList
TaskListName	RepetitionNumber	CatchFlag
ViewpointTrials28False
63852681551670	TASK_START	Counter	LM_DummyCounter
63852681551692	TASK_END	Counter	LM_DummyCounter	21
63852681551693	TASK_START	BlockInstruction	InstructionsTaskViewpoint
63852681551694	INFO    skip task    BlockInstruction
63852681551712	TASK_END	BlockInstruction	InstructionsTaskViewpoint	19
63852681551713	TASK_START	MovePlayerToSpawn	MoveSpawn
63852681551715	TASK_POSITION	ViveRoomspaceController	MoveSpawn	(31.1, 0.1, 65.0)
63852681551717	TASK_ROTATE	ViveRoomspaceController	MoveSpawn	(0.0, 0.0, 0.0)
63852681551736	TASK_END	MovePlayerToSpawn	MoveSpawn	22
63852681551737	TASK_START	ViewObjects	LM_ToggleObjects
63852681564071	TASK_END	ViewObjects	LM_ToggleObjects	12335
63852681564072	TASK_START	BlackoutWalking	LM_BlackoutPath
63852681568944	TASK_RESPONSE	Left Button Pressed	Response Time: 1.332433
63852681574602	TASK_END	BlackoutWalking	LM_BlackoutPath	10530
LandmarksTrialData:
--------------------
Timestamp	subID	trial	Room	Condition	moveItem	Repeat	Block	ObjectMovedIs	start	end	TargetObject	TarPos_x	TarPos_z	Start_SubPos_x	Start_SubPos_z	Delay_time	TargetReached	End_SubPos_x	End_SubPos_z	response	RT	
05/30/2024 3:59 PM	pilot03_3b	27	Room_62	walk	yes	B	2	left	B	A	tank	29.23045	64.88569	31.12968	65.13464	3.555454	True	29.27499	65.18761	Left	1.332433	
--------------------

63852681574605	LM_Output	TaskList
TaskListName	RepetitionNumber	CatchFlag
ViewpointTrials29False
63852681574607	TASK_START	Counter	LM_DummyCounter
63852681574623	TASK_END	Counter	LM_DummyCounter	16
63852681574625	TASK_START	BlockInstruction	InstructionsTaskViewpoint
63852681574625	INFO    skip task    BlockInstruction
63852681574645	TASK_END	BlockInstruction	InstructionsTaskViewpoint	20
63852681574647	TASK_START	MovePlayerToSpawn	MoveSpawn
63852681574649	TASK_POSITION	ViveRoomspaceController	MoveSpawn	(41.1, 0.1, 85.0)
63852681574650	TASK_ROTATE	ViveRoomspaceController	MoveSpawn	(0.0, 0.0, 0.0)
63852681574665	TASK_END	MovePlayerToSpawn	MoveSpawn	18
63852681574666	TASK_START	ViewObjects	LM_ToggleObjects
63852681587125	TASK_END	ViewObjects	LM_ToggleObjects	12459
63852681587127	TASK_START	BlackoutWalking	LM_BlackoutPath
63852681591925	TASK_RESPONSE	Right Button Pressed	Response Time: 1.030741
63852681597905	TASK_END	BlackoutWalking	LM_BlackoutPath	10778
LandmarksTrialData:
--------------------
Timestamp	subID	trial	Room	Condition	moveItem	Repeat	Block	ObjectMovedIs	start	end	TargetObject	TarPos_x	TarPos_z	Start_SubPos_x	Start_SubPos_z	Delay_time	TargetReached	End_SubPos_x	End_SubPos_z	response	RT	
05/30/2024 3:59 PM	pilot03_3b	28	Room_83	walk	no	B	2	left	B	A	None	39.23045	84.8857	41.11449	85.09607	3.793999	True	39.31887	85.15879	Right	1.030741	
--------------------

63852681597909	LM_Output	TaskList
TaskListName	RepetitionNumber	CatchFlag
ViewpointTrials30False
63852681597911	TASK_START	Counter	LM_DummyCounter
63852681597931	TASK_END	Counter	LM_DummyCounter	20
63852681597933	TASK_START	BlockInstruction	InstructionsTaskViewpoint
63852681597934	INFO    skip task    BlockInstruction
63852681597953	TASK_END	BlockInstruction	InstructionsTaskViewpoint	21
63852681597954	TASK_START	MovePlayerToSpawn	MoveSpawn
63852681597956	TASK_POSITION	ViveRoomspaceController	MoveSpawn	(29.2, 0.1, 114.9)
63852681597957	TASK_ROTATE	ViveRoomspaceController	MoveSpawn	(0.0, 0.0, 0.0)
63852681597983	TASK_END	MovePlayerToSpawn	MoveSpawn	28
63852681597985	TASK_START	ViewObjects	LM_ToggleObjects
63852681610362	TASK_END	ViewObjects	LM_ToggleObjects	12377
63852681610364	TASK_START	BlackoutWalking	LM_BlackoutPath
63852681614036	TASK_RESPONSE	Right Button Pressed	Response Time: 1.065543
63852681619977	TASK_END	BlackoutWalking	LM_BlackoutPath	9613
LandmarksTrialData:
--------------------
Timestamp	subID	trial	Room	Condition	moveItem	Repeat	Block	ObjectMovedIs	start	end	TargetObject	TarPos_x	TarPos_z	Start_SubPos_x	Start_SubPos_z	Delay_time	TargetReached	End_SubPos_x	End_SubPos_z	response	RT	
05/30/2024 4:00 PM	pilot03_3b	29	Room_112	walk	no	B	2	left	A	B	None	31.1209	115.0405	29.25751	114.936	2.637593	True	31.04788	115.1504	Right	1.065543	
--------------------

63852681619981	LM_Output	TaskList
TaskListName	RepetitionNumber	CatchFlag
ViewpointTrials31False
63852681619982	TASK_START	Counter	LM_DummyCounter
63852681620002	TASK_END	Counter	LM_DummyCounter	19
63852681620002	TASK_START	BlockInstruction	InstructionsTaskViewpoint
63852681620003	INFO    skip task    BlockInstruction
63852681620029	TASK_END	BlockInstruction	InstructionsTaskViewpoint	26
63852681620030	TASK_START	MovePlayerToSpawn	MoveSpawn
63852681620032	TASK_POSITION	ViveRoomspaceController	MoveSpawn	(41.1, 0.1, 25.0)
63852681620033	TASK_ROTATE	ViveRoomspaceController	MoveSpawn	(0.0, 0.0, 0.0)
63852681620063	TASK_END	MovePlayerToSpawn	MoveSpawn	32
63852681620064	TASK_START	ViewObjects	LM_ToggleObjects
63852681632260	TASK_END	ViewObjects	LM_ToggleObjects	12195
63852681632261	TASK_START	BlackoutWalking	LM_BlackoutPath
63852681637469	TASK_RESPONSE	Left Button Pressed	Response Time: 1.775805
63852681642712	TASK_END	BlackoutWalking	LM_BlackoutPath	10450
LandmarksTrialData:
--------------------
Timestamp	subID	trial	Room	Condition	moveItem	Repeat	Block	ObjectMovedIs	start	end	TargetObject	TarPos_x	TarPos_z	Start_SubPos_x	Start_SubPos_z	Delay_time	TargetReached	End_SubPos_x	End_SubPos_z	response	RT	
05/30/2024 4:00 PM	pilot03_3b	30	Room_23	walk	yes	B	2	left	B	A	plant5 Variant	39.23045	24.88569	41.04163	25.1524	3.458123	True	39.27452	25.13747	Left	1.775805	
--------------------

63852681642715	LM_Output	TaskList
TaskListName	RepetitionNumber	CatchFlag
ViewpointTrials32False
63852681642717	TASK_START	Counter	LM_DummyCounter
63852681642745	TASK_END	Counter	LM_DummyCounter	28
63852681642746	TASK_START	BlockInstruction	InstructionsTaskViewpoint
63852681642747	INFO    skip task    BlockInstruction
63852681642782	TASK_END	BlockInstruction	InstructionsTaskViewpoint	35
63852681642783	TASK_START	MovePlayerToSpawn	MoveSpawn
63852681642784	TASK_POSITION	ViveRoomspaceController	MoveSpawn	(69.2, 0.1, 14.9)
63852681642786	TASK_ROTATE	ViveRoomspaceController	MoveSpawn	(0.0, 0.0, 0.0)
63852681642812	TASK_END	MovePlayerToSpawn	MoveSpawn	29
63852681642813	TASK_START	ViewObjects	LM_ToggleObjects
63852681654840	TASK_END	ViewObjects	LM_ToggleObjects	12026
63852681654842	TASK_START	BlackoutWalking	LM_BlackoutPath
63852681658791	TASK_RESPONSE	Left Button Pressed	Response Time: 1.372513
63852681664435	TASK_END	BlackoutWalking	LM_BlackoutPath	9593
LandmarksTrialData:
--------------------
Timestamp	subID	trial	Room	Condition	moveItem	Repeat	Block	ObjectMovedIs	start	end	TargetObject	TarPos_x	TarPos_z	Start_SubPos_x	Start_SubPos_z	Delay_time	TargetReached	End_SubPos_x	End_SubPos_z	response	RT	
05/30/2024 4:00 PM	pilot03_3b	31	Room_16	walk	yes	B	2	left	A	B	RFAIPP_Chair_6	71.1209	15.04046	69.26238	14.96397	2.605559	True	71.0065	15.20674	Left	1.372513	
--------------------

63852681664439	LM_Output	TaskList
TaskListName	RepetitionNumber	CatchFlag
ViewpointTrials33False
63852681664440	TASK_START	Counter	LM_DummyCounter
63852681664468	TASK_END	Counter	LM_DummyCounter	27
63852681664469	TASK_START	BlockInstruction	InstructionsTaskViewpoint
63852681668754	INPUT_EVENT    PlayerPressedActionButton    1
63852681668755	TASK_END	BlockInstruction	InstructionsTaskViewpoint	4285
63852681668756	TASK_START	MovePlayerToSpawn	MoveSpawn
63852681668758	TASK_POSITION	ViveRoomspaceController	MoveSpawn	(99.2, 0.1, 44.9)
63852681668759	TASK_ROTATE	ViveRoomspaceController	MoveSpawn	(0.0, 0.0, 0.0)
63852681668788	TASK_END	MovePlayerToSpawn	MoveSpawn	31
63852681668789	TASK_START	ViewObjects	LM_ToggleObjects
63852681681861	TASK_END	ViewObjects	LM_ToggleObjects	13070
63852681681863	TASK_START	BlackoutWalking	LM_BlackoutPath
63852681687887	TASK_RESPONSE	Left Button Pressed	Response Time: 2.001654
63852681692894	TASK_END	BlackoutWalking	LM_BlackoutPath	11032
LandmarksTrialData:
--------------------
Timestamp	subID	trial	Room	Condition	moveItem	Repeat	Block	ObjectMovedIs	start	end	TargetObject	TarPos_x	TarPos_z	Start_SubPos_x	Start_SubPos_z	Delay_time	TargetReached	End_SubPos_x	End_SubPos_z	response	RT	
05/30/2024 4:01 PM	pilot03_3b	32	Room_49	stay	yes	B	3	left	A	B	SMGP_PRE_Sugar_1024	99.23045	44.88569	99.20185	45.11609	4.060211	True	99.27621	45.17434	Left	2.001654	
--------------------

63852681692898	LM_Output	TaskList
TaskListName	RepetitionNumber	CatchFlag
ViewpointTrials34False
63852681692899	TASK_START	Counter	LM_DummyCounter
63852681692920	TASK_END	Counter	LM_DummyCounter	20
63852681692921	TASK_START	BlockInstruction	InstructionsTaskViewpoint
63852681692922	INFO    skip task    BlockInstruction
63852681692938	TASK_END	BlockInstruction	InstructionsTaskViewpoint	16
63852681692939	TASK_START	MovePlayerToSpawn	MoveSpawn
63852681692940	TASK_POSITION	ViveRoomspaceController	MoveSpawn	(89.2, 0.1, 94.9)
63852681692942	TASK_ROTATE	ViveRoomspaceController	MoveSpawn	(0.0, 0.0, 0.0)
63852681692963	TASK_END	MovePlayerToSpawn	MoveSpawn	24
63852681692965	TASK_START	ViewObjects	LM_ToggleObjects
63852681702863	TASK_END	ViewObjects	LM_ToggleObjects	9898
63852681702864	TASK_START	BlackoutWalking	LM_BlackoutPath
63852681710567	TASK_RESPONSE	Left Button Pressed	Response Time: 2.876722
63852681714693	TASK_END	BlackoutWalking	LM_BlackoutPath	11828
LandmarksTrialData:
--------------------
Timestamp	subID	trial	Room	Condition	moveItem	Repeat	Block	ObjectMovedIs	start	end	TargetObject	TarPos_x	TarPos_z	Start_SubPos_x	Start_SubPos_z	Delay_time	TargetReached	End_SubPos_x	End_SubPos_z	response	RT	
05/30/2024 4:01 PM	pilot03_3b	33	Room_98	stay	yes	B	3	left	A	B	Beet	89.22392	94.90723	89.20879	95.14526	4.835468	True	89.2529	95.11662	Left	2.876722	
--------------------

63852681714697	LM_Output	TaskList
TaskListName	RepetitionNumber	CatchFlag
ViewpointTrials35False
63852681714699	TASK_START	Counter	LM_DummyCounter
63852681714721	TASK_END	Counter	LM_DummyCounter	22
63852681714723	TASK_START	BlockInstruction	InstructionsTaskViewpoint
63852681714723	INFO    skip task    BlockInstruction
63852681714741	TASK_END	BlockInstruction	InstructionsTaskViewpoint	20
63852681714744	TASK_START	MovePlayerToSpawn	MoveSpawn
63852681714746	TASK_POSITION	ViveRoomspaceController	MoveSpawn	(49.2, 0.1, 84.9)
63852681714747	TASK_ROTATE	ViveRoomspaceController	MoveSpawn	(0.0, 0.0, 0.0)
63852681714765	TASK_END	MovePlayerToSpawn	MoveSpawn	21
63852681714766	TASK_START	ViewObjects	LM_ToggleObjects
63852681725102	TASK_END	ViewObjects	LM_ToggleObjects	10336
63852681725104	TASK_START	BlackoutWalking	LM_BlackoutPath
63852681731991	TASK_RESPONSE	Left Button Pressed	Response Time: 3.0475
63852681735955	TASK_END	BlackoutWalking	LM_BlackoutPath	10853
LandmarksTrialData:
--------------------
Timestamp	subID	trial	Room	Condition	moveItem	Repeat	Block	ObjectMovedIs	start	end	TargetObject	TarPos_x	TarPos_z	Start_SubPos_x	Start_SubPos_z	Delay_time	TargetReached	End_SubPos_x	End_SubPos_z	response	RT	
05/30/2024 4:02 PM	pilot03_3b	34	Room_84	stay	yes	B	3	left	A	B	Carambola	49.23045	84.8857	49.22085	85.08558	3.866554	True	49.31363	85.19727	Left	3.0475	
--------------------

63852681735959	LM_Output	TaskList
TaskListName	RepetitionNumber	CatchFlag
ViewpointTrials36False
63852681735961	TASK_START	Counter	LM_DummyCounter
63852681735979	TASK_END	Counter	LM_DummyCounter	18
63852681735980	TASK_START	BlockInstruction	InstructionsTaskViewpoint
63852681735981	INFO    skip task    BlockInstruction
63852681735999	TASK_END	BlockInstruction	InstructionsTaskViewpoint	18
63852681736000	TASK_START	MovePlayerToSpawn	MoveSpawn
63852681736002	TASK_POSITION	ViveRoomspaceController	MoveSpawn	(51.1, 0.1, 15.0)
63852681736003	TASK_ROTATE	ViveRoomspaceController	MoveSpawn	(0.0, 0.0, 0.0)
63852681736022	TASK_END	MovePlayerToSpawn	MoveSpawn	22
63852681736024	TASK_START	ViewObjects	LM_ToggleObjects
63852681745853	TASK_END	ViewObjects	LM_ToggleObjects	9829
63852681745854	TASK_START	BlackoutWalking	LM_BlackoutPath
63852681758063	TASK_RESPONSE	Right Button Pressed	Response Time: 1.677522
63852681763390	TASK_END	BlackoutWalking	LM_BlackoutPath	17536
LandmarksTrialData:
--------------------
Timestamp	subID	trial	Room	Condition	moveItem	Repeat	Block	ObjectMovedIs	start	end	TargetObject	TarPos_x	TarPos_z	Start_SubPos_x	Start_SubPos_z	Delay_time	TargetReached	End_SubPos_x	End_SubPos_z	response	RT	
05/30/2024 4:02 PM	pilot03_3b	35	Room_14	stay	no	B	3	left	B	A	None	51.1209	15.04045	51.01867	15.1955	10.57542	True	51.16692	15.19445	Right	1.677522	
--------------------

63852681763395	LM_Output	TaskList
TaskListName	RepetitionNumber	CatchFlag
ViewpointTrials37False
63852681763398	TASK_START	Counter	LM_DummyCounter
63852681763429	TASK_END	Counter	LM_DummyCounter	31
63852681763431	TASK_START	BlockInstruction	InstructionsTaskViewpoint
63852681763432	INFO    skip task    BlockInstruction
63852681763454	TASK_END	BlockInstruction	InstructionsTaskViewpoint	24
63852681763457	TASK_START	MovePlayerToSpawn	MoveSpawn
63852681763458	TASK_POSITION	ViveRoomspaceController	MoveSpawn	(19.2, 0.1, 84.9)
63852681763460	TASK_ROTATE	ViveRoomspaceController	MoveSpawn	(0.0, 0.0, 0.0)
63852681763488	TASK_END	MovePlayerToSpawn	MoveSpawn	31
63852681763489	TASK_START	ViewObjects	LM_ToggleObjects
63852681774144	TASK_END	ViewObjects	LM_ToggleObjects	10654
63852681774146	TASK_START	BlackoutWalking	LM_BlackoutPath
63852681782257	TASK_RESPONSE	Left Button Pressed	Response Time: 3.832201
63852681785434	TASK_END	BlackoutWalking	LM_BlackoutPath	11288
LandmarksTrialData:
--------------------
Timestamp	subID	trial	Room	Condition	moveItem	Repeat	Block	ObjectMovedIs	start	end	TargetObject	TarPos_x	TarPos_z	Start_SubPos_x	Start_SubPos_z	Delay_time	TargetReached	End_SubPos_x	End_SubPos_z	response	RT	
05/30/2024 4:02 PM	pilot03_3b	36	Room_81	stay	yes	B	3	left	A	B	Potato on a stick	19.23045	84.88569	19.32095	85.02402	4.322503	True	19.24286	85.1514	Left	3.832201	
--------------------

63852681785439	LM_Output	TaskList
TaskListName	RepetitionNumber	CatchFlag
ViewpointTrials38False
63852681785441	TASK_START	Counter	LM_DummyCounter
63852681785466	TASK_END	Counter	LM_DummyCounter	25
63852681785467	TASK_START	BlockInstruction	InstructionsTaskViewpoint
63852681785468	INFO    skip task    BlockInstruction
63852681785489	TASK_END	BlockInstruction	InstructionsTaskViewpoint	22
63852681785490	TASK_START	MovePlayerToSpawn	MoveSpawn
63852681785492	TASK_POSITION	ViveRoomspaceController	MoveSpawn	(81.1, 0.1, 5.0)
63852681785493	TASK_ROTATE	ViveRoomspaceController	MoveSpawn	(0.0, 0.0, 0.0)
63852681785511	TASK_END	MovePlayerToSpawn	MoveSpawn	20
63852681785512	TASK_START	ViewObjects	LM_ToggleObjects
63852681795806	TASK_END	ViewObjects	LM_ToggleObjects	10294
63852681795808	TASK_START	BlackoutWalking	LM_BlackoutPath
63852681802228	TASK_RESPONSE	Right Button Pressed	Response Time: 2.060686
63852681807178	TASK_END	BlackoutWalking	LM_BlackoutPath	11370
LandmarksTrialData:
--------------------
Timestamp	subID	trial	Room	Condition	moveItem	Repeat	Block	ObjectMovedIs	start	end	TargetObject	TarPos_x	TarPos_z	Start_SubPos_x	Start_SubPos_z	Delay_time	TargetReached	End_SubPos_x	End_SubPos_z	response	RT	
05/30/2024 4:03 PM	pilot03_3b	37	Room_7	stay	no	B	3	left	B	A	None	81.1209	5.040456	81.04765	5.039125	4.392861	True	81.05248	5.293166	Right	2.060686	
--------------------

63852681807181	LM_Output	TaskList
TaskListName	RepetitionNumber	CatchFlag
ViewpointTrials39False
63852681807183	TASK_START	Counter	LM_DummyCounter
63852681807210	TASK_END	Counter	LM_DummyCounter	26
63852681807211	TASK_START	BlockInstruction	InstructionsTaskViewpoint
63852681807213	INFO    skip task    BlockInstruction
63852681807235	TASK_END	BlockInstruction	InstructionsTaskViewpoint	23
63852681807236	TASK_START	MovePlayerToSpawn	MoveSpawn
63852681807237	TASK_POSITION	ViveRoomspaceController	MoveSpawn	(19.2, 0.1, 44.9)
63852681807239	TASK_ROTATE	ViveRoomspaceController	MoveSpawn	(0.0, 0.0, 0.0)
63852681807277	TASK_END	MovePlayerToSpawn	MoveSpawn	41
63852681807278	TASK_START	ViewObjects	LM_ToggleObjects
63852681817316	TASK_END	ViewObjects	LM_ToggleObjects	10037
63852681817317	TASK_START	BlackoutWalking	LM_BlackoutPath
63852681823171	TASK_RESPONSE	Right Button Pressed	Response Time: 1.742769
63852681828437	TASK_END	BlackoutWalking	LM_BlackoutPath	11119
LandmarksTrialData:
--------------------
Timestamp	subID	trial	Room	Condition	moveItem	Repeat	Block	ObjectMovedIs	start	end	TargetObject	TarPos_x	TarPos_z	Start_SubPos_x	Start_SubPos_z	Delay_time	TargetReached	End_SubPos_x	End_SubPos_z	response	RT	
05/30/2024 4:03 PM	pilot03_3b	38	Room_41	stay	no	B	3	left	A	B	None	19.23046	44.88569	19.26212	45.00912	4.141249	True	19.21861	45.06583	Right	1.742769	
--------------------

63852681828441	LM_Output	TaskList
TaskListName	RepetitionNumber	CatchFlag
ViewpointTrials40False
63852681828442	TASK_START	Counter	LM_DummyCounter
63852681828472	TASK_END	Counter	LM_DummyCounter	30
63852681828473	TASK_START	BlockInstruction	InstructionsTaskViewpoint
63852681828474	INFO    skip task    BlockInstruction
63852681828508	TASK_END	BlockInstruction	InstructionsTaskViewpoint	34
63852681828509	TASK_START	MovePlayerToSpawn	MoveSpawn
63852681828511	TASK_POSITION	ViveRoomspaceController	MoveSpawn	(71.1, 0.1, 75.0)
63852681828512	TASK_ROTATE	ViveRoomspaceController	MoveSpawn	(0.0, 0.0, 0.0)
63852681828544	TASK_END	MovePlayerToSpawn	MoveSpawn	35
63852681828546	TASK_START	ViewObjects	LM_ToggleObjects
63852681838876	TASK_END	ViewObjects	LM_ToggleObjects	10330
63852681838877	TASK_START	BlackoutWalking	LM_BlackoutPath
63852681845118	TASK_RESPONSE	Left Button Pressed	Response Time: 1.565976
63852681850560	TASK_END	BlackoutWalking	LM_BlackoutPath	11683
LandmarksTrialData:
--------------------
Timestamp	subID	trial	Room	Condition	moveItem	Repeat	Block	ObjectMovedIs	start	end	TargetObject	TarPos_x	TarPos_z	Start_SubPos_x	Start_SubPos_z	Delay_time	TargetReached	End_SubPos_x	End_SubPos_z	response	RT	
05/30/2024 4:03 PM	pilot03_3b	39	Room_76	stay	yes	B	3	left	B	A	pot5	71.1209	75.04046	71.08411	75.11517	4.693266	True	71.12196	75.15407	Left	1.565976	
--------------------

63852681850564	LM_Output	TaskList
TaskListName	RepetitionNumber	CatchFlag
ViewpointTrials41False
63852681850566	TASK_START	Counter	LM_DummyCounter
63852681850586	TASK_END	Counter	LM_DummyCounter	20
63852681850588	TASK_START	BlockInstruction	InstructionsTaskViewpoint
63852681850589	INFO    skip task    BlockInstruction
63852681850610	TASK_END	BlockInstruction	InstructionsTaskViewpoint	22
63852681850611	TASK_START	MovePlayerToSpawn	MoveSpawn
63852681850613	TASK_POSITION	ViveRoomspaceController	MoveSpawn	(109.2, 0.1, 54.9)
63852681850614	TASK_ROTATE	ViveRoomspaceController	MoveSpawn	(0.0, 0.0, 0.0)
63852681850634	TASK_END	MovePlayerToSpawn	MoveSpawn	22
63852681850636	TASK_START	ViewObjects	LM_ToggleObjects
63852681861221	TASK_END	ViewObjects	LM_ToggleObjects	10585
63852681861222	TASK_START	BlackoutWalking	LM_BlackoutPath
63852681867390	TASK_RESPONSE	Right Button Pressed	Response Time: 1.700937
63852681872695	TASK_END	BlackoutWalking	LM_BlackoutPath	11471
LandmarksTrialData:
--------------------
Timestamp	subID	trial	Room	Condition	moveItem	Repeat	Block	ObjectMovedIs	start	end	TargetObject	TarPos_x	TarPos_z	Start_SubPos_x	Start_SubPos_z	Delay_time	TargetReached	End_SubPos_x	End_SubPos_z	response	RT	
05/30/2024 4:04 PM	pilot03_3b	40	Room_60	stay	no	B	3	left	A	B	None	109.2305	54.88569	109.1932	54.95572	4.490502	True	109.2685	55.08356	Right	1.700937	
--------------------

63852681872698	LM_Output	TaskList
TaskListName	RepetitionNumber	CatchFlag
ViewpointTrials42False
63852681872700	TASK_START	Counter	LM_DummyCounter
63852681872721	TASK_END	Counter	LM_DummyCounter	21
63852681872722	TASK_START	BlockInstruction	InstructionsTaskViewpoint
63852681872723	INFO    skip task    BlockInstruction
63852681872739	TASK_END	BlockInstruction	InstructionsTaskViewpoint	17
63852681872741	TASK_START	MovePlayerToSpawn	MoveSpawn
63852681872742	TASK_POSITION	ViveRoomspaceController	MoveSpawn	(21.1, 0.1, 115.0)
63852681872744	TASK_ROTATE	ViveRoomspaceController	MoveSpawn	(0.0, 0.0, 0.0)
63852681872764	TASK_END	MovePlayerToSpawn	MoveSpawn	23
63852681872764	TASK_START	ViewObjects	LM_ToggleObjects
63852681883021	TASK_END	ViewObjects	LM_ToggleObjects	10256
63852681883023	TASK_START	BlackoutWalking	LM_BlackoutPath
63852681889797	TASK_RESPONSE	Right Button Pressed	Response Time: 2.293326
63852681894539	TASK_END	BlackoutWalking	LM_BlackoutPath	11516
LandmarksTrialData:
--------------------
Timestamp	subID	trial	Room	Condition	moveItem	Repeat	Block	ObjectMovedIs	start	end	TargetObject	TarPos_x	TarPos_z	Start_SubPos_x	Start_SubPos_z	Delay_time	TargetReached	End_SubPos_x	End_SubPos_z	response	RT	
05/30/2024 4:04 PM	pilot03_3b	41	Room_111	stay	no	B	3	left	B	A	None	21.12089	115.0405	21.11416	115.1462	4.507109	True	21.10446	115.2197	Right	2.293326	
--------------------

63852681894543	LM_Output	TaskList
TaskListName	RepetitionNumber	CatchFlag
ViewpointTrials43False
63852681894545	TASK_START	Counter	LM_DummyCounter
63852681894573	TASK_END	Counter	LM_DummyCounter	28
63852681894574	TASK_START	BlockInstruction	InstructionsTaskViewpoint
63852681894575	INFO    skip task    BlockInstruction
63852681894599	TASK_END	BlockInstruction	InstructionsTaskViewpoint	24
63852681894600	TASK_START	MovePlayerToSpawn	MoveSpawn
63852681894602	TASK_POSITION	ViveRoomspaceController	MoveSpawn	(101.1, 0.1, 115.0)
63852681894603	TASK_ROTATE	ViveRoomspaceController	MoveSpawn	(0.0, 0.0, 0.0)
63852681894636	TASK_END	MovePlayerToSpawn	MoveSpawn	35
63852681894637	TASK_START	ViewObjects	LM_ToggleObjects
63852681904822	TASK_END	ViewObjects	LM_ToggleObjects	10185
63852681904824	TASK_START	BlackoutWalking	LM_BlackoutPath
63852681910642	TASK_RESPONSE	Right Button Pressed	Response Time: 1.591169
63852681916070	TASK_END	BlackoutWalking	LM_BlackoutPath	11246
LandmarksTrialData:
--------------------
Timestamp	subID	trial	Room	Condition	moveItem	Repeat	Block	ObjectMovedIs	start	end	TargetObject	TarPos_x	TarPos_z	Start_SubPos_x	Start_SubPos_z	Delay_time	TargetReached	End_SubPos_x	End_SubPos_z	response	RT	
05/30/2024 4:05 PM	pilot03_3b	42	Room_119	stay	no	B	3	left	B	A	None	101.1209	115.0405	101.1366	115.147	4.272005	True	101.1619	115.2162	Right	1.591169	
--------------------

63852681916074	LM_Output	TaskList
TaskListName	RepetitionNumber	CatchFlag
ViewpointTrials44False
63852681916076	TASK_START	Counter	LM_DummyCounter
63852681916104	TASK_END	Counter	LM_DummyCounter	28
63852681916106	TASK_START	BlockInstruction	InstructionsTaskViewpoint
63852681916107	INFO    skip task    BlockInstruction
63852681916135	TASK_END	BlockInstruction	InstructionsTaskViewpoint	29
63852681916137	TASK_START	MovePlayerToSpawn	MoveSpawn
63852681916138	TASK_POSITION	ViveRoomspaceController	MoveSpawn	(21.1, 0.1, 105.0)
63852681916139	TASK_ROTATE	ViveRoomspaceController	MoveSpawn	(0.0, 0.0, 0.0)
63852681916162	TASK_END	MovePlayerToSpawn	MoveSpawn	25
63852681916163	TASK_START	ViewObjects	LM_ToggleObjects
63852681926266	TASK_END	ViewObjects	LM_ToggleObjects	10103
63852681926268	TASK_START	BlackoutWalking	LM_BlackoutPath
63852681932377	TASK_RESPONSE	Left Button Pressed	Response Time: 1.705227
63852681937695	TASK_END	BlackoutWalking	LM_BlackoutPath	11427
LandmarksTrialData:
--------------------
Timestamp	subID	trial	Room	Condition	moveItem	Repeat	Block	ObjectMovedIs	start	end	TargetObject	TarPos_x	TarPos_z	Start_SubPos_x	Start_SubPos_z	Delay_time	TargetReached	End_SubPos_x	End_SubPos_z	response	RT	
05/30/2024 4:05 PM	pilot03_3b	43	Room_101	stay	yes	B	3	left	B	A	Corn	21.12089	105.0405	21.05869	105.0494	4.441968	True	21.1376	105.2866	Left	1.705227	
--------------------

63852681937700	LM_Output	TaskList
TaskListName	RepetitionNumber	CatchFlag
ViewpointTrials45False
63852681937704	TASK_START	Counter	LM_DummyCounter
63852681937735	TASK_END	Counter	LM_DummyCounter	31
63852681937736	TASK_START	BlockInstruction	InstructionsTaskViewpoint
63852681937738	INFO    skip task    BlockInstruction
63852681937762	TASK_END	BlockInstruction	InstructionsTaskViewpoint	26
63852681937765	TASK_START	MovePlayerToSpawn	MoveSpawn
63852681937767	TASK_POSITION	ViveRoomspaceController	MoveSpawn	(111.1, 0.1, 85.0)
63852681937768	TASK_ROTATE	ViveRoomspaceController	MoveSpawn	(0.0, 0.0, 0.0)
63852681937796	TASK_END	MovePlayerToSpawn	MoveSpawn	32
63852681937798	TASK_START	ViewObjects	LM_ToggleObjects
63852681947772	TASK_END	ViewObjects	LM_ToggleObjects	9974
63852681947774	TASK_START	BlackoutWalking	LM_BlackoutPath
63852681952858	TASK_RESPONSE	Right Button Pressed	Response Time: 1.109559
63852681958774	TASK_END	BlackoutWalking	LM_BlackoutPath	11000
LandmarksTrialData:
--------------------
Timestamp	subID	trial	Room	Condition	moveItem	Repeat	Block	ObjectMovedIs	start	end	TargetObject	TarPos_x	TarPos_z	Start_SubPos_x	Start_SubPos_z	Delay_time	TargetReached	End_SubPos_x	End_SubPos_z	response	RT	
05/30/2024 4:05 PM	pilot03_3b	44	Room_90	stay	no	B	3	left	B	A	None	111.1209	85.04046	111.1023	85.13765	4.013721	True	111.1136	85.24735	Right	1.109559	
--------------------

63852681958778	LM_Output	TaskList
TaskListName	RepetitionNumber	CatchFlag
ViewpointTrials46False
63852681958780	TASK_START	Counter	LM_DummyCounter
63852681958808	TASK_END	Counter	LM_DummyCounter	28
63852681958809	TASK_START	BlockInstruction	InstructionsTaskViewpoint
63852681958810	INFO    skip task    BlockInstruction
63852681958836	TASK_END	BlockInstruction	InstructionsTaskViewpoint	27
63852681958838	TASK_START	MovePlayerToSpawn	MoveSpawn
63852681958840	TASK_POSITION	ViveRoomspaceController	MoveSpawn	(29.2, 0.1, 104.9)
63852681958841	TASK_ROTATE	ViveRoomspaceController	MoveSpawn	(0.0, 0.0, 0.0)
63852681958866	TASK_END	MovePlayerToSpawn	MoveSpawn	28
63852681958867	TASK_START	ViewObjects	LM_ToggleObjects
63852681968935	TASK_END	ViewObjects	LM_ToggleObjects	10066
63852681968937	TASK_START	BlackoutWalking	LM_BlackoutPath
63852681974347	TASK_RESPONSE	Right Button Pressed	Response Time: 1.193999
63852681980155	TASK_END	BlackoutWalking	LM_BlackoutPath	11218
LandmarksTrialData:
--------------------
Timestamp	subID	trial	Room	Condition	moveItem	Repeat	Block	ObjectMovedIs	start	end	TargetObject	TarPos_x	TarPos_z	Start_SubPos_x	Start_SubPos_z	Delay_time	TargetReached	End_SubPos_x	End_SubPos_z	response	RT	
05/30/2024 4:06 PM	pilot03_3b	45	Room_102	stay	no	B	3	left	A	B	None	29.23046	104.8857	29.23121	104.9588	4.252738	True	29.22281	105.1371	Right	1.193999	
--------------------

63852681980159	LM_Output	TaskList
TaskListName	RepetitionNumber	CatchFlag
ViewpointTrials47False
63852681980162	TASK_START	Counter	LM_DummyCounter
63852681980183	TASK_END	Counter	LM_DummyCounter	22
63852681980184	TASK_START	BlockInstruction	InstructionsTaskViewpoint
63852681980185	INFO    skip task    BlockInstruction
63852681980202	TASK_END	BlockInstruction	InstructionsTaskViewpoint	17
63852681980203	TASK_START	MovePlayerToSpawn	MoveSpawn
63852681980205	TASK_POSITION	ViveRoomspaceController	MoveSpawn	(81.1, 0.1, 95.0)
63852681980207	TASK_ROTATE	ViveRoomspaceController	MoveSpawn	(0.0, 0.0, 0.0)
63852681980228	TASK_END	MovePlayerToSpawn	MoveSpawn	25
63852681980230	TASK_START	ViewObjects	LM_ToggleObjects
63852681990638	TASK_END	ViewObjects	LM_ToggleObjects	10408
63852681990639	TASK_START	BlackoutWalking	LM_BlackoutPath
63852681998375	TASK_RESPONSE	Right Button Pressed	Response Time: 3.193696
63852682002177	TASK_END	BlackoutWalking	LM_BlackoutPath	11538
LandmarksTrialData:
--------------------
Timestamp	subID	trial	Room	Condition	moveItem	Repeat	Block	ObjectMovedIs	start	end	TargetObject	TarPos_x	TarPos_z	Start_SubPos_x	Start_SubPos_z	Delay_time	TargetReached	End_SubPos_x	End_SubPos_z	response	RT	
05/30/2024 4:06 PM	pilot03_3b	46	Room_97	stay	yes	B	3	left	B	A	Drum_01	81.1209	95.04046	81.08228	95.13148	4.567721	True	81.18578	95.17077	Right	3.193696	
--------------------

63852682002182	LM_Output	TaskList
TaskListName	RepetitionNumber	CatchFlag
ViewpointTrials48False
63852682002185	TASK_START	Counter	LM_DummyCounter
63852682002214	TASK_END	Counter	LM_DummyCounter	29
63852682002215	TASK_START	BlockInstruction	InstructionsTaskViewpoint
63852682002217	INFO    skip task    BlockInstruction
63852682002234	TASK_END	BlockInstruction	InstructionsTaskViewpoint	18
63852682002235	TASK_START	MovePlayerToSpawn	MoveSpawn
63852682002236	TASK_POSITION	ViveRoomspaceController	MoveSpawn	(89.2, 0.1, 114.9)
63852682002238	TASK_ROTATE	ViveRoomspaceController	MoveSpawn	(0.0, 0.0, 0.0)
63852682002257	TASK_END	MovePlayerToSpawn	MoveSpawn	22
63852682002258	TASK_START	ViewObjects	LM_ToggleObjects
63852682012902	TASK_END	ViewObjects	LM_ToggleObjects	10645
63852682012904	TASK_START	BlackoutWalking	LM_BlackoutPath
63852682020257	TASK_RESPONSE	Left Button Pressed	Response Time: 3.071609
63852682024192	TASK_END	BlackoutWalking	LM_BlackoutPath	11288
LandmarksTrialData:
--------------------
Timestamp	subID	trial	Room	Condition	moveItem	Repeat	Block	ObjectMovedIs	start	end	TargetObject	TarPos_x	TarPos_z	Start_SubPos_x	Start_SubPos_z	Delay_time	TargetReached	End_SubPos_x	End_SubPos_z	response	RT	
05/30/2024 4:06 PM	pilot03_3b	47	Room_118	stay	yes	B	3	left	A	B	WateringCan_01	89.23045	114.8857	89.22196	114.9553	4.306567	True	89.29263	115.0877	Left	3.071609	
--------------------

63852682024195	LM_Output	TaskList
TaskListName	RepetitionNumber	CatchFlag
ViewpointTrials49False
63852682024197	TASK_START	Counter	LM_DummyCounter
63852682024221	TASK_END	Counter	LM_DummyCounter	24
63852682024223	TASK_START	BlockInstruction	InstructionsTaskViewpoint
63852682026579	INPUT_EVENT    PlayerPressedActionButton    1
63852682026581	TASK_END	BlockInstruction	InstructionsTaskViewpoint	2359
63852682026582	TASK_START	MovePlayerToSpawn	MoveSpawn
63852682026584	TASK_POSITION	ViveRoomspaceController	MoveSpawn	(38.9, 0.1, 15.1)
63852682026585	TASK_ROTATE	ViveRoomspaceController	MoveSpawn	(0.0, 0.0, 0.0)
63852682026611	TASK_END	MovePlayerToSpawn	MoveSpawn	28
63852682026612	TASK_START	ViewObjects	LM_ToggleObjects
63852682037104	TASK_END	ViewObjects	LM_ToggleObjects	10492
63852682037106	TASK_START	BlackoutWalking	LM_BlackoutPath
63852682041027	TASK_RESPONSE	Left Button Pressed	Response Time: 1.309241
63852682046734	TASK_END	BlackoutWalking	LM_BlackoutPath	9627
LandmarksTrialData:
--------------------
Timestamp	subID	trial	Room	Condition	moveItem	Repeat	Block	ObjectMovedIs	start	end	TargetObject	TarPos_x	TarPos_z	Start_SubPos_x	Start_SubPos_z	Delay_time	TargetReached	End_SubPos_x	End_SubPos_z	response	RT	
05/30/2024 4:07 PM	pilot03_3b	48	Room_13	walk	yes	B	4	left	A	B	SHEEP	40.7636	14.87559	38.91927	15.19668	2.633728	True	40.73353	15.06406	Left	1.309241	
--------------------

63852682046737	LM_Output	TaskList
TaskListName	RepetitionNumber	CatchFlag
ViewpointTrials50False
63852682046739	TASK_START	Counter	LM_DummyCounter
63852682046768	TASK_END	Counter	LM_DummyCounter	29
63852682046769	TASK_START	BlockInstruction	InstructionsTaskViewpoint
63852682046770	INFO    skip task    BlockInstruction
63852682046792	TASK_END	BlockInstruction	InstructionsTaskViewpoint	22
63852682046793	TASK_START	MovePlayerToSpawn	MoveSpawn
63852682046795	TASK_POSITION	ViveRoomspaceController	MoveSpawn	(59.2, 0.1, 74.9)
63852682046796	TASK_ROTATE	ViveRoomspaceController	MoveSpawn	(0.0, 0.0, 0.0)
63852682046823	TASK_END	MovePlayerToSpawn	MoveSpawn	30
63852682046824	TASK_START	ViewObjects	LM_ToggleObjects
63852682059442	TASK_END	ViewObjects	LM_ToggleObjects	12618
63852682059443	TASK_START	BlackoutWalking	LM_BlackoutPath
63852682063070	TASK_RESPONSE	Right Button Pressed	Response Time: 0.8219548
63852682069257	TASK_END	BlackoutWalking	LM_BlackoutPath	9813
LandmarksTrialData:
--------------------
Timestamp	subID	trial	Room	Condition	moveItem	Repeat	Block	ObjectMovedIs	start	end	TargetObject	TarPos_x	TarPos_z	Start_SubPos_x	Start_SubPos_z	Delay_time	TargetReached	End_SubPos_x	End_SubPos_z	response	RT	
05/30/2024 4:07 PM	pilot03_3b	49	Room_75	walk	no	B	4	left	A	B	None	61.1209	75.04046	59.21618	74.99594	2.841618	True	61.02748	75.12947	Right	0.8219548	
--------------------

63852682069260	LM_Output	TaskList
TaskListName	RepetitionNumber	CatchFlag
ViewpointTrials51False
63852682069263	TASK_START	Counter	LM_DummyCounter
63852682069291	TASK_END	Counter	LM_DummyCounter	28
63852682069292	TASK_START	BlockInstruction	InstructionsTaskViewpoint
63852682069293	INFO    skip task    BlockInstruction
63852682069318	TASK_END	BlockInstruction	InstructionsTaskViewpoint	25
63852682069319	TASK_START	MovePlayerToSpawn	MoveSpawn
63852682069320	TASK_POSITION	ViveRoomspaceController	MoveSpawn	(21.1, 0.1, 35.0)
63852682069322	TASK_ROTATE	ViveRoomspaceController	MoveSpawn	(0.0, 0.0, 0.0)
63852682069346	TASK_END	MovePlayerToSpawn	MoveSpawn	27
63852682069348	TASK_START	ViewObjects	LM_ToggleObjects
63852682081622	TASK_END	ViewObjects	LM_ToggleObjects	12274
63852682081624	TASK_START	BlackoutWalking	LM_BlackoutPath
63852682086449	TASK_RESPONSE	Left Button Pressed	Response Time: 0.9975752
63852682092458	TASK_END	BlackoutWalking	LM_BlackoutPath	10833
LandmarksTrialData:
--------------------
Timestamp	subID	trial	Room	Condition	moveItem	Repeat	Block	ObjectMovedIs	start	end	TargetObject	TarPos_x	TarPos_z	Start_SubPos_x	Start_SubPos_z	Delay_time	TargetReached	End_SubPos_x	End_SubPos_z	response	RT	
05/30/2024 4:08 PM	pilot03_3b	50	Room_31	walk	yes	B	4	left	B	A	Lamp	19.23046	34.88569	21.06966	35.08077	3.845892	True	19.28486	35.20658	Left	0.9975752	
--------------------

63852682092462	LM_Output	TaskList
TaskListName	RepetitionNumber	CatchFlag
ViewpointTrials52False
63852682092464	TASK_START	Counter	LM_DummyCounter
63852682092491	TASK_END	Counter	LM_DummyCounter	26
63852682092492	TASK_START	BlockInstruction	InstructionsTaskViewpoint
63852682092493	INFO    skip task    BlockInstruction
63852682092520	TASK_END	BlockInstruction	InstructionsTaskViewpoint	27
63852682092521	TASK_START	MovePlayerToSpawn	MoveSpawn
63852682092523	TASK_POSITION	ViveRoomspaceController	MoveSpawn	(39.2, 0.1, 74.9)
63852682092524	TASK_ROTATE	ViveRoomspaceController	MoveSpawn	(0.0, 0.0, 0.0)
63852682092556	TASK_END	MovePlayerToSpawn	MoveSpawn	35
63852682092558	TASK_START	ViewObjects	LM_ToggleObjects
63852682104306	TASK_END	ViewObjects	LM_ToggleObjects	11748
63852682104308	TASK_START	BlackoutWalking	LM_BlackoutPath
63852682109107	TASK_RESPONSE	Right Button Pressed	Response Time: 2.206867
63852682113907	TASK_END	BlackoutWalking	LM_BlackoutPath	9599
LandmarksTrialData:
--------------------
Timestamp	subID	trial	Room	Condition	moveItem	Repeat	Block	ObjectMovedIs	start	end	TargetObject	TarPos_x	TarPos_z	Start_SubPos_x	Start_SubPos_z	Delay_time	TargetReached	End_SubPos_x	End_SubPos_z	response	RT	
05/30/2024 4:08 PM	pilot03_3b	51	Room_73	walk	no	B	4	left	A	B	None	41.1209	75.04046	39.27309	74.9121	2.615244	True	41.03521	75.22665	Right	2.206867	
--------------------

63852682113911	LM_Output	TaskList
TaskListName	RepetitionNumber	CatchFlag
ViewpointTrials53False
63852682113913	TASK_START	Counter	LM_DummyCounter
63852682113942	TASK_END	Counter	LM_DummyCounter	29
63852682113943	TASK_START	BlockInstruction	InstructionsTaskViewpoint
63852682113944	INFO    skip task    BlockInstruction
63852682113969	TASK_END	BlockInstruction	InstructionsTaskViewpoint	26
63852682113972	TASK_START	MovePlayerToSpawn	MoveSpawn
63852682113973	TASK_POSITION	ViveRoomspaceController	MoveSpawn	(101.1, 0.1, 85.0)
63852682113974	TASK_ROTATE	ViveRoomspaceController	MoveSpawn	(0.0, 0.0, 0.0)
63852682114002	TASK_END	MovePlayerToSpawn	MoveSpawn	30
63852682114004	TASK_START	ViewObjects	LM_ToggleObjects
63852682126562	TASK_END	ViewObjects	LM_ToggleObjects	12558
63852682126563	TASK_START	BlackoutWalking	LM_BlackoutPath
63852682130585	TASK_RESPONSE	Right Button Pressed	Response Time: 0.6025774
63852682136985	TASK_END	BlackoutWalking	LM_BlackoutPath	10421
LandmarksTrialData:
--------------------
Timestamp	subID	trial	Room	Condition	moveItem	Repeat	Block	ObjectMovedIs	start	end	TargetObject	TarPos_x	TarPos_z	Start_SubPos_x	Start_SubPos_z	Delay_time	TargetReached	End_SubPos_x	End_SubPos_z	response	RT	
05/30/2024 4:08 PM	pilot03_3b	52	Room_89	walk	no	B	4	left	B	A	None	99.23045	84.8857	101.0866	85.079	3.450351	True	99.25639	85.17123	Right	0.6025774	
--------------------

63852682136989	LM_Output	TaskList
TaskListName	RepetitionNumber	CatchFlag
ViewpointTrials54False
63852682136990	TASK_START	Counter	LM_DummyCounter
63852682137011	TASK_END	Counter	LM_DummyCounter	20
63852682137012	TASK_START	BlockInstruction	InstructionsTaskViewpoint
63852682137013	INFO    skip task    BlockInstruction
63852682137036	TASK_END	BlockInstruction	InstructionsTaskViewpoint	23
63852682137037	TASK_START	MovePlayerToSpawn	MoveSpawn
63852682137039	TASK_POSITION	ViveRoomspaceController	MoveSpawn	(61.1, 0.1, 95.0)
63852682137040	TASK_ROTATE	ViveRoomspaceController	MoveSpawn	(0.0, 0.0, 0.0)
63852682137065	TASK_END	MovePlayerToSpawn	MoveSpawn	27
63852682137066	TASK_START	ViewObjects	LM_ToggleObjects
63852682148920	TASK_END	ViewObjects	LM_ToggleObjects	11853
63852682148922	TASK_START	BlackoutWalking	LM_BlackoutPath
63852682152967	TASK_RESPONSE	Right Button Pressed	Response Time: 0.95553
63852682159028	TASK_END	BlackoutWalking	LM_BlackoutPath	10106
LandmarksTrialData:
--------------------
Timestamp	subID	trial	Room	Condition	moveItem	Repeat	Block	ObjectMovedIs	start	end	TargetObject	TarPos_x	TarPos_z	Start_SubPos_x	Start_SubPos_z	Delay_time	TargetReached	End_SubPos_x	End_SubPos_z	response	RT	
05/30/2024 4:09 PM	pilot03_3b	53	Room_95	walk	no	B	4	left	B	A	None	59.23045	94.8857	60.95427	95.0068	3.120913	True	59.29475	95.11152	Right	0.95553	
--------------------

63852682159031	LM_Output	TaskList
TaskListName	RepetitionNumber	CatchFlag
ViewpointTrials55False
63852682159033	TASK_START	Counter	LM_DummyCounter
63852682159052	TASK_END	Counter	LM_DummyCounter	19
63852682159054	TASK_START	BlockInstruction	InstructionsTaskViewpoint
63852682159055	INFO    skip task    BlockInstruction
63852682159080	TASK_END	BlockInstruction	InstructionsTaskViewpoint	26
63852682159081	TASK_START	MovePlayerToSpawn	MoveSpawn
63852682159083	TASK_POSITION	ViveRoomspaceController	MoveSpawn	(49.2, 0.1, 104.9)
63852682159084	TASK_ROTATE	ViveRoomspaceController	MoveSpawn	(0.0, 0.0, 0.0)
63852682159104	TASK_END	MovePlayerToSpawn	MoveSpawn	23
63852682159107	TASK_START	ViewObjects	LM_ToggleObjects
63852682171323	TASK_END	ViewObjects	LM_ToggleObjects	12216
63852682171325	TASK_START	BlackoutWalking	LM_BlackoutPath
63852682176152	TASK_RESPONSE	Left Button Pressed	Response Time: 1.719479
63852682181440	TASK_END	BlackoutWalking	LM_BlackoutPath	10114
LandmarksTrialData:
--------------------
Timestamp	subID	trial	Room	Condition	moveItem	Repeat	Block	ObjectMovedIs	start	end	TargetObject	TarPos_x	TarPos_z	Start_SubPos_x	Start_SubPos_z	Delay_time	TargetReached	End_SubPos_x	End_SubPos_z	response	RT	
05/30/2024 4:09 PM	pilot03_3b	54	Room_104	walk	yes	B	4	left	A	B	CongaDrum_01	51.1209	105.0405	49.30382	104.9794	3.115437	True	51.11095	105.1417	Left	1.719479	
--------------------

63852682181443	LM_Output	TaskList
TaskListName	RepetitionNumber	CatchFlag
ViewpointTrials56False
63852682181446	TASK_START	Counter	LM_DummyCounter
63852682181466	TASK_END	Counter	LM_DummyCounter	20
63852682181467	TASK_START	BlockInstruction	InstructionsTaskViewpoint
63852682181468	INFO    skip task    BlockInstruction
63852682181504	TASK_END	BlockInstruction	InstructionsTaskViewpoint	36
63852682181506	TASK_START	MovePlayerToSpawn	MoveSpawn
63852682181507	TASK_POSITION	ViveRoomspaceController	MoveSpawn	(31.1, 0.1, 75.0)
63852682181508	TASK_ROTATE	ViveRoomspaceController	MoveSpawn	(0.0, 0.0, 0.0)
63852682181538	TASK_END	MovePlayerToSpawn	MoveSpawn	32
63852682181540	TASK_START	ViewObjects	LM_ToggleObjects
63852682193698	TASK_END	ViewObjects	LM_ToggleObjects	12158
63852682193700	TASK_START	BlackoutWalking	LM_BlackoutPath
63852682199168	TASK_RESPONSE	Right Button Pressed	Response Time: 0.9322721
63852682205245	TASK_END	BlackoutWalking	LM_BlackoutPath	11544
LandmarksTrialData:
--------------------
Timestamp	subID	trial	Room	Condition	moveItem	Repeat	Block	ObjectMovedIs	start	end	TargetObject	TarPos_x	TarPos_z	Start_SubPos_x	Start_SubPos_z	Delay_time	TargetReached	End_SubPos_x	End_SubPos_z	response	RT	
05/30/2024 4:09 PM	pilot03_3b	55	Room_72	walk	no	B	4	left	B	A	None	29.23045	74.88569	31.0436	75.10395	4.580853	True	29.2012	75.08395	Right	0.9322721	
--------------------

63852682205248	LM_Output	TaskList
TaskListName	RepetitionNumber	CatchFlag
ViewpointTrials57False
63852682205250	TASK_START	Counter	LM_DummyCounter
63852682205272	TASK_END	Counter	LM_DummyCounter	22
63852682205273	TASK_START	BlockInstruction	InstructionsTaskViewpoint
63852682205274	INFO    skip task    BlockInstruction
63852682205296	TASK_END	BlockInstruction	InstructionsTaskViewpoint	22
63852682205298	TASK_START	MovePlayerToSpawn	MoveSpawn
63852682205299	TASK_POSITION	ViveRoomspaceController	MoveSpawn	(41.1, 0.1, 105.0)
63852682205300	TASK_ROTATE	ViveRoomspaceController	MoveSpawn	(0.0, 0.0, 0.0)
63852682205317	TASK_END	MovePlayerToSpawn	MoveSpawn	19
63852682205318	TASK_START	ViewObjects	LM_ToggleObjects
63852682217558	TASK_END	ViewObjects	LM_ToggleObjects	12239
63852682217559	TASK_START	BlackoutWalking	LM_BlackoutPath
63852682224921	TASK_RESPONSE	Left Button Pressed	Response Time: 1.288615
63852682230650	TASK_END	BlackoutWalking	LM_BlackoutPath	13091
LandmarksTrialData:
--------------------
Timestamp	subID	trial	Room	Condition	moveItem	Repeat	Block	ObjectMovedIs	start	end	TargetObject	TarPos_x	TarPos_z	Start_SubPos_x	Start_SubPos_z	Delay_time	TargetReached	End_SubPos_x	End_SubPos_z	response	RT	
05/30/2024 4:10 PM	pilot03_3b	56	Room_103	walk	yes	B	4	left	B	A	Longhorn_cattle_v1	39.23045	104.8857	41.11917	105.0631	6.096824	True	39.32534	105.0554	Left	1.288615	
--------------------

63852682230653	LM_Output	TaskList
TaskListName	RepetitionNumber	CatchFlag
ViewpointTrials58False
63852682230655	TASK_START	Counter	LM_DummyCounter
63852682230674	TASK_END	Counter	LM_DummyCounter	20
63852682230676	TASK_START	BlockInstruction	InstructionsTaskViewpoint
63852682230677	INFO    skip task    BlockInstruction
63852682230692	TASK_END	BlockInstruction	InstructionsTaskViewpoint	16
63852682230694	TASK_START	MovePlayerToSpawn	MoveSpawn
63852682230695	TASK_POSITION	ViveRoomspaceController	MoveSpawn	(71.1, 0.1, 55.0)
63852682230696	TASK_ROTATE	ViveRoomspaceController	MoveSpawn	(0.0, 0.0, 0.0)
63852682230716	TASK_END	MovePlayerToSpawn	MoveSpawn	22
63852682230717	TASK_START	ViewObjects	LM_ToggleObjects
63852682244177	TASK_END	ViewObjects	LM_ToggleObjects	13460
63852682244178	TASK_START	BlackoutWalking	LM_BlackoutPath
63852682249537	TASK_RESPONSE	Right Button Pressed	Response Time: 1.841561
63852682254708	TASK_END	BlackoutWalking	LM_BlackoutPath	10529
LandmarksTrialData:
--------------------
Timestamp	subID	trial	Room	Condition	moveItem	Repeat	Block	ObjectMovedIs	start	end	TargetObject	TarPos_x	TarPos_z	Start_SubPos_x	Start_SubPos_z	Delay_time	TargetReached	End_SubPos_x	End_SubPos_z	response	RT	
05/30/2024 4:10 PM	pilot03_3b	57	Room_56	walk	no	B	4	left	B	A	None	69.23045	54.88569	71.0962	55.1137	3.545912	True	69.28551	55.14743	Right	1.841561	
--------------------

63852682254711	LM_Output	TaskList
TaskListName	RepetitionNumber	CatchFlag
ViewpointTrials59False
63852682254713	TASK_START	Counter	LM_DummyCounter
63852682254733	TASK_END	Counter	LM_DummyCounter	20
63852682254735	TASK_START	BlockInstruction	InstructionsTaskViewpoint
63852682254736	INFO    skip task    BlockInstruction
63852682254752	TASK_END	BlockInstruction	InstructionsTaskViewpoint	17
63852682254754	TASK_START	MovePlayerToSpawn	MoveSpawn
63852682254755	TASK_POSITION	ViveRoomspaceController	MoveSpawn	(102.1, 0.1, 27.8)
63852682254757	TASK_ROTATE	ViveRoomspaceController	MoveSpawn	(0.0, 0.0, 0.0)
63852682254784	TASK_END	MovePlayerToSpawn	MoveSpawn	30
63852682254786	TASK_START	ViewObjects	LM_ToggleObjects
63852682267501	TASK_END	ViewObjects	LM_ToggleObjects	12715
63852682267503	TASK_START	BlackoutWalking	LM_BlackoutPath
63852682273213	TASK_RESPONSE	Right Button Pressed	Response Time: 2.537385
63852682277695	TASK_END	BlackoutWalking	LM_BlackoutPath	10192
LandmarksTrialData:
--------------------
Timestamp	subID	trial	Room	Condition	moveItem	Repeat	Block	ObjectMovedIs	start	end	TargetObject	TarPos_x	TarPos_z	Start_SubPos_x	Start_SubPos_z	Delay_time	TargetReached	End_SubPos_x	End_SubPos_z	response	RT	
05/30/2024 4:11 PM	pilot03_3b	58	Room_29	walk	yes	B	4	left	B	A	Music column-1	101.9486	25.875	102.1312	27.65723	3.186519	True	101.6966	25.95307	Right	2.537385	
--------------------

63852682277698	LM_Output	TaskList
TaskListName	RepetitionNumber	CatchFlag
ViewpointTrials60False
63852682277699	TASK_START	Counter	LM_DummyCounter
63852682277728	TASK_END	Counter	LM_DummyCounter	27
63852682277729	TASK_START	BlockInstruction	InstructionsTaskViewpoint
63852682277730	INFO    skip task    BlockInstruction
63852682277749	TASK_END	BlockInstruction	InstructionsTaskViewpoint	20
63852682277750	TASK_START	MovePlayerToSpawn	MoveSpawn
63852682277751	TASK_POSITION	ViveRoomspaceController	MoveSpawn	(81.1, 0.1, 55.0)
63852682277753	TASK_ROTATE	ViveRoomspaceController	MoveSpawn	(0.0, 0.0, 0.0)
63852682277780	TASK_END	MovePlayerToSpawn	MoveSpawn	30
63852682277781	TASK_START	ViewObjects	LM_ToggleObjects
63852682290778	TASK_END	ViewObjects	LM_ToggleObjects	12997
63852682290780	TASK_START	BlackoutWalking	LM_BlackoutPath
63852682294276	TASK_RESPONSE	Right Button Pressed	Response Time: 0.7559585
63852682300530	TASK_END	BlackoutWalking	LM_BlackoutPath	9748
LandmarksTrialData:
--------------------
Timestamp	subID	trial	Room	Condition	moveItem	Repeat	Block	ObjectMovedIs	start	end	TargetObject	TarPos_x	TarPos_z	Start_SubPos_x	Start_SubPos_z	Delay_time	TargetReached	End_SubPos_x	End_SubPos_z	response	RT	
05/30/2024 4:11 PM	pilot03_3b	59	Room_57	walk	no	B	4	left	B	A	None	79.23045	54.88569	81.07165	55.20732	2.764001	True	79.29475	55.13562	Right	0.7559585	
--------------------

63852682300535	LM_Output	TaskList
TaskListName	RepetitionNumber	CatchFlag
ViewpointTrials61False
63852682300539	TASK_START	Counter	LM_DummyCounter
63852682300565	TASK_END	Counter	LM_DummyCounter	28
63852682300567	TASK_START	BlockInstruction	InstructionsTaskViewpoint
63852682300568	INFO    skip task    BlockInstruction
63852682300589	TASK_END	BlockInstruction	InstructionsTaskViewpoint	22
63852682300590	TASK_START	MovePlayerToSpawn	MoveSpawn
63852682300591	TASK_POSITION	ViveRoomspaceController	MoveSpawn	(29.2, 0.1, 54.9)
63852682300593	TASK_ROTATE	ViveRoomspaceController	MoveSpawn	(0.0, 0.0, 0.0)
63852682300615	TASK_END	MovePlayerToSpawn	MoveSpawn	25
63852682300616	TASK_START	ViewObjects	LM_ToggleObjects
63852682312607	TASK_END	ViewObjects	LM_ToggleObjects	11991
63852682312608	TASK_START	BlackoutWalking	LM_BlackoutPath
63852682322331	TASK_END	BlackoutWalking	LM_BlackoutPath	9722
LandmarksTrialData:
--------------------
Timestamp	subID	trial	Room	Condition	moveItem	Repeat	Block	ObjectMovedIs	start	end	TargetObject	TarPos_x	TarPos_z	Start_SubPos_x	Start_SubPos_z	Delay_time	TargetReached	End_SubPos_x	End_SubPos_z	response	RT	
05/30/2024 4:11 PM	pilot03_3b	60	Room_52	walk	yes	B	4	left	A	B	plant2 Variant	31.1209	55.04045	29.31285	54.99069	2.728424	True	31.07779	55.05635	No response	N/A	
--------------------

63852682322334	LM_Output	TaskList
TaskListName	RepetitionNumber	CatchFlag
ViewpointTrials62False
63852682322336	TASK_START	Counter	LM_DummyCounter
63852682322373	TASK_END	Counter	LM_DummyCounter	37
63852682322374	TASK_START	BlockInstruction	InstructionsTaskViewpoint
63852682322375	INFO    skip task    BlockInstruction
63852682322392	TASK_END	BlockInstruction	InstructionsTaskViewpoint	18
63852682322393	TASK_START	MovePlayerToSpawn	MoveSpawn
63852682322395	TASK_POSITION	ViveRoomspaceController	MoveSpawn	(29.2, 0.1, 24.9)
63852682322396	TASK_ROTATE	ViveRoomspaceController	MoveSpawn	(0.0, 0.0, 0.0)
63852682322419	TASK_END	MovePlayerToSpawn	MoveSpawn	26
63852682322421	TASK_START	ViewObjects	LM_ToggleObjects
63852682336256	TASK_END	ViewObjects	LM_ToggleObjects	13835
63852682336258	TASK_START	BlackoutWalking	LM_BlackoutPath
63852682340534	TASK_RESPONSE	Left Button Pressed	Response Time: 1.489811
63852682346051	TASK_END	BlackoutWalking	LM_BlackoutPath	9793
LandmarksTrialData:
--------------------
Timestamp	subID	trial	Room	Condition	moveItem	Repeat	Block	ObjectMovedIs	start	end	TargetObject	TarPos_x	TarPos_z	Start_SubPos_x	Start_SubPos_z	Delay_time	TargetReached	End_SubPos_x	End_SubPos_z	response	RT	
05/30/2024 4:12 PM	pilot03_3b	61	Room_22	walk	yes	B	4	left	A	B	snack_01	31.1209	25.04046	29.20404	25.00285	2.811771	True	31.07295	25.24569	Left	1.489811	
--------------------

63852682346054	LM_Output	TaskList
TaskListName	RepetitionNumber	CatchFlag
ViewpointTrials63False
63852682346056	TASK_START	Counter	LM_DummyCounter
63852682346083	TASK_END	Counter	LM_DummyCounter	26
63852682346084	TASK_START	BlockInstruction	InstructionsTaskViewpoint
63852682346085	INFO    skip task    BlockInstruction
63852682346106	TASK_END	BlockInstruction	InstructionsTaskViewpoint	22
63852682346108	TASK_START	MovePlayerToSpawn	MoveSpawn
63852682346108	TASK_POSITION	ViveRoomspaceController	MoveSpawn	(49.2, 0.1, 94.9)
63852682346110	TASK_ROTATE	ViveRoomspaceController	MoveSpawn	(0.0, 0.0, 0.0)
63852682346138	TASK_END	MovePlayerToSpawn	MoveSpawn	30
63852682346139	TASK_START	ViewObjects	LM_ToggleObjects
63852682358290	TASK_END	ViewObjects	LM_ToggleObjects	12151
63852682358291	TASK_START	BlackoutWalking	LM_BlackoutPath
63852682361888	TASK_RESPONSE	Right Button Pressed	Response Time: 0.9426244
63852682367953	TASK_END	BlackoutWalking	LM_BlackoutPath	9660
LandmarksTrialData:
--------------------
Timestamp	subID	trial	Room	Condition	moveItem	Repeat	Block	ObjectMovedIs	start	end	TargetObject	TarPos_x	TarPos_z	Start_SubPos_x	Start_SubPos_z	Delay_time	TargetReached	End_SubPos_x	End_SubPos_z	response	RT	
05/30/2024 4:12 PM	pilot03_3b	62	Room_94	walk	no	B	4	left	A	B	None	51.1209	95.04045	49.2621	95.03954	2.686437	True	51.07509	95.13958	Right	0.9426244	
--------------------

63852682367956	LM_Output	TaskList
TaskListName	RepetitionNumber	CatchFlag
ViewpointTrials64False
63852682367958	TASK_START	Counter	LM_DummyCounter
63852682367985	TASK_END	Counter	LM_DummyCounter	27
63852682367987	TASK_START	BlockInstruction	InstructionsTaskViewpoint
63852682367988	INFO    skip task    BlockInstruction
63852682368007	TASK_END	BlockInstruction	InstructionsTaskViewpoint	20
63852682368009	TASK_START	MovePlayerToSpawn	MoveSpawn
63852682368011	TASK_POSITION	ViveRoomspaceController	MoveSpawn	(89.2, 0.1, 14.9)
63852682368013	TASK_ROTATE	ViveRoomspaceController	MoveSpawn	(0.0, 0.0, 0.0)
63852682368039	TASK_END	MovePlayerToSpawn	MoveSpawn	30
63852682368041	TASK_START	ViewObjects	LM_ToggleObjects
63852682380482	TASK_END	ViewObjects	LM_ToggleObjects	12441
63852682380484	TASK_START	BlackoutWalking	LM_BlackoutPath
63852682383788	TASK_RESPONSE	Left Button Pressed	Response Time: 0.7736135
63852682390020	TASK_END	BlackoutWalking	LM_BlackoutPath	9536
LandmarksTrialData:
--------------------
Timestamp	subID	trial	Room	Condition	moveItem	Repeat	Block	ObjectMovedIs	start	end	TargetObject	TarPos_x	TarPos_z	Start_SubPos_x	Start_SubPos_z	Delay_time	TargetReached	End_SubPos_x	End_SubPos_z	response	RT	
05/30/2024 4:13 PM	pilot03_3b	63	Room_18	walk	yes	B	4	left	A	B	FFP_PRE_CLE_01_Lettuce_1024	91.1209	15.04046	89.285	15.05866	2.567743	True	91.09483	15.19251	Left	0.7736135	
--------------------

63852682390024	LM_Output	TaskList
TaskListName	RepetitionNumber	CatchFlag
ViewpointTrials64False
63852682390025	TASK_END	ViewpointTrials	TaskList	1464716
63852682390026	LM_Output	TaskList
TaskListName	RepetitionNumber	CatchFlag
TASK_ViewpointTask1False
63852682390027	TASK_END	TASK_ViewpointTask	TaskList	1464781
63852682390028	LM_Output	TaskList
TaskListName	RepetitionNumber	CatchFlag
Tasks1False
63852682390029	TASK_END	Tasks	TaskList	1464785
63852682390030	TASK_START	EndMessage	InstructionsTask
63852682399035	TASK_END	EndMessage	InstructionsTask	9005
63852682399036	LM_Output	TaskList
TaskListName	RepetitionNumber	CatchFlag
LM_Timeline1False
63852682399041	TASK_END	LM_Timeline	TaskList	1480522
