63847047428911	EXPERIMENT:		SUBJECT:	sabinaaaaa	START_SCENE	use for vr	START_CONDITION:	default	UI:	ViveRoomspace
63847047431023	TASK_START	LM_Timeline	TaskList
63847047431025	TASK_START	InitializeExperiment	TaskList
63847047431028	TASK_START	PrepareRooms	LM_PrepareRooms
63847047431071	TASK_END	PrepareRooms	LM_PrepareRooms	43
63847047431074	LM_Output	TaskList
TaskListName	RepetitionNumber	CatchFlag
InitializeExperiment1False
63847047431075	TASK_END	InitializeExperiment	TaskList	50
63847047431077	TASK_START	BeginMessage	InstructionsTask
63847047434825	INPUT_EVENT    PlayerPressedActionButton    1
63847047434827	TASK_END	BeginMessage	InstructionsTask	3750
63847047434829	TASK_START	Tasks	TaskList
63847047434832	TASK_START	TASK_ViewpointTask	TaskList
63847047434837	TASK_START	ListViewpointSpawns	ObjectList
63847047434845	TASK_END	ListViewpointSpawns	ObjectList	8
63847047434849	TASK_START	ListViewpointTransfers	ObjectList
63847047434857	TASK_END	ListViewpointTransfers	ObjectList	9
63847047434859	TASK_START	ViewpointTrials	TaskList
63847047434863	TASK_START	Counter	LM_DummyCounter
63847047434872	TASK_END	Counter	LM_DummyCounter	9
63847047434875	TASK_START	BlockInstruction	InstructionsTaskViewpoint
63847047435420	INPUT_EVENT    PlayerPressedActionButton    1
63847047435421	TASK_END	BlockInstruction	InstructionsTaskViewpoint	548
63847047435425	TASK_START	MovePlayerToSpawn	MoveSpawn
63847047435428	TASK_POSITION	ViveRoomspaceController	MoveSpawn	(32.3, 0.1, 133.1)
63847047435429	TASK_ROTATE	ViveRoomspaceController	MoveSpawn	(0.0, 0.0, 0.0)
63847047435447	TASK_END	MovePlayerToSpawn	MoveSpawn	23
63847047435450	TASK_START	ViewObjects	LM_ToggleObjects
63847047445356	TASK_END	ViewObjects	LM_ToggleObjects	9906
63847047445360	TASK_START	BlackoutWalking	LM_BlackoutPath
63847047454132	TASK_RESPONSE	Right Button Pressed	Response Time: 1.289722
63847047462374	TASK_END	BlackoutWalking	LM_BlackoutPath	17014
LandmarksTrialData:
--------------------
subID	trial	Room	Condition	moveItem	Repeat	Block	ObjectMovedIs	start	end	TarPos_x	TarPos_z	TarRot_x	TarRot_z	Start_SubPos_x	Start_SubPos_z	Start_SubRot_x	Start_SubRot_z	TargetReached	End_SubPos_x	End_SubPos_z	End_SubRot_x	End_SubRot_z	response	RT	
sabinaaaaa	0	Room_121	stay	yes	A	1	left	A	A	32.25	133.05	0	0	32.42788	133.0981	0.260225	0.1983684	True	32.1151	132.9346	0.2023053	0.2914253	Right	1.289722	
--------------------

63847047462379	LM_Output	TaskList
TaskListName	RepetitionNumber	CatchFlag
ViewpointTrials2False
63847047462381	TASK_START	Counter	LM_DummyCounter
63847047462403	TASK_END	Counter	LM_DummyCounter	21
63847047462405	TASK_START	BlockInstruction	InstructionsTaskViewpoint
63847047462406	INFO    skip task    BlockInstruction
63847047462425	TASK_END	BlockInstruction	InstructionsTaskViewpoint	21
63847047462427	TASK_START	MovePlayerToSpawn	MoveSpawn
63847047462429	TASK_POSITION	ViveRoomspaceController	MoveSpawn	(61.9, 0.1, 131.9)
63847047462430	TASK_ROTATE	ViveRoomspaceController	MoveSpawn	(0.0, 0.0, 0.0)
63847047462449	TASK_END	MovePlayerToSpawn	MoveSpawn	22
63847047462450	TASK_START	ViewObjects	LM_ToggleObjects
63847047470598	TASK_END	ViewObjects	LM_ToggleObjects	8146
63847047470599	TASK_START	BlackoutWalking	LM_BlackoutPath
63847047483940	TASK_RESPONSE	Right Button Pressed	Response Time: 5.852102
63847047487616	TASK_END	BlackoutWalking	LM_BlackoutPath	17017
LandmarksTrialData:
--------------------
subID	trial	Room	Condition	moveItem	Repeat	Block	ObjectMovedIs	start	end	TarPos_x	TarPos_z	TarRot_x	TarRot_z	Start_SubPos_x	Start_SubPos_z	Start_SubRot_x	Start_SubRot_z	TargetReached	End_SubPos_x	End_SubPos_z	End_SubRot_x	End_SubRot_z	response	RT	
sabinaaaaa	0	Room_121	stay	yes	A	1	left	A	B	61.94855	131.925	0	0	62.17481	131.737	0.2409091	0.005550862	True	62.04962	131.9246	0.33684	-0.02397769	Right	5.852102	
--------------------

63847047487620	LM_Output	TaskList
TaskListName	RepetitionNumber	CatchFlag
ViewpointTrials3False
63847047487622	TASK_START	Counter	LM_DummyCounter
63847047487643	TASK_END	Counter	LM_DummyCounter	21
63847047487645	TASK_START	BlockInstruction	InstructionsTaskViewpoint
63847047487646	INFO    skip task    BlockInstruction
63847047487662	TASK_END	BlockInstruction	InstructionsTaskViewpoint	18
63847047487665	TASK_START	MovePlayerToSpawn	MoveSpawn
63847047487667	TASK_POSITION	ViveRoomspaceController	MoveSpawn	(98.3, 0.1, 131.6)
63847047487668	TASK_ROTATE	ViveRoomspaceController	MoveSpawn	(0.0, 0.0, 0.0)
63847047487688	TASK_END	MovePlayerToSpawn	MoveSpawn	23
63847047487689	TASK_START	ViewObjects	LM_ToggleObjects
63847047496847	TASK_END	ViewObjects	LM_ToggleObjects	9157
63847047496848	TASK_START	BlackoutWalking	LM_BlackoutPath
