63847046990132	EXPERIMENT:		SUBJECT:	sabinaaaa	START_SCENE	use for vr	START_CONDITION:	default	UI:	ViveRoomspace
63847047001747	TASK_START	LM_Timeline	TaskList
63847047001749	TASK_START	InitializeExperiment	TaskList
63847047001753	TASK_START	PrepareRooms	LM_PrepareRooms
63847047001805	TASK_END	PrepareRooms	LM_PrepareRooms	53
63847047001806	LM_Output	TaskList
TaskListName	RepetitionNumber	CatchFlag
InitializeExperiment1False
63847047001807	TASK_END	InitializeExperiment	TaskList	58
63847047001809	TASK_START	BeginMessage	InstructionsTask
63847047018250	INPUT_EVENT    PlayerPressedActionButton    1
63847047018252	TASK_END	BeginMessage	InstructionsTask	16443
63847047018254	TASK_START	Tasks	TaskList
63847047018257	TASK_START	TASK_ViewpointTask	TaskList
63847047018263	TASK_START	ListViewpointSpawns	ObjectList
63847047018274	TASK_END	ListViewpointSpawns	ObjectList	10
63847047018278	TASK_START	ListViewpointTransfers	ObjectList
63847047018287	TASK_END	ListViewpointTransfers	ObjectList	8
63847047018289	TASK_START	ViewpointTrials	TaskList
63847047018293	TASK_START	Counter	LM_DummyCounter
63847047018307	TASK_END	Counter	LM_DummyCounter	14
63847047018311	TASK_START	BlockInstruction	InstructionsTaskViewpoint
63847047019111	INPUT_EVENT    PlayerPressedActionButton    1
63847047019112	TASK_END	BlockInstruction	InstructionsTaskViewpoint	801
63847047019115	TASK_START	MovePlayerToSpawn	MoveSpawn
63847047019118	TASK_POSITION	ViveRoomspaceController	MoveSpawn	(32.3, 0.1, 133.1)
63847047019119	TASK_ROTATE	ViveRoomspaceController	MoveSpawn	(0.0, 0.0, 0.0)
63847047019138	TASK_END	MovePlayerToSpawn	MoveSpawn	23
63847047019140	TASK_START	ViewObjects	LM_ToggleObjects
63847047074795	TASK_END	ViewObjects	LM_ToggleObjects	55654
63847047074799	TASK_START	BlackoutWalking	LM_BlackoutPath
63847047086731	TASK_RESPONSE	Right Button Pressed	Response Time: 4.442184
63847047091798	TASK_END	BlackoutWalking	LM_BlackoutPath	17000
LandmarksTrialData:
--------------------
subID	trial	Room	Condition	moveItem	Repeat	Block	ObjectMovedIs	start	end	TarPos_x	TarPos_z	TarRot_x	TarRot_z	Start_SubPos_x	Start_SubPos_z	Start_SubRot_x	Start_SubRot_z	TargetReached	End_SubPos_x	End_SubPos_z	End_SubRot_x	End_SubRot_z	response	RT	
sabinaaaa	0	Room_121	stay	yes	A	1	left	A	A	32.25	133.05	0	0	32.30473	133.1523	-0.09670736	-0.1100231	True	32.14487	133.0455	0.2037616	0.182612	Right	4.442184	
--------------------

63847047091805	LM_Output	TaskList
TaskListName	RepetitionNumber	CatchFlag
ViewpointTrials2False
63847047091808	TASK_START	Counter	LM_DummyCounter
63847047091826	TASK_END	Counter	LM_DummyCounter	18
63847047091827	TASK_START	BlockInstruction	InstructionsTaskViewpoint
63847047091829	INFO    skip task    BlockInstruction
63847047091849	TASK_END	BlockInstruction	InstructionsTaskViewpoint	21
63847047091851	TASK_START	MovePlayerToSpawn	MoveSpawn
63847047091853	TASK_POSITION	ViveRoomspaceController	MoveSpawn	(61.9, 0.1, 131.9)
63847047091854	TASK_ROTATE	ViveRoomspaceController	MoveSpawn	(0.0, 0.0, 0.0)
63847047091874	TASK_END	MovePlayerToSpawn	MoveSpawn	23
63847047091876	TASK_START	ViewObjects	LM_ToggleObjects
63847047100513	TASK_END	ViewObjects	LM_ToggleObjects	8637
63847047100514	TASK_START	BlackoutWalking	LM_BlackoutPath
63847047110530	TASK_RESPONSE	Right Button Pressed	Response Time: 2.523204
63847047117522	TASK_END	BlackoutWalking	LM_BlackoutPath	17008
LandmarksTrialData:
--------------------
subID	trial	Room	Condition	moveItem	Repeat	Block	ObjectMovedIs	start	end	TarPos_x	TarPos_z	TarRot_x	TarRot_z	Start_SubPos_x	Start_SubPos_z	Start_SubRot_x	Start_SubRot_z	TargetReached	End_SubPos_x	End_SubPos_z	End_SubRot_x	End_SubRot_z	response	RT	
sabinaaaa	0	Room_121	stay	yes	A	1	left	A	B	61.94855	131.925	0	0	61.83422	132.0383	0.1960858	0.05477784	True	61.84205	131.9509	0.1708072	0.1108416	Right	2.523204	
--------------------

63847047117526	LM_Output	TaskList
TaskListName	RepetitionNumber	CatchFlag
ViewpointTrials3False
63847047117528	TASK_START	Counter	LM_DummyCounter
63847047117547	TASK_END	Counter	LM_DummyCounter	19
63847047117549	TASK_START	BlockInstruction	InstructionsTaskViewpoint
63847047117550	INFO    skip task    BlockInstruction
63847047117571	TASK_END	BlockInstruction	InstructionsTaskViewpoint	22
63847047117572	TASK_START	MovePlayerToSpawn	MoveSpawn
63847047117574	TASK_POSITION	ViveRoomspaceController	MoveSpawn	(98.3, 0.1, 131.6)
63847047117574	TASK_ROTATE	ViveRoomspaceController	MoveSpawn	(0.0, 0.0, 0.0)
63847047117595	TASK_END	MovePlayerToSpawn	MoveSpawn	21
63847047117596	TASK_START	ViewObjects	LM_ToggleObjects
63847047126881	TASK_END	ViewObjects	LM_ToggleObjects	9285
63847047126883	TASK_START	BlackoutWalking	LM_BlackoutPath
63847047136398	TASK_RESPONSE	Right Button Pressed	Response Time: 2.030849
63847047143895	TASK_END	BlackoutWalking	LM_BlackoutPath	17012
LandmarksTrialData:
--------------------
subID	trial	Room	Condition	moveItem	Repeat	Block	ObjectMovedIs	start	end	TarPos_x	TarPos_z	TarRot_x	TarRot_z	Start_SubPos_x	Start_SubPos_z	Start_SubRot_x	Start_SubRot_z	TargetReached	End_SubPos_x	End_SubPos_z	End_SubRot_x	End_SubRot_z	response	RT	
sabinaaaa	1	Room_122	stay	yes	A	1	left	B	B	98.26487	131.6059	0	0	98.3068	131.4949	0.1744523	-0.1192161	True	98.1693	131.5072	0.1857382	-0.09975584	Right	2.030849	
--------------------

63847047143898	LM_Output	TaskList
TaskListName	RepetitionNumber	CatchFlag
ViewpointTrials4False
63847047143900	TASK_START	Counter	LM_DummyCounter
63847047143916	TASK_END	Counter	LM_DummyCounter	16
63847047143917	TASK_START	BlockInstruction	InstructionsTaskViewpoint
63847047143918	INFO    skip task    BlockInstruction
63847047143939	TASK_END	BlockInstruction	InstructionsTaskViewpoint	22
63847047143940	TASK_START	MovePlayerToSpawn	MoveSpawn
63847047143942	TASK_POSITION	ViveRoomspaceController	MoveSpawn	(110.8, 0.1, 135.2)
63847047143943	TASK_ROTATE	ViveRoomspaceController	MoveSpawn	(0.0, 0.0, 0.0)
63847047143958	TASK_END	MovePlayerToSpawn	MoveSpawn	18
63847047143959	TASK_START	ViewObjects	LM_ToggleObjects
63847047155136	TASK_END	ViewObjects	LM_ToggleObjects	11178
63847047155139	TASK_START	BlackoutWalking	LM_BlackoutPath
63847047164939	TASK_RESPONSE	Right Button Pressed	Response Time: 2.302008
63847047172151	TASK_END	BlackoutWalking	LM_BlackoutPath	17012
LandmarksTrialData:
--------------------
subID	trial	Room	Condition	moveItem	Repeat	Block	ObjectMovedIs	start	end	TarPos_x	TarPos_z	TarRot_x	TarRot_z	Start_SubPos_x	Start_SubPos_z	Start_SubRot_x	Start_SubRot_z	TargetReached	End_SubPos_x	End_SubPos_z	End_SubRot_x	End_SubRot_z	response	RT	
sabinaaaa	2	Room_123	stay	yes	A	1	left	B	A	110.7806	135.1682	0	0	110.8814	135.0114	-0.03522063	-0.1309653	True	110.6709	135.0571	-0.1182882	-0.1866664	Right	2.302008	
--------------------

63847047172156	LM_Output	TaskList
TaskListName	RepetitionNumber	CatchFlag
ViewpointTrials5False
63847047172158	TASK_START	Counter	LM_DummyCounter
63847047172179	TASK_END	Counter	LM_DummyCounter	21
63847047172180	TASK_START	BlockInstruction	InstructionsTaskViewpoint
63847047172181	INFO    skip task    BlockInstruction
63847047172202	TASK_END	BlockInstruction	InstructionsTaskViewpoint	22
63847047172204	TASK_START	MovePlayerToSpawn	MoveSpawn
63847047172205	TASK_POSITION	ViveRoomspaceController	MoveSpawn	(67.9, 0.1, 133.8)
63847047172206	TASK_ROTATE	ViveRoomspaceController	MoveSpawn	(0.0, 0.0, 0.0)
63847047172225	TASK_END	MovePlayerToSpawn	MoveSpawn	22
63847047172227	TASK_START	ViewObjects	LM_ToggleObjects
63847047182368	TASK_END	ViewObjects	LM_ToggleObjects	10141
63847047182369	TASK_START	BlackoutWalking	LM_BlackoutPath
63847047199379	TASK_END	BlackoutWalking	LM_BlackoutPath	17009
LandmarksTrialData:
--------------------
subID	trial	Room	Condition	moveItem	Repeat	Block	ObjectMovedIs	start	end	TarPos_x	TarPos_z	TarRot_x	TarRot_z	Start_SubPos_x	Start_SubPos_z	Start_SubRot_x	Start_SubRot_z	TargetReached	End_SubPos_x	End_SubPos_z	End_SubRot_x	End_SubRot_z	response	RT	
sabinaaaa	3	Room_124	stay	yes	A	1	left	A	B	67.88569	133.8195	0	0	67.95615	133.7609	0.1292522	-0.2561163	True	67.96719	133.7979	0.230709	-0.4195762	No response	N/A	
--------------------

63847047199383	LM_Output	TaskList
TaskListName	RepetitionNumber	CatchFlag
ViewpointTrials6False
63847047199385	TASK_START	Counter	LM_DummyCounter
63847047199404	TASK_END	Counter	LM_DummyCounter	19
63847047199405	TASK_START	BlockInstruction	InstructionsTaskViewpoint
63847047209686	INPUT_EVENT    PlayerPressedActionButton    1
63847047209688	TASK_END	BlockInstruction	InstructionsTaskViewpoint	10281
63847047209690	TASK_START	MovePlayerToSpawn	MoveSpawn
63847047209691	TASK_POSITION	ViveRoomspaceController	MoveSpawn	(20.8, 0.1, 130.9)
63847047209699	TASK_ROTATE	ViveRoomspaceController	MoveSpawn	(0.0, 0.0, 0.0)
63847047209719	TASK_END	MovePlayerToSpawn	MoveSpawn	29
63847047209721	TASK_START	ViewObjects	LM_ToggleObjects
63847047221121	TASK_END	ViewObjects	LM_ToggleObjects	11401
63847047221123	TASK_START	BlackoutWalking	LM_BlackoutPath
63847047230533	TASK_RESPONSE	Right Button Pressed	Response Time: 1.935422
63847047238122	TASK_END	BlackoutWalking	LM_BlackoutPath	16999
LandmarksTrialData:
--------------------
subID	trial	Room	Condition	moveItem	Repeat	Block	ObjectMovedIs	start	end	TarPos_x	TarPos_z	TarRot_x	TarRot_z	Start_SubPos_x	Start_SubPos_z	Start_SubRot_x	Start_SubRot_z	TargetReached	End_SubPos_x	End_SubPos_z	End_SubRot_x	End_SubRot_z	response	RT	
sabinaaaa	4	Room_125	stay	yes	A	1	left	A	B	22.11823	132.2694	0	0	20.7838	130.7651	0.2554319	-0.01265974	True	22.06047	132.3145	0.2689137	0.1549893	Right	1.935422	
--------------------

63847047238126	LM_Output	TaskList
TaskListName	RepetitionNumber	CatchFlag
ViewpointTrials7False
63847047238127	TASK_START	Counter	LM_DummyCounter
63847047238148	TASK_END	Counter	LM_DummyCounter	20
63847047238149	TASK_START	BlockInstruction	InstructionsTaskViewpoint
63847047238150	INFO    skip task    BlockInstruction
63847047238170	TASK_END	BlockInstruction	InstructionsTaskViewpoint	21
63847047238171	TASK_START	MovePlayerToSpawn	MoveSpawn
63847047238173	TASK_POSITION	ViveRoomspaceController	MoveSpawn	(37.8, 0.1, 133.4)
63847047238174	TASK_ROTATE	ViveRoomspaceController	MoveSpawn	(0.0, 0.0, 0.0)
63847047238195	TASK_END	MovePlayerToSpawn	MoveSpawn	24
63847047238197	TASK_START	ViewObjects	LM_ToggleObjects
63847047254714	TASK_END	ViewObjects	LM_ToggleObjects	16517
63847047254715	TASK_START	BlackoutWalking	LM_BlackoutPath
63847047264290	TASK_RESPONSE	Right Button Pressed	Response Time: 2.093421
63847047271720	TASK_END	BlackoutWalking	LM_BlackoutPath	17004
LandmarksTrialData:
--------------------
subID	trial	Room	Condition	moveItem	Repeat	Block	ObjectMovedIs	start	end	TarPos_x	TarPos_z	TarRot_x	TarRot_z	Start_SubPos_x	Start_SubPos_z	Start_SubRot_x	Start_SubRot_z	TargetReached	End_SubPos_x	End_SubPos_z	End_SubRot_x	End_SubRot_z	response	RT	
sabinaaaa	5	Room_126	walk	yes	A	2	left	B	A	38.875	134.9986	0	0	37.91769	133.3176	0.1047658	-0.08459086	True	38.90401	134.8973	0.05348777	-0.2111069	Right	2.093421	
--------------------

63847047271724	LM_Output	TaskList
TaskListName	RepetitionNumber	CatchFlag
ViewpointTrials8False
63847047271726	TASK_START	Counter	LM_DummyCounter
63847047271746	TASK_END	Counter	LM_DummyCounter	20
63847047271747	TASK_START	BlockInstruction	InstructionsTaskViewpoint
63847047271749	INFO    skip task    BlockInstruction
63847047271766	TASK_END	BlockInstruction	InstructionsTaskViewpoint	19
63847047271767	TASK_START	MovePlayerToSpawn	MoveSpawn
63847047271768	TASK_POSITION	ViveRoomspaceController	MoveSpawn	(47.9, 0.1, 132.3)
63847047271770	TASK_ROTATE	ViveRoomspaceController	MoveSpawn	(0.0, 0.0, 0.0)
63847047271787	TASK_END	MovePlayerToSpawn	MoveSpawn	21
63847047271789	TASK_START	ViewObjects	LM_ToggleObjects
63847047283819	TASK_END	ViewObjects	LM_ToggleObjects	12028
63847047283821	TASK_START	BlackoutWalking	LM_BlackoutPath
63847047300839	TASK_END	BlackoutWalking	LM_BlackoutPath	17018
LandmarksTrialData:
--------------------
subID	trial	Room	Condition	moveItem	Repeat	Block	ObjectMovedIs	start	end	TarPos_x	TarPos_z	TarRot_x	TarRot_z	Start_SubPos_x	Start_SubPos_z	Start_SubRot_x	Start_SubRot_z	TargetReached	End_SubPos_x	End_SubPos_z	End_SubRot_x	End_SubRot_z	response	RT	
sabinaaaa	6	Room_127	walk	yes	A	2	left	A	A	49.2194	130.9318	0	0	47.95129	132.3887	0.4716735	-0.1861555	True	49.30626	131.1333	0.2957856	-0.04580493	No response	N/A	
--------------------

63847047300842	LM_Output	TaskList
TaskListName	RepetitionNumber	CatchFlag
ViewpointTrials9False
63847047300845	TASK_START	Counter	LM_DummyCounter
63847047300865	TASK_END	Counter	LM_DummyCounter	20
63847047300866	TASK_START	BlockInstruction	InstructionsTaskViewpoint
63847047300867	INFO    skip task    BlockInstruction
63847047300885	TASK_END	BlockInstruction	InstructionsTaskViewpoint	18
63847047300887	TASK_START	MovePlayerToSpawn	MoveSpawn
63847047300888	TASK_POSITION	ViveRoomspaceController	MoveSpawn	(92.0, 0.1, 134.2)
63847047300889	TASK_ROTATE	ViveRoomspaceController	MoveSpawn	(0.0, 0.0, 0.0)
63847047300910	TASK_END	MovePlayerToSpawn	MoveSpawn	23
63847047300912	TASK_START	ViewObjects	LM_ToggleObjects
63847047315594	TASK_END	ViewObjects	LM_ToggleObjects	14682
63847047315596	TASK_START	BlackoutWalking	LM_BlackoutPath
63847047332597	TASK_END	BlackoutWalking	LM_BlackoutPath	17001
LandmarksTrialData:
--------------------
subID	trial	Room	Condition	moveItem	Repeat	Block	ObjectMovedIs	start	end	TarPos_x	TarPos_z	TarRot_x	TarRot_z	Start_SubPos_x	Start_SubPos_z	Start_SubRot_x	Start_SubRot_z	TargetReached	End_SubPos_x	End_SubPos_z	End_SubRot_x	End_SubRot_z	response	RT	
sabinaaaa	7	Room_128	walk	yes	A	2	left	B	B	92.11431	132.2805	0	0	91.73687	134.1825	0.1519041	0.1435058	True	91.89608	132.3461	0.2840097	0.07538109	No response	N/A	
--------------------

63847047332602	LM_Output	TaskList
TaskListName	RepetitionNumber	CatchFlag
ViewpointTrials10False
63847047332604	TASK_START	Counter	LM_DummyCounter
63847047332622	TASK_END	Counter	LM_DummyCounter	18
63847047332623	TASK_START	BlockInstruction	InstructionsTaskViewpoint
63847047332624	INFO    skip task    BlockInstruction
63847047332644	TASK_END	BlockInstruction	InstructionsTaskViewpoint	21
63847047332645	TASK_START	MovePlayerToSpawn	MoveSpawn
63847047332647	TASK_POSITION	ViveRoomspaceController	MoveSpawn	(77.9, 0.1, 132.3)
63847047332648	TASK_ROTATE	ViveRoomspaceController	MoveSpawn	(0.0, 0.0, 0.0)
63847047332663	TASK_END	MovePlayerToSpawn	MoveSpawn	17
63847047332665	TASK_START	ViewObjects	LM_ToggleObjects
63847047349144	TASK_END	ViewObjects	LM_ToggleObjects	16479
63847047349146	TASK_START	BlackoutWalking	LM_BlackoutPath
63847047366163	TASK_END	BlackoutWalking	LM_BlackoutPath	17017
LandmarksTrialData:
--------------------
subID	trial	Room	Condition	moveItem	Repeat	Block	ObjectMovedIs	start	end	TarPos_x	TarPos_z	TarRot_x	TarRot_z	Start_SubPos_x	Start_SubPos_z	Start_SubRot_x	Start_SubRot_z	TargetReached	End_SubPos_x	End_SubPos_z	End_SubRot_x	End_SubRot_z	response	RT	
sabinaaaa	8	Room_129	walk	yes	A	2	left	A	B	79.2194	130.9318	0	0	77.74773	132.2288	0.155569	-0.04804971	True	79.28819	130.9149	0.1458359	0.01035357	No response	N/A	
--------------------

63847047366167	LM_Output	TaskList
TaskListName	RepetitionNumber	CatchFlag
ViewpointTrials10False
63847047366167	TASK_END	ViewpointTrials	TaskList	347879
63847047366169	LM_Output	TaskList
TaskListName	RepetitionNumber	CatchFlag
TASK_ViewpointTask1False
63847047366169	TASK_END	TASK_ViewpointTask	TaskList	347913
63847047366171	LM_Output	TaskList
TaskListName	RepetitionNumber	CatchFlag
Tasks1False
63847047366172	TASK_END	Tasks	TaskList	347917
63847047366173	TASK_START	EndMessage	InstructionsTask
63847047375190	TASK_END	EndMessage	InstructionsTask	9017
63847047375190	LM_Output	TaskList
TaskListName	RepetitionNumber	CatchFlag
LM_Timeline1False
63847047375194	TASK_END	LM_Timeline	TaskList	373448
