63847046637195	EXPERIMENT:		SUBJECT:	ruin	START_SCENE	use for vr	START_CONDITION:	default	UI:	ViveRoomspace
63847046639937	TASK_START	LM_Timeline	TaskList
63847046639939	TASK_START	InitializeExperiment	TaskList
63847046639942	TASK_START	PrepareRooms	LM_PrepareRooms
63847046639996	TASK_END	PrepareRooms	LM_PrepareRooms	54
63847046639997	LM_Output	TaskList
TaskListName	RepetitionNumber	CatchFlag
InitializeExperiment1False
63847046639998	TASK_END	InitializeExperiment	TaskList	60
63847046640001	TASK_START	BeginMessage	InstructionsTask
63847046644007	INPUT_EVENT    PlayerPressedActionButton    1
63847046644009	TASK_END	BeginMessage	InstructionsTask	4008
63847046644011	TASK_START	Tasks	TaskList
63847046644013	TASK_START	TASK_ViewpointTask	TaskList
63847046644019	TASK_START	ListViewpointSpawns	ObjectList
63847046644028	TASK_END	ListViewpointSpawns	ObjectList	8
63847046644031	TASK_START	ListViewpointTransfers	ObjectList
63847046644039	TASK_END	ListViewpointTransfers	ObjectList	8
63847046644040	TASK_START	ViewpointTrials	TaskList
63847046644044	TASK_START	Counter	LM_DummyCounter
63847046644052	TASK_END	Counter	LM_DummyCounter	8
63847046644054	TASK_START	BlockInstruction	InstructionsTaskViewpoint
63847046644755	INPUT_EVENT    PlayerPressedActionButton    1
63847046644756	TASK_END	BlockInstruction	InstructionsTaskViewpoint	703
63847046644760	TASK_START	MovePlayerToSpawn	MoveSpawn
63847046644762	TASK_POSITION	ViveRoomspaceController	MoveSpawn	(32.3, 0.1, 133.1)
63847046644764	TASK_ROTATE	ViveRoomspaceController	MoveSpawn	(0.0, 0.0, 0.0)
63847046644782	TASK_END	MovePlayerToSpawn	MoveSpawn	22
63847046644785	TASK_START	ViewObjects	LM_ToggleObjects
63847046654007	TASK_END	ViewObjects	LM_ToggleObjects	9222
63847046654010	TASK_START	BlackoutWalking	LM_BlackoutPath
63847046671010	TASK_END	BlackoutWalking	LM_BlackoutPath	17000
LandmarksTrialData:
--------------------
subID	trial	Room	Condition	moveItem	Repeat	Block	ObjectMovedIs	start	end	TarPos_x	TarPos_z	TarRot_x	TarRot_z	Start_SubPos_x	Start_SubPos_z	Start_SubRot_x	Start_SubRot_z	TargetReached	End_SubPos_x	End_SubPos_z	End_SubRot_x	End_SubRot_z	response	RT	
ruin	0	Room_121	stay	yes	A	1	left	A	A	32.25	133.05	0	0	32.15843	133.03	-0.1104347	-0.2038361	True	32.08648	133.0602	0.2368266	0.2587219	No response	N/A	
--------------------

63847046671015	LM_Output	TaskList
TaskListName	RepetitionNumber	CatchFlag
ViewpointTrials2False
63847046671017	TASK_START	Counter	LM_DummyCounter
63847046671039	TASK_END	Counter	LM_DummyCounter	21
63847046671040	TASK_START	BlockInstruction	InstructionsTaskViewpoint
63847046671041	INFO    skip task    BlockInstruction
63847046671059	TASK_END	BlockInstruction	InstructionsTaskViewpoint	18
63847046671061	TASK_START	MovePlayerToSpawn	MoveSpawn
63847046671062	TASK_POSITION	ViveRoomspaceController	MoveSpawn	(61.9, 0.1, 131.9)
63847046671064	TASK_ROTATE	ViveRoomspaceController	MoveSpawn	(0.0, 0.0, 0.0)
63847046671081	TASK_END	MovePlayerToSpawn	MoveSpawn	20
63847046671082	TASK_START	ViewObjects	LM_ToggleObjects
63847046680168	TASK_END	ViewObjects	LM_ToggleObjects	9085
63847046680170	TASK_START	BlackoutWalking	LM_BlackoutPath
63847046697179	TASK_END	BlackoutWalking	LM_BlackoutPath	17009
LandmarksTrialData:
--------------------
subID	trial	Room	Condition	moveItem	Repeat	Block	ObjectMovedIs	start	end	TarPos_x	TarPos_z	TarRot_x	TarRot_z	Start_SubPos_x	Start_SubPos_z	Start_SubRot_x	Start_SubRot_z	TargetReached	End_SubPos_x	End_SubPos_z	End_SubRot_x	End_SubRot_z	response	RT	
ruin	0	Room_121	stay	yes	A	1	left	A	B	61.94855	131.925	0	0	61.71657	132.0111	0.1477585	0.1290194	True	61.74609	132.0217	0.1762657	0.1366026	No response	N/A	
--------------------

63847046697183	LM_Output	TaskList
TaskListName	RepetitionNumber	CatchFlag
ViewpointTrials3False
63847046697186	TASK_START	Counter	LM_DummyCounter
63847046697202	TASK_END	Counter	LM_DummyCounter	16
63847046697203	TASK_START	BlockInstruction	InstructionsTaskViewpoint
63847046697204	INFO    skip task    BlockInstruction
63847046697221	TASK_END	BlockInstruction	InstructionsTaskViewpoint	17
63847046697222	TASK_START	MovePlayerToSpawn	MoveSpawn
63847046697224	TASK_POSITION	ViveRoomspaceController	MoveSpawn	(98.3, 0.1, 131.6)
63847046697225	TASK_ROTATE	ViveRoomspaceController	MoveSpawn	(0.0, 0.0, 0.0)
63847046697247	TASK_END	MovePlayerToSpawn	MoveSpawn	24
63847046697248	TASK_START	ViewObjects	LM_ToggleObjects
