63852405022293	EXPERIMENT:		SUBJECT:	zzpilot	START_SCENE	use for vr	START_CONDITION:	default	UI:	KeyboardMouse
63852405034549	TASK_START	LM_Timeline	TaskList
63852405034551	TASK_START	InitializeExperiment	TaskList
63852405034553	TASK_START	PrepareRooms	LM_PrepareRooms
63852405034650	TASK_END	PrepareRooms	LM_PrepareRooms	97
63852405034652	LM_Output	TaskList
TaskListName	RepetitionNumber	CatchFlag
InitializeExperiment1False
63852405034653	TASK_END	InitializeExperiment	TaskList	102
63852405034656	TASK_START	BeginMessage	InstructionsTask
63852405036690	INPUT_EVENT    PlayerPressedActionButton    1
63852405036691	TASK_END	BeginMessage	InstructionsTask	2035
63852405036693	TASK_START	Tasks	TaskList
63852405036696	TASK_START	TASK_ViewpointTask	TaskList
63852405036702	TASK_START	ListViewpointSpawns	ObjectList
63852405036732	TASK_END	ListViewpointSpawns	ObjectList	30
63852405036734	TASK_START	ListViewpointTransfers	ObjectList
63852405036756	TASK_END	ListViewpointTransfers	ObjectList	21
63852405036757	TASK_START	ViewpointTrials	TaskList
63852405036760	TASK_START	Counter	LM_DummyCounter
63852405036780	TASK_END	Counter	LM_DummyCounter	20
63852405036782	TASK_START	BlockInstruction	InstructionsTaskViewpoint
63852405037321	INPUT_EVENT    PlayerPressedActionButton    1
63852405037323	TASK_END	BlockInstruction	InstructionsTaskViewpoint	541
63852405037325	TASK_START	MovePlayerToSpawn	MoveSpawn
63852405037328	TASK_POSITION	KeyboardMouseController	MoveSpawn	(89.2, 0.1, 104.9)
63852405037329	TASK_ROTATE	KeyboardMouseController	MoveSpawn	(0.0, 18.6, 0.0)
63852405037347	TASK_END	MovePlayerToSpawn	MoveSpawn	22
63852405037349	TASK_START	ViewObjects	LM_ToggleObjects
63852405047868	TASK_END	ViewObjects	LM_ToggleObjects	10519
63852405047872	TASK_START	BlackoutWalking	LM_BlackoutPath
63852405052670	TASK_RESPONSE	Left Button Pressed	Response Time: 1.670603
63852405058003	TASK_END	BlackoutWalking	LM_BlackoutPath	10131
LandmarksTrialData:
--------------------
Timestamp	subID	trial	Room	Condition	moveItem	Repeat	Block	ObjectMovedIs	start	end	TargetObject	TarPos_x	TarPos_z	Start_SubPos_x	Start_SubPos_z	Delay_time	TargetReached	End_SubPos_x	End_SubPos_z	response	RT	
05/27/2024 11:10 AM	zzpilot	0	Room_108	stay	yes	B	1	left	A	B	PoolTable_01	89.23045	104.8857	89.23183	104.8677	3.158108	True	89.22038	105.0063	Left	1.670603	
--------------------

63852405058008	LM_Output	TaskList
TaskListName	RepetitionNumber	CatchFlag
ViewpointTrials2False
63852405058010	TASK_START	Counter	LM_DummyCounter
63852405058025	TASK_END	Counter	LM_DummyCounter	15
63852405058027	TASK_START	BlockInstruction	InstructionsTaskViewpoint
63852405058027	INFO    skip task    BlockInstruction
63852405058048	TASK_END	BlockInstruction	InstructionsTaskViewpoint	23
63852405058050	TASK_START	MovePlayerToSpawn	MoveSpawn
63852405058052	TASK_POSITION	KeyboardMouseController	MoveSpawn	(49.2, 0.1, 4.9)
63852405058053	TASK_ROTATE	KeyboardMouseController	MoveSpawn	(0.0, 16.9, 0.0)
63852405058078	TASK_END	MovePlayerToSpawn	MoveSpawn	29
63852405058080	TASK_START	ViewObjects	LM_ToggleObjects
63852405073018	TASK_END	ViewObjects	LM_ToggleObjects	14938
63852405073019	TASK_START	BlackoutWalking	LM_BlackoutPath
63852405077035	TASK_RESPONSE	Left Button Pressed	Response Time: 0.970064
63852405083075	TASK_END	BlackoutWalking	LM_BlackoutPath	10056
LandmarksTrialData:
--------------------
Timestamp	subID	trial	Room	Condition	moveItem	Repeat	Block	ObjectMovedIs	start	end	TargetObject	TarPos_x	TarPos_z	Start_SubPos_x	Start_SubPos_z	Delay_time	TargetReached	End_SubPos_x	End_SubPos_z	response	RT	
05/27/2024 11:11 AM	zzpilot	1	Room_4	stay	no	B	1	left	A	B	None	49.23045	4.885691	49.23235	4.855367	3.076151	True	49.14186	4.800213	Left	0.970064	
--------------------

63852405083079	LM_Output	TaskList
TaskListName	RepetitionNumber	CatchFlag
ViewpointTrials3False
63852405083082	TASK_START	Counter	LM_DummyCounter
63852405083101	TASK_END	Counter	LM_DummyCounter	19
63852405083102	TASK_START	BlockInstruction	InstructionsTaskViewpoint
63852405083103	INFO    skip task    BlockInstruction
63852405083125	TASK_END	BlockInstruction	InstructionsTaskViewpoint	24
63852405083127	TASK_START	MovePlayerToSpawn	MoveSpawn
63852405083130	TASK_POSITION	KeyboardMouseController	MoveSpawn	(61.1, 0.1, 25.0)
63852405083131	TASK_ROTATE	KeyboardMouseController	MoveSpawn	(0.0, 33.4, 0.0)
63852405083150	TASK_END	MovePlayerToSpawn	MoveSpawn	23
63852405083151	TASK_START	ViewObjects	LM_ToggleObjects
63852405843406	EXPERIMENT:		SUBJECT:	zzpilot	START_SCENE	use for vr	START_CONDITION:	default	UI:	ViveRoomspace
63852405855572	TASK_START	LM_Timeline	TaskList
63852405855574	TASK_START	InitializeExperiment	TaskList
63852405855576	TASK_START	PrepareRooms	LM_PrepareRooms
63852405855656	TASK_END	PrepareRooms	LM_PrepareRooms	80
63852405855658	LM_Output	TaskList
TaskListName	RepetitionNumber	CatchFlag
InitializeExperiment1False
63852405855659	TASK_END	InitializeExperiment	TaskList	85
63852405855661	TASK_START	BeginMessage	InstructionsTask
63852405861400	INPUT_EVENT    PlayerPressedActionButton    1
63852405861402	TASK_END	BeginMessage	InstructionsTask	5741
63852405861404	TASK_START	Tasks	TaskList
63852405861407	TASK_START	TASK_ViewpointTask	TaskList
63852405861412	TASK_START	ListViewpointSpawns	ObjectList
63852405861429	TASK_END	ListViewpointSpawns	ObjectList	17
63852405861433	TASK_START	ListViewpointTransfers	ObjectList
63852405861452	TASK_END	ListViewpointTransfers	ObjectList	19
63852405861454	TASK_START	ViewpointTrials	TaskList
63852405861456	TASK_START	Counter	LM_DummyCounter
63852405861475	TASK_END	Counter	LM_DummyCounter	19
63852405861478	TASK_START	BlockInstruction	InstructionsTaskViewpoint
63852405861951	INPUT_EVENT    PlayerPressedActionButton    1
63852405861952	TASK_END	BlockInstruction	InstructionsTaskViewpoint	474
63852405861955	TASK_START	MovePlayerToSpawn	MoveSpawn
63852405861957	TASK_POSITION	ViveRoomspaceController	MoveSpawn	(89.2, 0.1, 104.9)
63852405861959	TASK_ROTATE	ViveRoomspaceController	MoveSpawn	(0.0, 0.0, 0.0)
63852405861980	TASK_END	MovePlayerToSpawn	MoveSpawn	25
63852405861983	TASK_START	ViewObjects	LM_ToggleObjects
63852405871737	TASK_END	ViewObjects	LM_ToggleObjects	9754
63852405871741	TASK_START	BlackoutWalking	LM_BlackoutPath
63852405878742	TASK_RESPONSE	Right Button Pressed	Response Time: 2.283896
63852405883485	TASK_END	BlackoutWalking	LM_BlackoutPath	11744
LandmarksTrialData:
--------------------
Timestamp	subID	trial	Room	Condition	moveItem	Repeat	Block	ObjectMovedIs	start	end	TargetObject	TarPos_x	TarPos_z	Start_SubPos_x	Start_SubPos_z	Delay_time	TargetReached	End_SubPos_x	End_SubPos_z	response	RT	
05/27/2024 11:24 AM	zzpilot	0	Room_108	stay	yes	B	1	left	A	B	PoolTable_01	89.23045	104.8857	89.42115	105.0347	4.746285	True	89.18525	105.0551	Right	2.283896	
--------------------

63852405883490	LM_Output	TaskList
TaskListName	RepetitionNumber	CatchFlag
ViewpointTrials2False
63852405883492	TASK_START	Counter	LM_DummyCounter
63852405883529	TASK_END	Counter	LM_DummyCounter	36
63852405883531	TASK_START	BlockInstruction	InstructionsTaskViewpoint
63852405883532	INFO    skip task    BlockInstruction
63852405883553	TASK_END	BlockInstruction	InstructionsTaskViewpoint	23
63852405883555	TASK_START	MovePlayerToSpawn	MoveSpawn
63852405883556	TASK_POSITION	ViveRoomspaceController	MoveSpawn	(49.2, 0.1, 4.9)
63852405883558	TASK_ROTATE	ViveRoomspaceController	MoveSpawn	(0.0, 0.0, 0.0)
63852405883582	TASK_END	MovePlayerToSpawn	MoveSpawn	27
63852405883583	TASK_START	ViewObjects	LM_ToggleObjects
63852405891754	TASK_END	ViewObjects	LM_ToggleObjects	8170
63852405891756	TASK_START	BlackoutWalking	LM_BlackoutPath
63852405900573	TASK_RESPONSE	Right Button Pressed	Response Time: 4.320847
63852405903289	TASK_END	BlackoutWalking	LM_BlackoutPath	11532
LandmarksTrialData:
--------------------
Timestamp	subID	trial	Room	Condition	moveItem	Repeat	Block	ObjectMovedIs	start	end	TargetObject	TarPos_x	TarPos_z	Start_SubPos_x	Start_SubPos_z	Delay_time	TargetReached	End_SubPos_x	End_SubPos_z	response	RT	
05/27/2024 11:24 AM	zzpilot	1	Room_4	stay	no	B	1	left	A	B	None	49.23045	4.885691	49.3331	5.163123	4.523788	True	49.22607	5.082121	Right	4.320847	
--------------------

63852405903292	LM_Output	TaskList
TaskListName	RepetitionNumber	CatchFlag
ViewpointTrials3False
63852405903294	TASK_START	Counter	LM_DummyCounter
63852405903320	TASK_END	Counter	LM_DummyCounter	26
63852405903321	TASK_START	BlockInstruction	InstructionsTaskViewpoint
63852405903323	INFO    skip task    BlockInstruction
63852405903349	TASK_END	BlockInstruction	InstructionsTaskViewpoint	28
63852405903351	TASK_START	MovePlayerToSpawn	MoveSpawn
63852405903352	TASK_POSITION	ViveRoomspaceController	MoveSpawn	(61.1, 0.1, 25.0)
63852405903355	TASK_ROTATE	ViveRoomspaceController	MoveSpawn	(0.0, 0.0, 0.0)
63852405903387	TASK_END	MovePlayerToSpawn	MoveSpawn	36
63852405903389	TASK_START	ViewObjects	LM_ToggleObjects
63852405911808	TASK_END	ViewObjects	LM_ToggleObjects	8420
63852405911810	TASK_START	BlackoutWalking	LM_BlackoutPath
63852405924708	TASK_RESPONSE	Left Button Pressed	Response Time: 3.943001
63852405927779	TASK_END	BlackoutWalking	LM_BlackoutPath	15970
LandmarksTrialData:
--------------------
Timestamp	subID	trial	Room	Condition	moveItem	Repeat	Block	ObjectMovedIs	start	end	TargetObject	TarPos_x	TarPos_z	Start_SubPos_x	Start_SubPos_z	Delay_time	TargetReached	End_SubPos_x	End_SubPos_z	response	RT	
05/27/2024 11:25 AM	zzpilot	2	Room_25	stay	yes	B	1	left	B	A	Laptop	61.1209	25.04046	60.99958	25.18878	8.984497	True	61.16142	25.20584	Left	3.943001	
--------------------

63852405927783	LM_Output	TaskList
TaskListName	RepetitionNumber	CatchFlag
ViewpointTrials4False
63852405927785	TASK_START	Counter	LM_DummyCounter
63852405927809	TASK_END	Counter	LM_DummyCounter	24
63852405927810	TASK_START	BlockInstruction	InstructionsTaskViewpoint
63852405927811	INFO    skip task    BlockInstruction
63852405927838	TASK_END	BlockInstruction	InstructionsTaskViewpoint	28
63852405927840	TASK_START	MovePlayerToSpawn	MoveSpawn
63852405927841	TASK_POSITION	ViveRoomspaceController	MoveSpawn	(109.2, 0.1, 104.9)
63852405927843	TASK_ROTATE	ViveRoomspaceController	MoveSpawn	(0.0, 0.0, 0.0)
63852405927861	TASK_END	MovePlayerToSpawn	MoveSpawn	21
63852405927862	TASK_START	ViewObjects	LM_ToggleObjects
63852406289478	EXPERIMENT:		SUBJECT:	zzpilot	START_SCENE	use for vr	START_CONDITION:	default	UI:	ViveRoomspace
63852406301741	TASK_START	LM_Timeline	TaskList
63852406301743	TASK_START	InitializeExperiment	TaskList
63852406301744	TASK_START	PrepareRooms	LM_PrepareRooms
63852406301846	TASK_END	PrepareRooms	LM_PrepareRooms	101
63852406301848	LM_Output	TaskList
TaskListName	RepetitionNumber	CatchFlag
InitializeExperiment1False
63852406301849	TASK_END	InitializeExperiment	TaskList	106
63852406301852	TASK_START	BeginMessage	InstructionsTask
63852406304854	INPUT_EVENT    PlayerPressedActionButton    1
63852406304855	TASK_END	BeginMessage	InstructionsTask	3004
63852406304857	TASK_START	Tasks	TaskList
63852406304860	TASK_START	TASK_ViewpointTask	TaskList
63852406304865	TASK_START	ListViewpointSpawns	ObjectList
63852406304899	TASK_END	ListViewpointSpawns	ObjectList	35
63852406304902	TASK_START	ListViewpointTransfers	ObjectList
63852406304923	TASK_END	ListViewpointTransfers	ObjectList	21
63852406304925	TASK_START	ViewpointTrials	TaskList
63852406304928	TASK_START	Counter	LM_DummyCounter
63852406304953	TASK_END	Counter	LM_DummyCounter	25
63852406304956	TASK_START	BlockInstruction	InstructionsTaskViewpoint
63852406305554	INPUT_EVENT    PlayerPressedActionButton    1
63852406305556	TASK_END	BlockInstruction	InstructionsTaskViewpoint	600
63852406305559	TASK_START	MovePlayerToSpawn	MoveSpawn
63852406305562	TASK_POSITION	ViveRoomspaceController	MoveSpawn	(89.2, 0.1, 104.9)
63852406305565	TASK_ROTATE	ViveRoomspaceController	MoveSpawn	(0.0, 0.0, 0.0)
63852406305586	TASK_END	MovePlayerToSpawn	MoveSpawn	27
63852406305589	TASK_START	ViewObjects	LM_ToggleObjects
63852406316026	TASK_END	ViewObjects	LM_ToggleObjects	10437
63852406316029	TASK_START	BlackoutWalking	LM_BlackoutPath
63852406327201	TASK_END	BlackoutWalking	LM_BlackoutPath	11172
LandmarksTrialData:
--------------------
Timestamp	subID	trial	Room	Condition	moveItem	Repeat	Block	ObjectMovedIs	start	end	TargetObject	TarPos_x	TarPos_z	Start_SubPos_x	Start_SubPos_z	Delay_time	TargetReached	End_SubPos_x	End_SubPos_z	response	RT	
05/27/2024 11:31 AM	zzpilot	0	Room_108	stay	yes	B	1	left	A	B	PoolTable_01	89.23045	104.8857	89.3375	105.1287	4.212277	True	89.25329	105.0928	No response	N/A	
--------------------

63852406327206	LM_Output	TaskList
TaskListName	RepetitionNumber	CatchFlag
ViewpointTrials2False
63852406327208	TASK_START	Counter	LM_DummyCounter
63852406327232	TASK_END	Counter	LM_DummyCounter	24
63852406327233	TASK_START	BlockInstruction	InstructionsTaskViewpoint
63852406327235	INFO    skip task    BlockInstruction
63852406327252	TASK_END	BlockInstruction	InstructionsTaskViewpoint	19
63852406327255	TASK_START	MovePlayerToSpawn	MoveSpawn
63852406327257	TASK_POSITION	ViveRoomspaceController	MoveSpawn	(49.2, 0.1, 4.9)
63852406327258	TASK_ROTATE	ViveRoomspaceController	MoveSpawn	(0.0, 0.0, 0.0)
63852406327280	TASK_END	MovePlayerToSpawn	MoveSpawn	25
63852406327281	TASK_START	ViewObjects	LM_ToggleObjects
63852406396581	EXPERIMENT:		SUBJECT:	zzpilot	START_SCENE	use for vr	START_CONDITION:	default	UI:	ViveRoomspace
63852406408803	TASK_START	LM_Timeline	TaskList
63852406408807	TASK_START	InitializeExperiment	TaskList
63852406408809	TASK_START	PrepareRooms	LM_PrepareRooms
63852406408915	TASK_END	PrepareRooms	LM_PrepareRooms	105
63852406408917	LM_Output	TaskList
TaskListName	RepetitionNumber	CatchFlag
InitializeExperiment1False
63852406408918	TASK_END	InitializeExperiment	TaskList	112
63852406408921	TASK_START	BeginMessage	InstructionsTask
63852406413478	INPUT_EVENT    PlayerPressedActionButton    1
63852406413479	TASK_END	BeginMessage	InstructionsTask	4559
63852406413483	TASK_START	Tasks	TaskList
63852406413485	TASK_START	TASK_ViewpointTask	TaskList
63852406413491	TASK_START	ListViewpointSpawns	ObjectList
63852406413524	TASK_END	ListViewpointSpawns	ObjectList	31
63852406413526	TASK_START	ListViewpointTransfers	ObjectList
63852406413571	TASK_END	ListViewpointTransfers	ObjectList	44
63852406413573	TASK_START	ViewpointTrials	TaskList
63852406413576	TASK_START	Counter	LM_DummyCounter
63852406413615	TASK_END	Counter	LM_DummyCounter	40
63852406413624	TASK_START	BlockInstruction	InstructionsTaskViewpoint
63852406414147	INPUT_EVENT    PlayerPressedActionButton    1
63852406414149	TASK_END	BlockInstruction	InstructionsTaskViewpoint	530
63852406414151	TASK_START	MovePlayerToSpawn	MoveSpawn
63852406414153	TASK_POSITION	ViveRoomspaceController	MoveSpawn	(89.2, 0.1, 104.9)
63852406414156	TASK_ROTATE	ViveRoomspaceController	MoveSpawn	(0.0, 0.0, 0.0)
63852406414180	TASK_END	MovePlayerToSpawn	MoveSpawn	29
63852406414184	TASK_START	ViewObjects	LM_ToggleObjects
63852406423971	TASK_END	ViewObjects	LM_ToggleObjects	9787
63852406423974	TASK_START	BlackoutWalking	LM_BlackoutPath
63852406437483	TASK_END	BlackoutWalking	LM_BlackoutPath	13508
LandmarksTrialData:
--------------------
Timestamp	subID	trial	Room	Condition	moveItem	Repeat	Block	ObjectMovedIs	start	end	TargetObject	TarPos_x	TarPos_z	Start_SubPos_x	Start_SubPos_z	Delay_time	TargetReached	End_SubPos_x	End_SubPos_z	response	RT	
05/27/2024 11:33 AM	zzpilot	0	Room_108	stay	yes	B	1	left	A	B	PoolTable_01	89.23045	104.8857	89.14384	104.9407	6.544923	True	89.14393	104.9224	No response	N/A	
--------------------

63852406437489	LM_Output	TaskList
TaskListName	RepetitionNumber	CatchFlag
ViewpointTrials2False
63852406437492	TASK_START	Counter	LM_DummyCounter
63852406437511	TASK_END	Counter	LM_DummyCounter	19
63852406437513	TASK_START	BlockInstruction	InstructionsTaskViewpoint
63852406437514	INFO    skip task    BlockInstruction
63852406437535	TASK_END	BlockInstruction	InstructionsTaskViewpoint	22
63852406437537	TASK_START	MovePlayerToSpawn	MoveSpawn
63852406437540	TASK_POSITION	ViveRoomspaceController	MoveSpawn	(49.2, 0.1, 4.9)
63852406437542	TASK_ROTATE	ViveRoomspaceController	MoveSpawn	(0.0, 0.0, 0.0)
63852406437559	TASK_END	MovePlayerToSpawn	MoveSpawn	22
63852406437561	TASK_START	ViewObjects	LM_ToggleObjects
63852406445876	TASK_END	ViewObjects	LM_ToggleObjects	8315
63852406445878	TASK_START	BlackoutWalking	LM_BlackoutPath
63852406604575	EXPERIMENT:		SUBJECT:	zzpilot	START_SCENE	use for vr	START_CONDITION:	default	UI:	ViveRoomspace
63852406616834	TASK_START	LM_Timeline	TaskList
63852406616836	TASK_START	InitializeExperiment	TaskList
63852406616838	TASK_START	PrepareRooms	LM_PrepareRooms
63852406616953	TASK_END	PrepareRooms	LM_PrepareRooms	114
63852406616954	LM_Output	TaskList
TaskListName	RepetitionNumber	CatchFlag
InitializeExperiment1False
63852406616955	TASK_END	InitializeExperiment	TaskList	120
63852406616957	TASK_START	BeginMessage	InstructionsTask
63852406619572	INPUT_EVENT    PlayerPressedActionButton    1
63852406619573	TASK_END	BeginMessage	InstructionsTask	2616
63852406619575	TASK_START	Tasks	TaskList
63852406619578	TASK_START	TASK_ViewpointTask	TaskList
63852406619583	TASK_START	ListViewpointSpawns	ObjectList
63852406619606	TASK_END	ListViewpointSpawns	ObjectList	23
63852406619610	TASK_START	ListViewpointTransfers	ObjectList
63852406619633	TASK_END	ListViewpointTransfers	ObjectList	23
63852406619635	TASK_START	ViewpointTrials	TaskList
63852406619639	TASK_START	Counter	LM_DummyCounter
63852406619665	TASK_END	Counter	LM_DummyCounter	27
63852406619668	TASK_START	BlockInstruction	InstructionsTaskViewpoint
63852406620586	INPUT_EVENT    PlayerPressedActionButton    1
63852406620588	TASK_END	BlockInstruction	InstructionsTaskViewpoint	919
63852406620591	TASK_START	MovePlayerToSpawn	MoveSpawn
63852406620592	TASK_POSITION	ViveRoomspaceController	MoveSpawn	(89.2, 0.1, 104.9)
63852406620594	TASK_ROTATE	ViveRoomspaceController	MoveSpawn	(0.0, 0.0, 0.0)
63852406620620	TASK_END	MovePlayerToSpawn	MoveSpawn	29
63852406620623	TASK_START	ViewObjects	LM_ToggleObjects
63852406630945	TASK_END	ViewObjects	LM_ToggleObjects	10323
63852406630949	TASK_START	BlackoutWalking	LM_BlackoutPath
63852406647540	TASK_END	BlackoutWalking	LM_BlackoutPath	16591
LandmarksTrialData:
--------------------
Timestamp	subID	trial	Room	Condition	moveItem	Repeat	Block	ObjectMovedIs	start	end	TargetObject	TarPos_x	TarPos_z	Start_SubPos_x	Start_SubPos_z	Delay_time	TargetReached	End_SubPos_x	End_SubPos_z	response	RT	
05/27/2024 11:37 AM	zzpilot	0	Room_108	stay	yes	B	1	left	A	B	PoolTable_01	89.23045	104.8857	89.18568	104.9803	9.589956	True	89.20276	105.0557	No response	N/A	
--------------------

63852406647543	LM_Output	TaskList
TaskListName	RepetitionNumber	CatchFlag
ViewpointTrials2False
63852406647545	TASK_START	Counter	LM_DummyCounter
63852406647567	TASK_END	Counter	LM_DummyCounter	21
63852406647568	TASK_START	BlockInstruction	InstructionsTaskViewpoint
63852406647569	INFO    skip task    BlockInstruction
63852406647593	TASK_END	BlockInstruction	InstructionsTaskViewpoint	25
63852406647594	TASK_START	MovePlayerToSpawn	MoveSpawn
63852406647596	TASK_POSITION	ViveRoomspaceController	MoveSpawn	(49.2, 0.1, 4.9)
63852406647598	TASK_ROTATE	ViveRoomspaceController	MoveSpawn	(0.0, 0.0, 0.0)
63852406647626	TASK_END	MovePlayerToSpawn	MoveSpawn	31
63852406647627	TASK_START	ViewObjects	LM_ToggleObjects
63852406655590	TASK_END	ViewObjects	LM_ToggleObjects	7962
63852406655592	TASK_START	BlackoutWalking	LM_BlackoutPath
63852406669327	TASK_END	BlackoutWalking	LM_BlackoutPath	13735
LandmarksTrialData:
--------------------
Timestamp	subID	trial	Room	Condition	moveItem	Repeat	Block	ObjectMovedIs	start	end	TargetObject	TarPos_x	TarPos_z	Start_SubPos_x	Start_SubPos_z	Delay_time	TargetReached	End_SubPos_x	End_SubPos_z	response	RT	
05/27/2024 11:37 AM	zzpilot	1	Room_4	stay	no	B	1	left	A	B	None	49.23045	4.885691	49.56019	5.756657	6.747097	True	49.15506	5.014161	No response	N/A	
--------------------

63852406669331	LM_Output	TaskList
TaskListName	RepetitionNumber	CatchFlag
ViewpointTrials3False
63852406669333	TASK_START	Counter	LM_DummyCounter
63852406669361	TASK_END	Counter	LM_DummyCounter	28
63852406669363	TASK_START	BlockInstruction	InstructionsTaskViewpoint
63852406669364	INFO    skip task    BlockInstruction
63852406669383	TASK_END	BlockInstruction	InstructionsTaskViewpoint	20
63852406669385	TASK_START	MovePlayerToSpawn	MoveSpawn
63852406669387	TASK_POSITION	ViveRoomspaceController	MoveSpawn	(61.1, 0.1, 25.0)
63852406669389	TASK_ROTATE	ViveRoomspaceController	MoveSpawn	(0.0, 0.0, 0.0)
63852406669416	TASK_END	MovePlayerToSpawn	MoveSpawn	31
63852406669417	TASK_START	ViewObjects	LM_ToggleObjects
63852406678281	TASK_END	ViewObjects	LM_ToggleObjects	8864
63852406678283	TASK_START	BlackoutWalking	LM_BlackoutPath
63852406686664	TASK_RESPONSE	Right Button Pressed	Response Time: 3.684277
63852406689997	TASK_END	BlackoutWalking	LM_BlackoutPath	11714
LandmarksTrialData:
--------------------
Timestamp	subID	trial	Room	Condition	moveItem	Repeat	Block	ObjectMovedIs	start	end	TargetObject	TarPos_x	TarPos_z	Start_SubPos_x	Start_SubPos_z	Delay_time	TargetReached	End_SubPos_x	End_SubPos_z	response	RT	
05/27/2024 11:37 AM	zzpilot	2	Room_25	stay	yes	B	1	left	B	A	Laptop	61.1209	25.04046	61.09328	25.31298	4.716139	True	61.23235	25.23186	Right	3.684277	
--------------------

63852406690001	LM_Output	TaskList
TaskListName	RepetitionNumber	CatchFlag
ViewpointTrials4False
63852406690003	TASK_START	Counter	LM_DummyCounter
63852406690024	TASK_END	Counter	LM_DummyCounter	20
63852406690026	TASK_START	BlockInstruction	InstructionsTaskViewpoint
63852406690027	INFO    skip task    BlockInstruction
63852406690045	TASK_END	BlockInstruction	InstructionsTaskViewpoint	19
63852406690047	TASK_START	MovePlayerToSpawn	MoveSpawn
63852406690049	TASK_POSITION	ViveRoomspaceController	MoveSpawn	(109.2, 0.1, 104.9)
63852406690050	TASK_ROTATE	ViveRoomspaceController	MoveSpawn	(0.0, 0.0, 0.0)
63852406690072	TASK_END	MovePlayerToSpawn	MoveSpawn	25
63852406690073	TASK_START	ViewObjects	LM_ToggleObjects
63852406698290	TASK_END	ViewObjects	LM_ToggleObjects	8217
63852406698292	TASK_START	BlackoutWalking	LM_BlackoutPath
63852406703789	TASK_RESPONSE	Right Button Pressed	Response Time: 1.386378
63852406709420	TASK_END	BlackoutWalking	LM_BlackoutPath	11128
LandmarksTrialData:
--------------------
Timestamp	subID	trial	Room	Condition	moveItem	Repeat	Block	ObjectMovedIs	start	end	TargetObject	TarPos_x	TarPos_z	Start_SubPos_x	Start_SubPos_z	Delay_time	TargetReached	End_SubPos_x	End_SubPos_z	response	RT	
05/27/2024 11:38 AM	zzpilot	3	Room_110	stay	no	B	1	left	A	B	None	109.2305	104.8857	109.196	104.978	4.14408	True	109.2165	104.9901	Right	1.386378	
--------------------

63852406709424	LM_Output	TaskList
TaskListName	RepetitionNumber	CatchFlag
ViewpointTrials5False
63852406709425	TASK_START	Counter	LM_DummyCounter
63852406709445	TASK_END	Counter	LM_DummyCounter	19
63852406709447	TASK_START	BlockInstruction	InstructionsTaskViewpoint
63852406709447	INFO    skip task    BlockInstruction
63852406709472	TASK_END	BlockInstruction	InstructionsTaskViewpoint	25
63852406709474	TASK_START	MovePlayerToSpawn	MoveSpawn
63852406709475	TASK_POSITION	ViveRoomspaceController	MoveSpawn	(81.1, 0.1, 115.0)
63852406709476	TASK_ROTATE	ViveRoomspaceController	MoveSpawn	(0.0, 0.0, 0.0)
63852406709497	TASK_END	MovePlayerToSpawn	MoveSpawn	24
63852406709500	TASK_START	ViewObjects	LM_ToggleObjects
63852406717676	TASK_END	ViewObjects	LM_ToggleObjects	8176
63852406717678	TASK_START	BlackoutWalking	LM_BlackoutPath
63852406723204	TASK_RESPONSE	Left Button Pressed	Response Time: 1.596266
63852406728624	TASK_END	BlackoutWalking	LM_BlackoutPath	10947
LandmarksTrialData:
--------------------
Timestamp	subID	trial	Room	Condition	moveItem	Repeat	Block	ObjectMovedIs	start	end	TargetObject	TarPos_x	TarPos_z	Start_SubPos_x	Start_SubPos_z	Delay_time	TargetReached	End_SubPos_x	End_SubPos_z	response	RT	
05/27/2024 11:38 AM	zzpilot	4	Room_117	stay	no	B	1	left	B	A	None	81.1209	115.0405	81.02832	115.1415	3.961477	True	81.20693	115.0648	Left	1.596266	
--------------------

63852406728628	LM_Output	TaskList
TaskListName	RepetitionNumber	CatchFlag
ViewpointTrials6False
63852406728630	TASK_START	Counter	LM_DummyCounter
63852406728651	TASK_END	Counter	LM_DummyCounter	21
63852406728652	TASK_START	BlockInstruction	InstructionsTaskViewpoint
63852406728653	INFO    skip task    BlockInstruction
63852406728672	TASK_END	BlockInstruction	InstructionsTaskViewpoint	19
63852406728673	TASK_START	MovePlayerToSpawn	MoveSpawn
63852406728675	TASK_POSITION	ViveRoomspaceController	MoveSpawn	(81.1, 0.1, 85.0)
63852406728676	TASK_ROTATE	ViveRoomspaceController	MoveSpawn	(0.0, 0.0, 0.0)
63852406728696	TASK_END	MovePlayerToSpawn	MoveSpawn	23
63852406728698	TASK_START	ViewObjects	LM_ToggleObjects
63852406736187	TASK_END	ViewObjects	LM_ToggleObjects	7489
63852406736189	TASK_START	BlackoutWalking	LM_BlackoutPath
63852406744123	TASK_RESPONSE	Left Button Pressed	Response Time: 3.4833
63852406747694	TASK_END	BlackoutWalking	LM_BlackoutPath	11500
LandmarksTrialData:
--------------------
Timestamp	subID	trial	Room	Condition	moveItem	Repeat	Block	ObjectMovedIs	start	end	TargetObject	TarPos_x	TarPos_z	Start_SubPos_x	Start_SubPos_z	Delay_time	TargetReached	End_SubPos_x	End_SubPos_z	response	RT	
05/27/2024 11:38 AM	zzpilot	5	Room_87	stay	yes	B	1	left	B	A	Sausage in dough	81.1209	85.04046	81.04519	85.1838	4.468947	True	81.18821	85.17535	Left	3.4833	
--------------------

63852406747704	LM_Output	TaskList
TaskListName	RepetitionNumber	CatchFlag
ViewpointTrials7False
63852406747709	TASK_START	Counter	LM_DummyCounter
63852406747752	TASK_END	Counter	LM_DummyCounter	39
63852406747754	TASK_START	BlockInstruction	InstructionsTaskViewpoint
63852406747755	INFO    skip task    BlockInstruction
63852406747782	TASK_END	BlockInstruction	InstructionsTaskViewpoint	27
63852406747784	TASK_START	MovePlayerToSpawn	MoveSpawn
63852406747785	TASK_POSITION	ViveRoomspaceController	MoveSpawn	(59.2, 0.1, 44.9)
63852406747786	TASK_ROTATE	ViveRoomspaceController	MoveSpawn	(0.0, 0.0, 0.0)
63852406747804	TASK_END	MovePlayerToSpawn	MoveSpawn	21
63852406747805	TASK_START	ViewObjects	LM_ToggleObjects
63852406755576	TASK_END	ViewObjects	LM_ToggleObjects	7771
63852406755576	TASK_START	BlackoutWalking	LM_BlackoutPath
63852406760610	TASK_RESPONSE	Left Button Pressed	Response Time: 0.9460399
63852406766687	TASK_END	BlackoutWalking	LM_BlackoutPath	11110
LandmarksTrialData:
--------------------
Timestamp	subID	trial	Room	Condition	moveItem	Repeat	Block	ObjectMovedIs	start	end	TargetObject	TarPos_x	TarPos_z	Start_SubPos_x	Start_SubPos_z	Delay_time	TargetReached	End_SubPos_x	End_SubPos_z	response	RT	
05/27/2024 11:39 AM	zzpilot	6	Room_45	stay	no	B	1	left	A	B	None	59.23045	44.88569	59.2156	44.88676	4.129048	True	59.25119	44.99325	Left	0.9460399	
--------------------

63852406766690	LM_Output	TaskList
TaskListName	RepetitionNumber	CatchFlag
ViewpointTrials8False
63852406766692	TASK_START	Counter	LM_DummyCounter
63852406766709	TASK_END	Counter	LM_DummyCounter	17
63852406766710	TASK_START	BlockInstruction	InstructionsTaskViewpoint
63852406766712	INFO    skip task    BlockInstruction
63852406766729	TASK_END	BlockInstruction	InstructionsTaskViewpoint	18
63852406766732	TASK_START	MovePlayerToSpawn	MoveSpawn
63852406766734	TASK_POSITION	ViveRoomspaceController	MoveSpawn	(61.1, 0.1, 85.0)
63852406766736	TASK_ROTATE	ViveRoomspaceController	MoveSpawn	(0.0, 0.0, 0.0)
63852406766757	TASK_END	MovePlayerToSpawn	MoveSpawn	26
63852406766759	TASK_START	ViewObjects	LM_ToggleObjects
63852406775237	TASK_END	ViewObjects	LM_ToggleObjects	8477
63852406775239	TASK_START	BlackoutWalking	LM_BlackoutPath
63852406781801	TASK_RESPONSE	Left Button Pressed	Response Time: 1.380063
63852406787442	TASK_END	BlackoutWalking	LM_BlackoutPath	12204
LandmarksTrialData:
--------------------
Timestamp	subID	trial	Room	Condition	moveItem	Repeat	Block	ObjectMovedIs	start	end	TargetObject	TarPos_x	TarPos_z	Start_SubPos_x	Start_SubPos_z	Delay_time	TargetReached	End_SubPos_x	End_SubPos_z	response	RT	
05/27/2024 11:39 AM	zzpilot	7	Room_85	stay	yes	B	1	left	B	A	Pita	61.1209	85.04046	61.09912	85.23707	5.218004	True	61.16606	85.1421	Left	1.380063	
--------------------

63852406787446	LM_Output	TaskList
TaskListName	RepetitionNumber	CatchFlag
ViewpointTrials9False
63852406787447	TASK_START	Counter	LM_DummyCounter
63852406787468	TASK_END	Counter	LM_DummyCounter	21
63852406787470	TASK_START	BlockInstruction	InstructionsTaskViewpoint
63852406787471	INFO    skip task    BlockInstruction
63852406787488	TASK_END	BlockInstruction	InstructionsTaskViewpoint	19
63852406787490	TASK_START	MovePlayerToSpawn	MoveSpawn
63852406787491	TASK_POSITION	ViveRoomspaceController	MoveSpawn	(31.1, 0.1, 5.0)
63852406787492	TASK_ROTATE	ViveRoomspaceController	MoveSpawn	(0.0, 0.0, 0.0)
63852406787512	TASK_END	MovePlayerToSpawn	MoveSpawn	23
63852406787513	TASK_START	ViewObjects	LM_ToggleObjects
63852407212363	EXPERIMENT:		SUBJECT:	zzpilot	START_SCENE	use for vr	START_CONDITION:	default	UI:	ViveRoomspace
63852407224608	TASK_START	LM_Timeline	TaskList
63852407224610	TASK_START	InitializeExperiment	TaskList
63852407224613	TASK_START	PrepareRooms	LM_PrepareRooms
63852407224754	TASK_END	PrepareRooms	LM_PrepareRooms	141
63852407224756	LM_Output	TaskList
TaskListName	RepetitionNumber	CatchFlag
InitializeExperiment1False
63852407224756	TASK_END	InitializeExperiment	TaskList	147
63852407224759	TASK_START	BeginMessage	InstructionsTask
63852407228144	INPUT_EVENT    PlayerPressedActionButton    1
63852407228147	TASK_END	BeginMessage	InstructionsTask	3388
63852407228149	TASK_START	Tasks	TaskList
63852407228151	TASK_START	TASK_ViewpointTask	TaskList
63852407228157	TASK_START	ListViewpointSpawns	ObjectList
63852407228181	TASK_END	ListViewpointSpawns	ObjectList	24
63852407228185	TASK_START	ListViewpointTransfers	ObjectList
63852407228211	TASK_END	ListViewpointTransfers	ObjectList	26
63852407228213	TASK_START	ViewpointTrials	TaskList
63852407228215	TASK_START	Counter	LM_DummyCounter
63852407228236	TASK_END	Counter	LM_DummyCounter	20
63852407228239	TASK_START	BlockInstruction	InstructionsTaskViewpoint
63852407230191	INPUT_EVENT    PlayerPressedActionButton    1
63852407230193	TASK_END	BlockInstruction	InstructionsTaskViewpoint	1954
63852407230196	TASK_START	MovePlayerToSpawn	MoveSpawn
63852407230199	TASK_POSITION	ViveRoomspaceController	MoveSpawn	(21.1, 0.1, 5.0)
63852407230201	TASK_ROTATE	ViveRoomspaceController	MoveSpawn	(0.0, 0.0, 0.0)
63852407230222	TASK_END	MovePlayerToSpawn	MoveSpawn	27
63852407230225	TASK_START	ViewObjects	LM_ToggleObjects
63852407240805	TASK_END	ViewObjects	LM_ToggleObjects	10580
63852407240808	TASK_START	BlackoutWalking	LM_BlackoutPath
63852407252256	TASK_END	BlackoutWalking	LM_BlackoutPath	11448
LandmarksTrialData:
--------------------
Timestamp	subID	trial	Room	Condition	moveItem	Repeat	Block	ObjectMovedIs	start	end	TargetObject	TarPos_x	TarPos_z	Start_SubPos_x	Start_SubPos_z	Delay_time	TargetReached	End_SubPos_x	End_SubPos_z	response	RT	
05/27/2024 11:47 AM	zzpilot	0	Room_1	stay	yes	A	1	left	B	B	SMGP_pre_Soda_bottle_01_1024	21.1209	5.040455	21.05148	5.261556	4.465129	True	21.29833	5.103579	No response	N/A	
--------------------

63852407252261	LM_Output	TaskList
TaskListName	RepetitionNumber	CatchFlag
ViewpointTrials2False
63852407252263	TASK_START	Counter	LM_DummyCounter
63852407252289	TASK_END	Counter	LM_DummyCounter	26
63852407252290	TASK_START	BlockInstruction	InstructionsTaskViewpoint
63852407252291	INFO    skip task    BlockInstruction
63852407252313	TASK_END	BlockInstruction	InstructionsTaskViewpoint	22
63852407252314	TASK_START	MovePlayerToSpawn	MoveSpawn
63852407252315	TASK_POSITION	ViveRoomspaceController	MoveSpawn	(31.1, 0.1, 5.0)
63852407252316	TASK_ROTATE	ViveRoomspaceController	MoveSpawn	(0.0, 0.0, 0.0)
63852407252348	TASK_END	MovePlayerToSpawn	MoveSpawn	34
63852407252349	TASK_START	ViewObjects	LM_ToggleObjects
63852407260475	TASK_END	ViewObjects	LM_ToggleObjects	8126
63852407260476	TASK_START	BlackoutWalking	LM_BlackoutPath
63852407266393	TASK_RESPONSE	Left Button Pressed	Response Time: 1.74958
63852407271666	TASK_END	BlackoutWalking	LM_BlackoutPath	11189
LandmarksTrialData:
--------------------
Timestamp	subID	trial	Room	Condition	moveItem	Repeat	Block	ObjectMovedIs	start	end	TargetObject	TarPos_x	TarPos_z	Start_SubPos_x	Start_SubPos_z	Delay_time	TargetReached	End_SubPos_x	End_SubPos_z	response	RT	
05/27/2024 11:47 AM	zzpilot	1	Room_2	stay	yes	A	1	left	B	B	pineapple	31.1209	5.040457	30.84542	5.385678	4.206099	True	31.2619	5.193027	Left	1.74958	
--------------------

63852407271671	LM_Output	TaskList
TaskListName	RepetitionNumber	CatchFlag
ViewpointTrials3False
63852407271673	TASK_START	Counter	LM_DummyCounter
63852407271692	TASK_END	Counter	LM_DummyCounter	19
63852407271694	TASK_START	BlockInstruction	InstructionsTaskViewpoint
63852407271694	INFO    skip task    BlockInstruction
63852407271724	TASK_END	BlockInstruction	InstructionsTaskViewpoint	31
63852407271727	TASK_START	MovePlayerToSpawn	MoveSpawn
63852407271729	TASK_POSITION	ViveRoomspaceController	MoveSpawn	(39.2, 0.1, 4.9)
63852407271730	TASK_ROTATE	ViveRoomspaceController	MoveSpawn	(0.0, 0.0, 0.0)
63852407271757	TASK_END	MovePlayerToSpawn	MoveSpawn	30
63852407271759	TASK_START	ViewObjects	LM_ToggleObjects
63852407279751	TASK_END	ViewObjects	LM_ToggleObjects	7992
63852407279753	TASK_START	BlackoutWalking	LM_BlackoutPath
63852407295171	TASK_END	BlackoutWalking	LM_BlackoutPath	15418
LandmarksTrialData:
--------------------
Timestamp	subID	trial	Room	Condition	moveItem	Repeat	Block	ObjectMovedIs	start	end	TargetObject	TarPos_x	TarPos_z	Start_SubPos_x	Start_SubPos_z	Delay_time	TargetReached	End_SubPos_x	End_SubPos_z	response	RT	
05/27/2024 11:47 AM	zzpilot	2	Room_3	stay	yes	A	1	left	A	A	bomb	39.23045	4.88569	39.40441	5.003979	8.451138	True	39.17031	4.938616	No response	N/A	
--------------------

63852407295175	LM_Output	TaskList
TaskListName	RepetitionNumber	CatchFlag
ViewpointTrials4False
63852407295179	TASK_START	Counter	LM_DummyCounter
63852407295202	TASK_END	Counter	LM_DummyCounter	24
63852407295204	TASK_START	BlockInstruction	InstructionsTaskViewpoint
63852407295205	INFO    skip task    BlockInstruction
63852407295223	TASK_END	BlockInstruction	InstructionsTaskViewpoint	19
63852407295225	TASK_START	MovePlayerToSpawn	MoveSpawn
63852407295226	TASK_POSITION	ViveRoomspaceController	MoveSpawn	(51.1, 0.1, 5.0)
63852407295227	TASK_ROTATE	ViveRoomspaceController	MoveSpawn	(0.0, 0.0, 0.0)
63852407295246	TASK_END	MovePlayerToSpawn	MoveSpawn	21
63852407295247	TASK_START	ViewObjects	LM_ToggleObjects
63852407303818	TASK_END	ViewObjects	LM_ToggleObjects	8571
63852407303820	TASK_START	BlackoutWalking	LM_BlackoutPath
63852407308830	TASK_RESPONSE	Right Button Pressed	Response Time: 0.7394897
63852407315102	TASK_END	BlackoutWalking	LM_BlackoutPath	11282
LandmarksTrialData:
--------------------
Timestamp	subID	trial	Room	Condition	moveItem	Repeat	Block	ObjectMovedIs	start	end	TargetObject	TarPos_x	TarPos_z	Start_SubPos_x	Start_SubPos_z	Delay_time	TargetReached	End_SubPos_x	End_SubPos_z	response	RT	
05/27/2024 11:48 AM	zzpilot	3	Room_4	stay	no	A	1	left	B	B	None	51.1209	5.040456	50.59801	5.745709	4.300052	True	51.20449	5.095194	Right	0.7394897	
--------------------

63852407315106	LM_Output	TaskList
TaskListName	RepetitionNumber	CatchFlag
ViewpointTrials5False
63852407315109	TASK_START	Counter	LM_DummyCounter
63852407315128	TASK_END	Counter	LM_DummyCounter	18
63852407315129	TASK_START	BlockInstruction	InstructionsTaskViewpoint
63852407315129	INFO    skip task    BlockInstruction
63852407315149	TASK_END	BlockInstruction	InstructionsTaskViewpoint	20
63852407315150	TASK_START	MovePlayerToSpawn	MoveSpawn
63852407315152	TASK_POSITION	ViveRoomspaceController	MoveSpawn	(59.2, 0.1, 4.9)
63852407315153	TASK_ROTATE	ViveRoomspaceController	MoveSpawn	(0.0, 0.0, 0.0)
63852407315170	TASK_END	MovePlayerToSpawn	MoveSpawn	20
63852407315171	TASK_START	ViewObjects	LM_ToggleObjects
63852407322622	TASK_END	ViewObjects	LM_ToggleObjects	7451
63852407322624	TASK_START	BlackoutWalking	LM_BlackoutPath
63852407328514	TASK_RESPONSE	Left Button Pressed	Response Time: 0.9966413
63852407334531	TASK_END	BlackoutWalking	LM_BlackoutPath	11907
LandmarksTrialData:
--------------------
Timestamp	subID	trial	Room	Condition	moveItem	Repeat	Block	ObjectMovedIs	start	end	TargetObject	TarPos_x	TarPos_z	Start_SubPos_x	Start_SubPos_z	Delay_time	TargetReached	End_SubPos_x	End_SubPos_z	response	RT	
05/27/2024 11:48 AM	zzpilot	4	Room_5	stay	no	A	1	left	A	A	None	59.23045	4.885691	59.0928	4.960112	4.921364	True	59.13157	4.988332	Left	0.9966413	
--------------------

63852407334535	LM_Output	TaskList
TaskListName	RepetitionNumber	CatchFlag
ViewpointTrials6False
63852407334537	TASK_START	Counter	LM_DummyCounter
63852407334558	TASK_END	Counter	LM_DummyCounter	21
63852407334560	TASK_START	BlockInstruction	InstructionsTaskViewpoint
63852407334562	INFO    skip task    BlockInstruction
63852407334585	TASK_END	BlockInstruction	InstructionsTaskViewpoint	25
63852407334586	TASK_START	MovePlayerToSpawn	MoveSpawn
63852407334589	TASK_POSITION	ViveRoomspaceController	MoveSpawn	(69.2, 0.1, 4.9)
63852407334590	TASK_ROTATE	ViveRoomspaceController	MoveSpawn	(0.0, 0.0, 0.0)
63852407334614	TASK_END	MovePlayerToSpawn	MoveSpawn	27
63852407334616	TASK_START	ViewObjects	LM_ToggleObjects
63852407342179	TASK_END	ViewObjects	LM_ToggleObjects	7563
63852407342181	TASK_START	BlackoutWalking	LM_BlackoutPath
63852407348133	TASK_RESPONSE	Left Button Pressed	Response Time: 0.8200727
63852407354326	TASK_END	BlackoutWalking	LM_BlackoutPath	12145
LandmarksTrialData:
--------------------
Timestamp	subID	trial	Room	Condition	moveItem	Repeat	Block	ObjectMovedIs	start	end	TargetObject	TarPos_x	TarPos_z	Start_SubPos_x	Start_SubPos_z	Delay_time	TargetReached	End_SubPos_x	End_SubPos_z	response	RT	
05/27/2024 11:49 AM	zzpilot	5	Room_6	stay	yes	A	1	left	A	A	frenchFries	69.23045	4.885692	69.11153	5.032724	5.16567	True	69.20724	4.980523	Left	0.8200727	
--------------------

63852407354330	LM_Output	TaskList
TaskListName	RepetitionNumber	CatchFlag
ViewpointTrials7False
63852407354332	TASK_START	Counter	LM_DummyCounter
63852407354361	TASK_END	Counter	LM_DummyCounter	29
63852407354363	TASK_START	BlockInstruction	InstructionsTaskViewpoint
63852407354364	INFO    skip task    BlockInstruction
63852407354384	TASK_END	BlockInstruction	InstructionsTaskViewpoint	21
63852407354386	TASK_START	MovePlayerToSpawn	MoveSpawn
63852407354387	TASK_POSITION	ViveRoomspaceController	MoveSpawn	(81.1, 0.1, 5.0)
63852407354388	TASK_ROTATE	ViveRoomspaceController	MoveSpawn	(0.0, 0.0, 0.0)
63852407354407	TASK_END	MovePlayerToSpawn	MoveSpawn	21
63852407354409	TASK_START	ViewObjects	LM_ToggleObjects
63852407362948	TASK_END	ViewObjects	LM_ToggleObjects	8540
63852407362950	TASK_START	BlackoutWalking	LM_BlackoutPath
63852407368024	TASK_RESPONSE	Left Button Pressed	Response Time: 1.093373
63852407373953	TASK_END	BlackoutWalking	LM_BlackoutPath	11002
LandmarksTrialData:
--------------------
Timestamp	subID	trial	Room	Condition	moveItem	Repeat	Block	ObjectMovedIs	start	end	TargetObject	TarPos_x	TarPos_z	Start_SubPos_x	Start_SubPos_z	Delay_time	TargetReached	End_SubPos_x	End_SubPos_z	response	RT	
05/27/2024 11:49 AM	zzpilot	6	Room_7	stay	yes	A	1	left	B	B	coconut	81.1209	5.040456	81.14272	5.296004	4.013707	True	81.22296	5.187453	Left	1.093373	
--------------------

63852407373956	LM_Output	TaskList
TaskListName	RepetitionNumber	CatchFlag
ViewpointTrials8False
63852407373958	TASK_START	Counter	LM_DummyCounter
63852407373987	TASK_END	Counter	LM_DummyCounter	28
63852407373988	TASK_START	BlockInstruction	InstructionsTaskViewpoint
63852407373989	INFO    skip task    BlockInstruction
63852407374008	TASK_END	BlockInstruction	InstructionsTaskViewpoint	21
63852407374011	TASK_START	MovePlayerToSpawn	MoveSpawn
63852407374012	TASK_POSITION	ViveRoomspaceController	MoveSpawn	(89.2, 0.1, 4.9)
63852407374013	TASK_ROTATE	ViveRoomspaceController	MoveSpawn	(0.0, 0.0, 0.0)
63852407374041	TASK_END	MovePlayerToSpawn	MoveSpawn	30
63852407374043	TASK_START	ViewObjects	LM_ToggleObjects
