63854325623079	EXPERIMENT:		SUBJECT:	y06a	START_SCENE	use for vr	START_CONDITION:	default	UI:	ViveRoomspace
63854325635373	TASK_START	LM_Timeline	TaskList
63854325635375	TASK_START	InitializeExperiment	TaskList
63854325635377	TASK_START	PrepareRooms	LM_PrepareRooms
63854325635541	TASK_END	PrepareRooms	LM_PrepareRooms	165
63854325635543	LM_Output	TaskList
TaskListName	RepetitionNumber	CatchFlag
InitializeExperiment1False
63854325635544	TASK_END	InitializeExperiment	TaskList	169
63854325635546	TASK_START	BeginMessageDummy	InstructionsTask
63854325635679	TASK_END	BeginMessageDummy	InstructionsTask	133
63854325635682	TASK_START	BeginMessage	InstructionsTask
63854325645926	INPUT_EVENT    PlayerPressedActionButton    1
63854325645928	TASK_END	BeginMessage	InstructionsTask	10245
63854325645930	TASK_START	Tasks	TaskList
63854325645932	TASK_START	TASK_ViewpointTask	TaskList
63854325645938	TASK_START	ListViewpointSpawns	ObjectList
63854325645961	TASK_END	ListViewpointSpawns	ObjectList	24
63854325645965	TASK_START	ListViewpointTransfers	ObjectList
63854325645994	TASK_END	ListViewpointTransfers	ObjectList	29
63854325645996	TASK_START	ViewpointTrials	TaskList
63854325645998	TASK_START	Counter	LM_DummyCounter
63854325646024	TASK_END	Counter	LM_DummyCounter	25
63854325646027	TASK_START	BlockInstruction	InstructionsTaskViewpoint
63854325651802	INPUT_EVENT    PlayerPressedActionButton    1
63854325651803	TASK_END	BlockInstruction	InstructionsTaskViewpoint	5777
63854325651806	TASK_START	MovePlayerToSpawn	MoveSpawn
63854325651808	TASK_POSITION	ViveRoomspaceController	MoveSpawn	(89.2, 0.1, 34.9)
63854325651809	TASK_ROTATE	ViveRoomspaceController	MoveSpawn	(0.0, 0.0, 0.0)
63854325651834	TASK_END	MovePlayerToSpawn	MoveSpawn	28
63854325651836	TASK_START	ViewObjects	LM_ToggleObjects
63854325665084	TASK_END	ViewObjects	LM_ToggleObjects	13248
63854325665089	TASK_START	BlackoutWalking	LM_BlackoutPath
63854325674702	TASK_RESPONSE	Left Button Pressed	Response Time: 2.628347
63854325679069	TASK_END	BlackoutWalking	LM_BlackoutPath	13980
LandmarksTrialData:
--------------------
Timestamp	subID	trial	Room	Condition	moveItem	Repeat	Block	ObjectMovedIs	start	end	TargetObject	TarPos_x	TarPos_z	Start_SubPos_x	Start_SubPos_z	Delay_time	TargetReached	End_SubPos_x	End_SubPos_z	response	RT	
06/18/2024 4:41 PM	y06a	0	Room_38	stay	no	A	1	right	A	A	None	89.23045	34.88569	89.16378	34.75896	7.000095	True	89.26116	34.84983	Left	2.628347	
--------------------

63854325679076	LM_Output	TaskList
TaskListName	RepetitionNumber	CatchFlag
ViewpointTrials2False
63854325679078	TASK_START	Counter	LM_DummyCounter
63854325679099	TASK_END	Counter	LM_DummyCounter	21
63854325679101	TASK_START	BlockInstruction	InstructionsTaskViewpoint
63854325679101	INFO    skip task    BlockInstruction
63854325679123	TASK_END	BlockInstruction	InstructionsTaskViewpoint	22
63854325679124	TASK_START	MovePlayerToSpawn	MoveSpawn
63854325679126	TASK_POSITION	ViveRoomspaceController	MoveSpawn	(101.1, 0.1, 85.0)
63854325679127	TASK_ROTATE	ViveRoomspaceController	MoveSpawn	(0.0, 0.0, 0.0)
63854325679146	TASK_END	MovePlayerToSpawn	MoveSpawn	22
63854325679147	TASK_START	ViewObjects	LM_ToggleObjects
63854325690593	TASK_END	ViewObjects	LM_ToggleObjects	11446
63854325690595	TASK_START	BlackoutWalking	LM_BlackoutPath
63854325698514	TASK_RESPONSE	Left Button Pressed	Response Time: 0.9351484
63854325704575	TASK_END	BlackoutWalking	LM_BlackoutPath	13980
LandmarksTrialData:
--------------------
Timestamp	subID	trial	Room	Condition	moveItem	Repeat	Block	ObjectMovedIs	start	end	TargetObject	TarPos_x	TarPos_z	Start_SubPos_x	Start_SubPos_z	Delay_time	TargetReached	End_SubPos_x	End_SubPos_z	response	RT	
06/18/2024 4:41 PM	y06a	1	Room_89	stay	no	A	1	right	B	B	None	101.1209	85.04045	101.1454	84.99688	7.01905	True	101.1728	85.0602	Left	0.9351484	
--------------------

63854325704579	LM_Output	TaskList
TaskListName	RepetitionNumber	CatchFlag
ViewpointTrials3False
63854325704580	TASK_START	Counter	LM_DummyCounter
63854325704599	TASK_END	Counter	LM_DummyCounter	18
63854325704600	TASK_START	BlockInstruction	InstructionsTaskViewpoint
63854325704601	INFO    skip task    BlockInstruction
63854325704623	TASK_END	BlockInstruction	InstructionsTaskViewpoint	22
63854325704624	TASK_START	MovePlayerToSpawn	MoveSpawn
63854325704626	TASK_POSITION	ViveRoomspaceController	MoveSpawn	(19.2, 0.1, 114.9)
63854325704627	TASK_ROTATE	ViveRoomspaceController	MoveSpawn	(0.0, 0.0, 0.0)
63854325704643	TASK_END	MovePlayerToSpawn	MoveSpawn	18
63854325704644	TASK_START	ViewObjects	LM_ToggleObjects
63854325715949	TASK_END	ViewObjects	LM_ToggleObjects	11304
63854325715951	TASK_START	BlackoutWalking	LM_BlackoutPath
63854325724388	TASK_RESPONSE	Right Button Pressed	Response Time: 1.452268
63854325729945	TASK_END	BlackoutWalking	LM_BlackoutPath	13995
LandmarksTrialData:
--------------------
Timestamp	subID	trial	Room	Condition	moveItem	Repeat	Block	ObjectMovedIs	start	end	TargetObject	TarPos_x	TarPos_z	Start_SubPos_x	Start_SubPos_z	Delay_time	TargetReached	End_SubPos_x	End_SubPos_z	response	RT	
06/18/2024 4:41 PM	y06a	2	Room_111	stay	yes	A	1	right	A	A	Pepper_3	19.23045	114.8857	19.28324	114.8633	7.005808	True	19.22926	114.8956	Right	1.452268	
--------------------

63854325729950	LM_Output	TaskList
TaskListName	RepetitionNumber	CatchFlag
ViewpointTrials4False
63854325729952	TASK_START	Counter	LM_DummyCounter
63854325729974	TASK_END	Counter	LM_DummyCounter	22
63854325729976	TASK_START	BlockInstruction	InstructionsTaskViewpoint
63854325729977	INFO    skip task    BlockInstruction
63854325730000	TASK_END	BlockInstruction	InstructionsTaskViewpoint	24
63854325730001	TASK_START	MovePlayerToSpawn	MoveSpawn
63854325730003	TASK_POSITION	ViveRoomspaceController	MoveSpawn	(31.1, 0.1, 115.0)
63854325730004	TASK_ROTATE	ViveRoomspaceController	MoveSpawn	(0.0, 0.0, 0.0)
63854325730026	TASK_END	MovePlayerToSpawn	MoveSpawn	24
63854325730028	TASK_START	ViewObjects	LM_ToggleObjects
63854325740890	TASK_END	ViewObjects	LM_ToggleObjects	10861
63854325740891	TASK_START	BlackoutWalking	LM_BlackoutPath
63854325748878	TASK_RESPONSE	Left Button Pressed	Response Time: 0.9990562
63854325754880	TASK_END	BlackoutWalking	LM_BlackoutPath	13989
LandmarksTrialData:
--------------------
Timestamp	subID	trial	Room	Condition	moveItem	Repeat	Block	ObjectMovedIs	start	end	TargetObject	TarPos_x	TarPos_z	Start_SubPos_x	Start_SubPos_z	Delay_time	TargetReached	End_SubPos_x	End_SubPos_z	response	RT	
06/18/2024 4:42 PM	y06a	3	Room_112	stay	no	A	1	right	B	B	None	31.1209	115.0405	31.15466	114.9855	7.018079	True	31.15088	115.1579	Left	0.9990562	
--------------------

63854325754884	LM_Output	TaskList
TaskListName	RepetitionNumber	CatchFlag
ViewpointTrials5False
63854325754886	TASK_START	Counter	LM_DummyCounter
63854325754906	TASK_END	Counter	LM_DummyCounter	21
63854325754908	TASK_START	BlockInstruction	InstructionsTaskViewpoint
63854325754909	INFO    skip task    BlockInstruction
63854325754930	TASK_END	BlockInstruction	InstructionsTaskViewpoint	22
63854325754931	TASK_START	MovePlayerToSpawn	MoveSpawn
63854325754932	TASK_POSITION	ViveRoomspaceController	MoveSpawn	(99.2, 0.1, 104.9)
63854325754934	TASK_ROTATE	ViveRoomspaceController	MoveSpawn	(0.0, 0.0, 0.0)
63854325754959	TASK_END	MovePlayerToSpawn	MoveSpawn	28
63854325754961	TASK_START	ViewObjects	LM_ToggleObjects
63854325765938	TASK_END	ViewObjects	LM_ToggleObjects	10975
63854325765944	TASK_START	BlackoutWalking	LM_BlackoutPath
63854325773899	TASK_RESPONSE	Left Button Pressed	Response Time: 0.9686149
63854325779956	TASK_END	BlackoutWalking	LM_BlackoutPath	14017
LandmarksTrialData:
--------------------
Timestamp	subID	trial	Room	Condition	moveItem	Repeat	Block	ObjectMovedIs	start	end	TargetObject	TarPos_x	TarPos_z	Start_SubPos_x	Start_SubPos_z	Delay_time	TargetReached	End_SubPos_x	End_SubPos_z	response	RT	
06/18/2024 4:42 PM	y06a	4	Room_109	stay	no	A	1	right	A	A	None	99.23045	104.8857	99.28063	104.9155	7.011323	True	99.24859	104.9113	Left	0.9686149	
--------------------

63854325779959	LM_Output	TaskList
TaskListName	RepetitionNumber	CatchFlag
ViewpointTrials6False
63854325779962	TASK_START	Counter	LM_DummyCounter
63854325779987	TASK_END	Counter	LM_DummyCounter	25
63854325779988	TASK_START	BlockInstruction	InstructionsTaskViewpoint
63854325779989	INFO    skip task    BlockInstruction
63854325780025	TASK_END	BlockInstruction	InstructionsTaskViewpoint	36
63854325780026	TASK_START	MovePlayerToSpawn	MoveSpawn
63854325780027	TASK_POSITION	ViveRoomspaceController	MoveSpawn	(99.2, 0.1, 74.9)
63854325780029	TASK_ROTATE	ViveRoomspaceController	MoveSpawn	(0.0, 0.0, 0.0)
63854325780060	TASK_END	MovePlayerToSpawn	MoveSpawn	33
63854325780061	TASK_START	ViewObjects	LM_ToggleObjects
63854325790357	TASK_END	ViewObjects	LM_ToggleObjects	10295
63854325790358	TASK_START	BlackoutWalking	LM_BlackoutPath
63854325798310	TASK_RESPONSE	Right Button Pressed	Response Time: 0.9759218
63854325804349	TASK_END	BlackoutWalking	LM_BlackoutPath	13990
LandmarksTrialData:
--------------------
Timestamp	subID	trial	Room	Condition	moveItem	Repeat	Block	ObjectMovedIs	start	end	TargetObject	TarPos_x	TarPos_z	Start_SubPos_x	Start_SubPos_z	Delay_time	TargetReached	End_SubPos_x	End_SubPos_z	response	RT	
06/18/2024 4:43 PM	y06a	5	Room_79	stay	yes	A	1	right	A	A	Muffin_1	99.23045	74.8857	99.24821	74.87268	7.003522	True	99.23309	74.94016	Right	0.9759218	
--------------------

63854325804353	LM_Output	TaskList
TaskListName	RepetitionNumber	CatchFlag
ViewpointTrials7False
63854325804355	TASK_START	Counter	LM_DummyCounter
63854325804376	TASK_END	Counter	LM_DummyCounter	20
63854325804378	TASK_START	BlockInstruction	InstructionsTaskViewpoint
63854325804379	INFO    skip task    BlockInstruction
63854325804397	TASK_END	BlockInstruction	InstructionsTaskViewpoint	20
63854325804398	TASK_START	MovePlayerToSpawn	MoveSpawn
63854325804400	TASK_POSITION	ViveRoomspaceController	MoveSpawn	(81.1, 0.1, 115.0)
63854325804401	TASK_ROTATE	ViveRoomspaceController	MoveSpawn	(0.0, 0.0, 0.0)
63854325804422	TASK_END	MovePlayerToSpawn	MoveSpawn	24
63854325804424	TASK_START	ViewObjects	LM_ToggleObjects
63854325816578	TASK_END	ViewObjects	LM_ToggleObjects	12154
63854325816580	TASK_START	BlackoutWalking	LM_BlackoutPath
63854325824440	TASK_RESPONSE	Right Button Pressed	Response Time: 0.861646
63854325830581	TASK_END	BlackoutWalking	LM_BlackoutPath	14001
LandmarksTrialData:
--------------------
Timestamp	subID	trial	Room	Condition	moveItem	Repeat	Block	ObjectMovedIs	start	end	TargetObject	TarPos_x	TarPos_z	Start_SubPos_x	Start_SubPos_z	Delay_time	TargetReached	End_SubPos_x	End_SubPos_z	response	RT	
06/18/2024 4:43 PM	y06a	6	Room_117	stay	yes	A	1	right	B	B	ToyBox_01	81.1209	115.0405	81.14559	115.0275	7.0268	True	81.22322	115.0668	Right	0.861646	
--------------------

63854325830585	LM_Output	TaskList
TaskListName	RepetitionNumber	CatchFlag
ViewpointTrials8False
63854325830587	TASK_START	Counter	LM_DummyCounter
63854325830615	TASK_END	Counter	LM_DummyCounter	29
63854325830617	TASK_START	BlockInstruction	InstructionsTaskViewpoint
63854325830618	INFO    skip task    BlockInstruction
63854325830647	TASK_END	BlockInstruction	InstructionsTaskViewpoint	30
63854325830649	TASK_START	MovePlayerToSpawn	MoveSpawn
63854325830651	TASK_POSITION	ViveRoomspaceController	MoveSpawn	(81.1, 0.1, 55.0)
63854325830653	TASK_ROTATE	ViveRoomspaceController	MoveSpawn	(0.0, 0.0, 0.0)
63854325830672	TASK_END	MovePlayerToSpawn	MoveSpawn	24
63854325830673	TASK_START	ViewObjects	LM_ToggleObjects
63854325841043	TASK_END	ViewObjects	LM_ToggleObjects	10370
63854325841044	TASK_START	BlackoutWalking	LM_BlackoutPath
63854325849628	TASK_RESPONSE	Right Button Pressed	Response Time: 1.589131
63854325855069	TASK_END	BlackoutWalking	LM_BlackoutPath	14024
LandmarksTrialData:
--------------------
Timestamp	subID	trial	Room	Condition	moveItem	Repeat	Block	ObjectMovedIs	start	end	TargetObject	TarPos_x	TarPos_z	Start_SubPos_x	Start_SubPos_z	Delay_time	TargetReached	End_SubPos_x	End_SubPos_z	response	RT	
06/18/2024 4:44 PM	y06a	7	Room_57	stay	yes	A	1	right	B	B	Waterpolo01	81.1209	55.04045	81.1932	55.06322	7.014198	True	81.24084	55.14226	Right	1.589131	
--------------------

63854325855073	LM_Output	TaskList
TaskListName	RepetitionNumber	CatchFlag
ViewpointTrials9False
63854325855075	TASK_START	Counter	LM_DummyCounter
63854325855103	TASK_END	Counter	LM_DummyCounter	28
63854325855104	TASK_START	BlockInstruction	InstructionsTaskViewpoint
63854325855106	INFO    skip task    BlockInstruction
63854325855135	TASK_END	BlockInstruction	InstructionsTaskViewpoint	30
63854325855137	TASK_START	MovePlayerToSpawn	MoveSpawn
63854325855138	TASK_POSITION	ViveRoomspaceController	MoveSpawn	(59.2, 0.1, 84.9)
63854325855139	TASK_ROTATE	ViveRoomspaceController	MoveSpawn	(0.0, 0.0, 0.0)
63854325855169	TASK_END	MovePlayerToSpawn	MoveSpawn	33
63854325855170	TASK_START	ViewObjects	LM_ToggleObjects
63854325865090	TASK_END	ViewObjects	LM_ToggleObjects	9920
63854325865092	TASK_START	BlackoutWalking	LM_BlackoutPath
63854325873039	TASK_RESPONSE	Left Button Pressed	Response Time: 0.9570901
63854325879096	TASK_END	BlackoutWalking	LM_BlackoutPath	14004
LandmarksTrialData:
--------------------
Timestamp	subID	trial	Room	Condition	moveItem	Repeat	Block	ObjectMovedIs	start	end	TargetObject	TarPos_x	TarPos_z	Start_SubPos_x	Start_SubPos_z	Delay_time	TargetReached	End_SubPos_x	End_SubPos_z	response	RT	
06/18/2024 4:44 PM	y06a	8	Room_85	stay	no	A	1	right	A	B	None	59.23045	84.88569	59.25551	84.90048	7.018062	True	59.23881	84.93576	Left	0.9570901	
--------------------

63854325879099	LM_Output	TaskList
TaskListName	RepetitionNumber	CatchFlag
ViewpointTrials10False
63854325879101	TASK_START	Counter	LM_DummyCounter
63854325879122	TASK_END	Counter	LM_DummyCounter	21
63854325879125	TASK_START	BlockInstruction	InstructionsTaskViewpoint
63854325879126	INFO    skip task    BlockInstruction
63854325879148	TASK_END	BlockInstruction	InstructionsTaskViewpoint	24
63854325879150	TASK_START	MovePlayerToSpawn	MoveSpawn
63854325879151	TASK_POSITION	ViveRoomspaceController	MoveSpawn	(71.1, 0.1, 55.0)
63854325879153	TASK_ROTATE	ViveRoomspaceController	MoveSpawn	(0.0, 0.0, 0.0)
63854325879169	TASK_END	MovePlayerToSpawn	MoveSpawn	19
63854325879170	TASK_START	ViewObjects	LM_ToggleObjects
63854325890242	TASK_END	ViewObjects	LM_ToggleObjects	11071
63854325890244	TASK_START	BlackoutWalking	LM_BlackoutPath
63854325898662	TASK_RESPONSE	Left Button Pressed	Response Time: 1.422582
63854325904231	TASK_END	BlackoutWalking	LM_BlackoutPath	13987
LandmarksTrialData:
--------------------
Timestamp	subID	trial	Room	Condition	moveItem	Repeat	Block	ObjectMovedIs	start	end	TargetObject	TarPos_x	TarPos_z	Start_SubPos_x	Start_SubPos_z	Delay_time	TargetReached	End_SubPos_x	End_SubPos_z	response	RT	
06/18/2024 4:44 PM	y06a	9	Room_56	stay	yes	A	1	right	B	A	Pineapple	71.1209	55.04045	71.13335	55.09896	7.011295	True	71.26533	55.05039	Left	1.422582	
--------------------

63854325904235	LM_Output	TaskList
TaskListName	RepetitionNumber	CatchFlag
ViewpointTrials11False
63854325904237	TASK_START	Counter	LM_DummyCounter
63854325904256	TASK_END	Counter	LM_DummyCounter	19
63854325904258	TASK_START	BlockInstruction	InstructionsTaskViewpoint
63854325904259	INFO    skip task    BlockInstruction
63854325904286	TASK_END	BlockInstruction	InstructionsTaskViewpoint	28
63854325904288	TASK_START	MovePlayerToSpawn	MoveSpawn
63854325904290	TASK_POSITION	ViveRoomspaceController	MoveSpawn	(39.2, 0.1, 84.9)
63854325904291	TASK_ROTATE	ViveRoomspaceController	MoveSpawn	(0.0, 0.0, 0.0)
63854325904314	TASK_END	MovePlayerToSpawn	MoveSpawn	26
63854325904315	TASK_START	ViewObjects	LM_ToggleObjects
63854325914670	TASK_END	ViewObjects	LM_ToggleObjects	10355
63854325914672	TASK_START	BlackoutWalking	LM_BlackoutPath
63854325923459	TASK_RESPONSE	Right Button Pressed	Response Time: 1.802653
63854325928671	TASK_END	BlackoutWalking	LM_BlackoutPath	13999
LandmarksTrialData:
--------------------
Timestamp	subID	trial	Room	Condition	moveItem	Repeat	Block	ObjectMovedIs	start	end	TargetObject	TarPos_x	TarPos_z	Start_SubPos_x	Start_SubPos_z	Delay_time	TargetReached	End_SubPos_x	End_SubPos_z	response	RT	
06/18/2024 4:45 PM	y06a	10	Room_83	stay	yes	A	1	right	A	B	Noodles_2	39.23045	84.8857	39.14793	84.77393	7.009693	True	39.20269	84.87743	Right	1.802653	
--------------------

63854325928675	LM_Output	TaskList
TaskListName	RepetitionNumber	CatchFlag
ViewpointTrials12False
63854325928678	TASK_START	Counter	LM_DummyCounter
63854325928709	TASK_END	Counter	LM_DummyCounter	31
63854325928710	TASK_START	BlockInstruction	InstructionsTaskViewpoint
63854325928712	INFO    skip task    BlockInstruction
63854325928735	TASK_END	BlockInstruction	InstructionsTaskViewpoint	25
63854325928737	TASK_START	MovePlayerToSpawn	MoveSpawn
63854325928739	TASK_POSITION	ViveRoomspaceController	MoveSpawn	(101.1, 0.1, 15.0)
63854325928740	TASK_ROTATE	ViveRoomspaceController	MoveSpawn	(0.0, 0.0, 0.0)
63854325928774	TASK_END	MovePlayerToSpawn	MoveSpawn	36
63854325928775	TASK_START	ViewObjects	LM_ToggleObjects
63854325939630	TASK_END	ViewObjects	LM_ToggleObjects	10854
63854325939632	TASK_START	BlackoutWalking	LM_BlackoutPath
63854325947435	TASK_RESPONSE	Left Button Pressed	Response Time: 0.8266063
63854325953621	TASK_END	BlackoutWalking	LM_BlackoutPath	13989
LandmarksTrialData:
--------------------
Timestamp	subID	trial	Room	Condition	moveItem	Repeat	Block	ObjectMovedIs	start	end	TargetObject	TarPos_x	TarPos_z	Start_SubPos_x	Start_SubPos_z	Delay_time	TargetReached	End_SubPos_x	End_SubPos_z	response	RT	
06/18/2024 4:45 PM	y06a	11	Room_19	stay	no	A	1	right	B	A	None	101.1209	15.04045	101.1939	14.93552	7.009264	True	101.206	15.14011	Left	0.8266063	
--------------------

63854325953625	LM_Output	TaskList
TaskListName	RepetitionNumber	CatchFlag
ViewpointTrials13False
63854325953627	TASK_START	Counter	LM_DummyCounter
63854325953661	TASK_END	Counter	LM_DummyCounter	28
63854325953663	TASK_START	BlockInstruction	InstructionsTaskViewpoint
63854325953663	INFO    skip task    BlockInstruction
63854325953682	TASK_END	BlockInstruction	InstructionsTaskViewpoint	19
63854325953683	TASK_START	MovePlayerToSpawn	MoveSpawn
63854325953685	TASK_POSITION	ViveRoomspaceController	MoveSpawn	(79.2, 0.1, 4.9)
63854325953687	TASK_ROTATE	ViveRoomspaceController	MoveSpawn	(0.0, 0.0, 0.0)
63854325953713	TASK_END	MovePlayerToSpawn	MoveSpawn	29
63854325953714	TASK_START	ViewObjects	LM_ToggleObjects
63854325963742	TASK_END	ViewObjects	LM_ToggleObjects	10027
63854325963744	TASK_START	BlackoutWalking	LM_BlackoutPath
63854325971704	TASK_RESPONSE	Left Button Pressed	Response Time: 0.9598318
63854325977767	TASK_END	BlackoutWalking	LM_BlackoutPath	14023
LandmarksTrialData:
--------------------
Timestamp	subID	trial	Room	Condition	moveItem	Repeat	Block	ObjectMovedIs	start	end	TargetObject	TarPos_x	TarPos_z	Start_SubPos_x	Start_SubPos_z	Delay_time	TargetReached	End_SubPos_x	End_SubPos_z	response	RT	
06/18/2024 4:46 PM	y06a	12	Room_7	stay	no	A	1	right	A	B	None	79.23045	4.885692	79.24625	4.908691	7.027688	True	79.19606	4.931308	Left	0.9598318	
--------------------

63854325977771	LM_Output	TaskList
TaskListName	RepetitionNumber	CatchFlag
ViewpointTrials14False
63854325977773	TASK_START	Counter	LM_DummyCounter
63854325977799	TASK_END	Counter	LM_DummyCounter	26
63854325977800	TASK_START	BlockInstruction	InstructionsTaskViewpoint
63854325977801	INFO    skip task    BlockInstruction
63854325977831	TASK_END	BlockInstruction	InstructionsTaskViewpoint	31
63854325977833	TASK_START	MovePlayerToSpawn	MoveSpawn
63854325977834	TASK_POSITION	ViveRoomspaceController	MoveSpawn	(41.1, 0.1, 95.0)
63854325977835	TASK_ROTATE	ViveRoomspaceController	MoveSpawn	(0.0, 0.0, 0.0)
63854325977863	TASK_END	MovePlayerToSpawn	MoveSpawn	30
63854325977865	TASK_START	ViewObjects	LM_ToggleObjects
63854325988135	TASK_END	ViewObjects	LM_ToggleObjects	10270
63854325988137	TASK_START	BlackoutWalking	LM_BlackoutPath
63854325996130	TASK_RESPONSE	Right Button Pressed	Response Time: 1.004735
63854326002134	TASK_END	BlackoutWalking	LM_BlackoutPath	13996
LandmarksTrialData:
--------------------
Timestamp	subID	trial	Room	Condition	moveItem	Repeat	Block	ObjectMovedIs	start	end	TargetObject	TarPos_x	TarPos_z	Start_SubPos_x	Start_SubPos_z	Delay_time	TargetReached	End_SubPos_x	End_SubPos_z	response	RT	
06/18/2024 4:46 PM	y06a	13	Room_93	stay	yes	A	1	right	B	A	Cookies_2	41.1209	95.04045	41.11964	95.116	7.011529	True	41.15263	95.02029	Right	1.004735	
--------------------

63854326002137	LM_Output	TaskList
TaskListName	RepetitionNumber	CatchFlag
ViewpointTrials15False
63854326002138	TASK_START	Counter	LM_DummyCounter
63854326002165	TASK_END	Counter	LM_DummyCounter	26
63854326002167	TASK_START	BlockInstruction	InstructionsTaskViewpoint
63854326002168	INFO    skip task    BlockInstruction
63854326002199	TASK_END	BlockInstruction	InstructionsTaskViewpoint	32
63854326002200	TASK_START	MovePlayerToSpawn	MoveSpawn
63854326002202	TASK_POSITION	ViveRoomspaceController	MoveSpawn	(71.1, 0.1, 35.0)
63854326002203	TASK_ROTATE	ViveRoomspaceController	MoveSpawn	(0.0, 0.0, 0.0)
63854326002232	TASK_END	MovePlayerToSpawn	MoveSpawn	32
63854326002232	TASK_START	ViewObjects	LM_ToggleObjects
63854326012231	TASK_END	ViewObjects	LM_ToggleObjects	9998
63854326012233	TASK_START	BlackoutWalking	LM_BlackoutPath
63854326019830	TASK_RESPONSE	Left Button Pressed	Response Time: 0.6211407
63854326026226	TASK_END	BlackoutWalking	LM_BlackoutPath	13993
LandmarksTrialData:
--------------------
Timestamp	subID	trial	Room	Condition	moveItem	Repeat	Block	ObjectMovedIs	start	end	TargetObject	TarPos_x	TarPos_z	Start_SubPos_x	Start_SubPos_z	Delay_time	TargetReached	End_SubPos_x	End_SubPos_z	response	RT	
06/18/2024 4:46 PM	y06a	14	Room_36	stay	no	A	1	right	B	A	None	71.1209	35.04046	71.10749	34.98056	7.010494	True	71.16379	35.20444	Left	0.6211407	
--------------------

63854326026230	LM_Output	TaskList
TaskListName	RepetitionNumber	CatchFlag
ViewpointTrials16False
63854326026233	TASK_START	Counter	LM_DummyCounter
63854326026254	TASK_END	Counter	LM_DummyCounter	21
63854326026255	TASK_START	BlockInstruction	InstructionsTaskViewpoint
63854326026256	INFO    skip task    BlockInstruction
63854326026279	TASK_END	BlockInstruction	InstructionsTaskViewpoint	23
63854326026280	TASK_START	MovePlayerToSpawn	MoveSpawn
63854326026282	TASK_POSITION	ViveRoomspaceController	MoveSpawn	(79.2, 0.1, 84.9)
63854326026283	TASK_ROTATE	ViveRoomspaceController	MoveSpawn	(0.0, 0.0, 0.0)
63854326026302	TASK_END	MovePlayerToSpawn	MoveSpawn	21
63854326026304	TASK_START	ViewObjects	LM_ToggleObjects
63854326036473	TASK_END	ViewObjects	LM_ToggleObjects	10169
63854326036475	TASK_START	BlackoutWalking	LM_BlackoutPath
63854326044576	TASK_RESPONSE	Left Button Pressed	Response Time: 1.1028
63854326050469	TASK_END	BlackoutWalking	LM_BlackoutPath	13994
LandmarksTrialData:
--------------------
Timestamp	subID	trial	Room	Condition	moveItem	Repeat	Block	ObjectMovedIs	start	end	TargetObject	TarPos_x	TarPos_z	Start_SubPos_x	Start_SubPos_z	Delay_time	TargetReached	End_SubPos_x	End_SubPos_z	response	RT	
06/18/2024 4:47 PM	y06a	15	Room_87	stay	yes	A	1	right	A	B	Sushi_3	79.23045	84.8857	79.19379	84.87421	7.014792	True	79.30961	84.8717	Left	1.1028	
--------------------

63854326050472	LM_Output	TaskList
TaskListName	RepetitionNumber	CatchFlag
ViewpointTrials17False
63854326050474	TASK_START	Counter	LM_DummyCounter
63854326050492	TASK_END	Counter	LM_DummyCounter	18
63854326050493	TASK_START	BlockInstruction	InstructionsTaskViewpoint
63854326058019	INPUT_EVENT    PlayerPressedActionButton    1
63854326058019	TASK_END	BlockInstruction	InstructionsTaskViewpoint	7526
63854326058020	TASK_START	MovePlayerToSpawn	MoveSpawn
63854326058021	TASK_POSITION	ViveRoomspaceController	MoveSpawn	(41.1, 0.1, 65.0)
63854326058023	TASK_ROTATE	ViveRoomspaceController	MoveSpawn	(0.0, 0.0, 0.0)
63854326058053	TASK_END	MovePlayerToSpawn	MoveSpawn	32
63854326058054	TASK_START	ViewObjects	LM_ToggleObjects
63854326070780	TASK_END	ViewObjects	LM_ToggleObjects	12725
63854326070781	TASK_START	BlackoutWalking	LM_BlackoutPath
63854326079038	TASK_RESPONSE	Left Button Pressed	Response Time: 1.270711
63854326084769	TASK_END	BlackoutWalking	LM_BlackoutPath	13987
LandmarksTrialData:
--------------------
Timestamp	subID	trial	Room	Condition	moveItem	Repeat	Block	ObjectMovedIs	start	end	TargetObject	TarPos_x	TarPos_z	Start_SubPos_x	Start_SubPos_z	Delay_time	TargetReached	End_SubPos_x	End_SubPos_z	response	RT	
06/18/2024 4:47 PM	y06a	16	Room_63	walk	no	A	2	right	B	B	None	39.23045	64.88569	41.21548	65.04974	7.020282	True	39.20886	64.84575	Left	1.270711	
--------------------

63854326084773	LM_Output	TaskList
TaskListName	RepetitionNumber	CatchFlag
ViewpointTrials18False
63854326084776	TASK_START	Counter	LM_DummyCounter
63854326084795	TASK_END	Counter	LM_DummyCounter	20
63854326084796	TASK_START	BlockInstruction	InstructionsTaskViewpoint
63854326084797	INFO    skip task    BlockInstruction
63854326084817	TASK_END	BlockInstruction	InstructionsTaskViewpoint	21
63854326084818	TASK_START	MovePlayerToSpawn	MoveSpawn
63854326084820	TASK_POSITION	ViveRoomspaceController	MoveSpawn	(59.2, 0.1, 24.9)
63854326084821	TASK_ROTATE	ViveRoomspaceController	MoveSpawn	(0.0, 0.0, 0.0)
63854326084839	TASK_END	MovePlayerToSpawn	MoveSpawn	20
63854326084840	TASK_START	ViewObjects	LM_ToggleObjects
63854326096704	TASK_END	ViewObjects	LM_ToggleObjects	11864
63854326096705	TASK_START	BlackoutWalking	LM_BlackoutPath
63854326105077	TASK_RESPONSE	Left Button Pressed	Response Time: 1.381647
63854326110717	TASK_END	BlackoutWalking	LM_BlackoutPath	14010
LandmarksTrialData:
--------------------
Timestamp	subID	trial	Room	Condition	moveItem	Repeat	Block	ObjectMovedIs	start	end	TargetObject	TarPos_x	TarPos_z	Start_SubPos_x	Start_SubPos_z	Delay_time	TargetReached	End_SubPos_x	End_SubPos_z	response	RT	
06/18/2024 4:48 PM	y06a	17	Room_25	walk	yes	A	2	right	A	A	Harp	61.1209	25.04046	59.26803	24.8383	7.016238	True	61.12071	25.02212	Left	1.381647	
--------------------

63854326110720	LM_Output	TaskList
TaskListName	RepetitionNumber	CatchFlag
ViewpointTrials19False
63854326110721	TASK_START	Counter	LM_DummyCounter
63854326110750	TASK_END	Counter	LM_DummyCounter	29
63854326110751	TASK_START	BlockInstruction	InstructionsTaskViewpoint
63854326110753	INFO    skip task    BlockInstruction
63854326110783	TASK_END	BlockInstruction	InstructionsTaskViewpoint	31
63854326110784	TASK_START	MovePlayerToSpawn	MoveSpawn
63854326110785	TASK_POSITION	ViveRoomspaceController	MoveSpawn	(49.2, 0.1, 74.9)
63854326110787	TASK_ROTATE	ViveRoomspaceController	MoveSpawn	(0.0, 0.0, 0.0)
63854326110815	TASK_END	MovePlayerToSpawn	MoveSpawn	31
63854326110816	TASK_START	ViewObjects	LM_ToggleObjects
63854326123244	TASK_END	ViewObjects	LM_ToggleObjects	12429
63854326123246	TASK_START	BlackoutWalking	LM_BlackoutPath
63854326131652	TASK_RESPONSE	Right Button Pressed	Response Time: 1.410974
63854326137271	TASK_END	BlackoutWalking	LM_BlackoutPath	14025
LandmarksTrialData:
--------------------
Timestamp	subID	trial	Room	Condition	moveItem	Repeat	Block	ObjectMovedIs	start	end	TargetObject	TarPos_x	TarPos_z	Start_SubPos_x	Start_SubPos_z	Delay_time	TargetReached	End_SubPos_x	End_SubPos_z	response	RT	
06/18/2024 4:48 PM	y06a	18	Room_74	walk	yes	A	2	right	A	A	fabulous_tree_001	51.12089	75.04046	49.24249	74.81326	7.023974	True	51.17694	75.01653	Right	1.410974	
--------------------

63854326137275	LM_Output	TaskList
TaskListName	RepetitionNumber	CatchFlag
ViewpointTrials20False
63854326137276	TASK_START	Counter	LM_DummyCounter
63854326137306	TASK_END	Counter	LM_DummyCounter	29
63854326137307	TASK_START	BlockInstruction	InstructionsTaskViewpoint
63854326137308	INFO    skip task    BlockInstruction
63854326137336	TASK_END	BlockInstruction	InstructionsTaskViewpoint	29
63854326137338	TASK_START	MovePlayerToSpawn	MoveSpawn
63854326137338	TASK_POSITION	ViveRoomspaceController	MoveSpawn	(91.1, 0.1, 25.0)
63854326137340	TASK_ROTATE	ViveRoomspaceController	MoveSpawn	(0.0, 0.0, 0.0)
63854326137370	TASK_END	MovePlayerToSpawn	MoveSpawn	32
63854326137371	TASK_START	ViewObjects	LM_ToggleObjects
63854326149454	TASK_END	ViewObjects	LM_ToggleObjects	12082
63854326149455	TASK_START	BlackoutWalking	LM_BlackoutPath
63854326160463	TASK_RESPONSE	Right Button Pressed	Response Time: 2.574387
63854326164923	TASK_END	BlackoutWalking	LM_BlackoutPath	15467
LandmarksTrialData:
--------------------
Timestamp	subID	trial	Room	Condition	moveItem	Repeat	Block	ObjectMovedIs	start	end	TargetObject	TarPos_x	TarPos_z	Start_SubPos_x	Start_SubPos_z	Delay_time	TargetReached	End_SubPos_x	End_SubPos_z	response	RT	
06/18/2024 4:49 PM	y06a	19	Room_28	walk	yes	A	2	right	B	B	Searchlight	89.23045	24.88569	91.17677	24.97943	8.461611	True	89.40249	24.65545	Right	2.574387	
--------------------

63854326164927	LM_Output	TaskList
TaskListName	RepetitionNumber	CatchFlag
ViewpointTrials21False
63854326164929	TASK_START	Counter	LM_DummyCounter
63854326164958	TASK_END	Counter	LM_DummyCounter	28
63854326164959	TASK_START	BlockInstruction	InstructionsTaskViewpoint
63854326164960	INFO    skip task    BlockInstruction
63854326164989	TASK_END	BlockInstruction	InstructionsTaskViewpoint	30
63854326164990	TASK_START	MovePlayerToSpawn	MoveSpawn
63854326164992	TASK_POSITION	ViveRoomspaceController	MoveSpawn	(41.1, 0.1, 105.0)
63854326164993	TASK_ROTATE	ViveRoomspaceController	MoveSpawn	(0.0, 0.0, 0.0)
63854326165023	TASK_END	MovePlayerToSpawn	MoveSpawn	33
63854326165024	TASK_START	ViewObjects	LM_ToggleObjects
63854326176471	TASK_END	ViewObjects	LM_ToggleObjects	11446
63854326176472	TASK_START	BlackoutWalking	LM_BlackoutPath
63854326186154	TASK_RESPONSE	Left Button Pressed	Response Time: 1.190159
63854326191968	TASK_END	BlackoutWalking	LM_BlackoutPath	15496
LandmarksTrialData:
--------------------
Timestamp	subID	trial	Room	Condition	moveItem	Repeat	Block	ObjectMovedIs	start	end	TargetObject	TarPos_x	TarPos_z	Start_SubPos_x	Start_SubPos_z	Delay_time	TargetReached	End_SubPos_x	End_SubPos_z	response	RT	
06/18/2024 4:49 PM	y06a	20	Room_103	walk	no	A	2	right	B	B	None	39.23045	104.8857	41.22308	104.9528	8.520809	True	39.28299	104.8144	Left	1.190159	
--------------------

63854326191971	LM_Output	TaskList
TaskListName	RepetitionNumber	CatchFlag
ViewpointTrials22False
63854326191974	TASK_START	Counter	LM_DummyCounter
63854326191990	TASK_END	Counter	LM_DummyCounter	16
63854326191991	TASK_START	BlockInstruction	InstructionsTaskViewpoint
63854326191993	INFO    skip task    BlockInstruction
63854326192012	TASK_END	BlockInstruction	InstructionsTaskViewpoint	20
63854326192014	TASK_START	MovePlayerToSpawn	MoveSpawn
63854326192015	TASK_POSITION	ViveRoomspaceController	MoveSpawn	(111.1, 0.1, 105.0)
63854326192016	TASK_ROTATE	ViveRoomspaceController	MoveSpawn	(0.0, 0.0, 0.0)
63854326192042	TASK_END	MovePlayerToSpawn	MoveSpawn	28
63854326192043	TASK_START	ViewObjects	LM_ToggleObjects
63854326202392	TASK_END	ViewObjects	LM_ToggleObjects	10348
63854326202393	TASK_START	BlackoutWalking	LM_BlackoutPath
63854326210029	TASK_RESPONSE	Right Button Pressed	Response Time: 0.6422626
63854326216406	TASK_END	BlackoutWalking	LM_BlackoutPath	14013
LandmarksTrialData:
--------------------
Timestamp	subID	trial	Room	Condition	moveItem	Repeat	Block	ObjectMovedIs	start	end	TargetObject	TarPos_x	TarPos_z	Start_SubPos_x	Start_SubPos_z	Delay_time	TargetReached	End_SubPos_x	End_SubPos_z	response	RT	
06/18/2024 4:50 PM	y06a	21	Room_110	walk	yes	A	2	right	B	B	Stew	109.2305	104.8857	111.1699	104.9766	7.019838	True	109.2417	104.7514	Right	0.6422626	
--------------------

63854326216410	LM_Output	TaskList
TaskListName	RepetitionNumber	CatchFlag
ViewpointTrials23False
63854326216413	TASK_START	Counter	LM_DummyCounter
63854326216430	TASK_END	Counter	LM_DummyCounter	17
63854326216432	TASK_START	BlockInstruction	InstructionsTaskViewpoint
63854326216434	INFO    skip task    BlockInstruction
63854326216458	TASK_END	BlockInstruction	InstructionsTaskViewpoint	26
63854326216459	TASK_START	MovePlayerToSpawn	MoveSpawn
63854326216461	TASK_POSITION	ViveRoomspaceController	MoveSpawn	(79.2, 0.1, 64.9)
63854326216461	TASK_ROTATE	ViveRoomspaceController	MoveSpawn	(0.0, 0.0, 0.0)
63854326216488	TASK_END	MovePlayerToSpawn	MoveSpawn	28
63854326216490	TASK_START	ViewObjects	LM_ToggleObjects
63854326226956	TASK_END	ViewObjects	LM_ToggleObjects	10465
63854326226957	TASK_START	BlackoutWalking	LM_BlackoutPath
63854326234980	TASK_RESPONSE	Left Button Pressed	Response Time: 1.032796
63854326240947	TASK_END	BlackoutWalking	LM_BlackoutPath	13990
LandmarksTrialData:
--------------------
Timestamp	subID	trial	Room	Condition	moveItem	Repeat	Block	ObjectMovedIs	start	end	TargetObject	TarPos_x	TarPos_z	Start_SubPos_x	Start_SubPos_z	Delay_time	TargetReached	End_SubPos_x	End_SubPos_z	response	RT	
06/18/2024 4:50 PM	y06a	22	Room_67	walk	no	A	2	right	A	A	None	81.1209	65.04046	79.27302	64.83935	7.002009	True	81.07899	64.95863	Left	1.032796	
--------------------

63854326240950	LM_Output	TaskList
TaskListName	RepetitionNumber	CatchFlag
ViewpointTrials24False
63854326240952	TASK_START	Counter	LM_DummyCounter
63854326240980	TASK_END	Counter	LM_DummyCounter	28
63854326240981	TASK_START	BlockInstruction	InstructionsTaskViewpoint
63854326240982	INFO    skip task    BlockInstruction
63854326241010	TASK_END	BlockInstruction	InstructionsTaskViewpoint	29
63854326241011	TASK_START	MovePlayerToSpawn	MoveSpawn
63854326241012	TASK_POSITION	ViveRoomspaceController	MoveSpawn	(49.2, 0.1, 24.9)
63854326241014	TASK_ROTATE	ViveRoomspaceController	MoveSpawn	(0.0, 0.0, 0.0)
63854326241046	TASK_END	MovePlayerToSpawn	MoveSpawn	35
63854326241047	TASK_START	ViewObjects	LM_ToggleObjects
63854326253244	TASK_END	ViewObjects	LM_ToggleObjects	12197
63854326253245	TASK_START	BlackoutWalking	LM_BlackoutPath
63854326261535	TASK_RESPONSE	Left Button Pressed	Response Time: 1.309589
63854326267245	TASK_END	BlackoutWalking	LM_BlackoutPath	13999
LandmarksTrialData:
--------------------
Timestamp	subID	trial	Room	Condition	moveItem	Repeat	Block	ObjectMovedIs	start	end	TargetObject	TarPos_x	TarPos_z	Start_SubPos_x	Start_SubPos_z	Delay_time	TargetReached	End_SubPos_x	End_SubPos_z	response	RT	
06/18/2024 4:50 PM	y06a	23	Room_24	walk	no	A	2	right	A	A	None	51.1209	25.04046	49.19761	24.85843	7.005142	True	51.03579	24.95683	Left	1.309589	
--------------------

63854326267254	LM_Output	TaskList
TaskListName	RepetitionNumber	CatchFlag
ViewpointTrials25False
63854326267257	TASK_START	Counter	LM_DummyCounter
63854326267287	TASK_END	Counter	LM_DummyCounter	30
63854326267288	TASK_START	BlockInstruction	InstructionsTaskViewpoint
63854326267289	INFO    skip task    BlockInstruction
63854326267322	TASK_END	BlockInstruction	InstructionsTaskViewpoint	33
63854326267323	TASK_START	MovePlayerToSpawn	MoveSpawn
63854326267324	TASK_POSITION	ViveRoomspaceController	MoveSpawn	(111.1, 0.1, 65.0)
63854326267326	TASK_ROTATE	ViveRoomspaceController	MoveSpawn	(0.0, 0.0, 0.0)
63854326267354	TASK_END	MovePlayerToSpawn	MoveSpawn	31
63854326267356	TASK_START	ViewObjects	LM_ToggleObjects
63854326278875	TASK_END	ViewObjects	LM_ToggleObjects	11520
63854326278876	TASK_START	BlackoutWalking	LM_BlackoutPath
63854326286903	TASK_RESPONSE	Right Button Pressed	Response Time: 1.0576
63854326292852	TASK_END	BlackoutWalking	LM_BlackoutPath	13976
LandmarksTrialData:
--------------------
Timestamp	subID	trial	Room	Condition	moveItem	Repeat	Block	ObjectMovedIs	start	end	TargetObject	TarPos_x	TarPos_z	Start_SubPos_x	Start_SubPos_z	Delay_time	TargetReached	End_SubPos_x	End_SubPos_z	response	RT	
06/18/2024 4:51 PM	y06a	24	Room_70	walk	yes	A	2	right	B	A	Tire Stack	109.2305	64.88569	111.0203	65.0102	7.013085	True	109.3048	64.90823	Right	1.0576	
--------------------

63854326292856	LM_Output	TaskList
TaskListName	RepetitionNumber	CatchFlag
ViewpointTrials26False
63854326292857	TASK_START	Counter	LM_DummyCounter
63854326292880	TASK_END	Counter	LM_DummyCounter	23
63854326292881	TASK_START	BlockInstruction	InstructionsTaskViewpoint
63854326292882	INFO    skip task    BlockInstruction
63854326292908	TASK_END	BlockInstruction	InstructionsTaskViewpoint	26
63854326292909	TASK_START	MovePlayerToSpawn	MoveSpawn
63854326292911	TASK_POSITION	ViveRoomspaceController	MoveSpawn	(51.1, 0.1, 105.0)
63854326292912	TASK_ROTATE	ViveRoomspaceController	MoveSpawn	(0.0, 0.0, 0.0)
63854326292933	TASK_END	MovePlayerToSpawn	MoveSpawn	24
63854326292934	TASK_START	ViewObjects	LM_ToggleObjects
63854326303555	TASK_END	ViewObjects	LM_ToggleObjects	10620
63854326303556	TASK_START	BlackoutWalking	LM_BlackoutPath
63854326311391	TASK_RESPONSE	Left Button Pressed	Response Time: 0.8520496
63854326317566	TASK_END	BlackoutWalking	LM_BlackoutPath	14010
LandmarksTrialData:
--------------------
Timestamp	subID	trial	Room	Condition	moveItem	Repeat	Block	ObjectMovedIs	start	end	TargetObject	TarPos_x	TarPos_z	Start_SubPos_x	Start_SubPos_z	Delay_time	TargetReached	End_SubPos_x	End_SubPos_z	response	RT	
06/18/2024 4:51 PM	y06a	25	Room_104	walk	no	A	2	right	B	A	None	49.23045	104.8857	51.09672	104.9471	7.018993	True	49.36528	104.867	Left	0.8520496	
--------------------

63854326317570	LM_Output	TaskList
TaskListName	RepetitionNumber	CatchFlag
ViewpointTrials27False
63854326317571	TASK_START	Counter	LM_DummyCounter
63854326317600	TASK_END	Counter	LM_DummyCounter	28
63854326317601	TASK_START	BlockInstruction	InstructionsTaskViewpoint
63854326317602	INFO    skip task    BlockInstruction
63854326317632	TASK_END	BlockInstruction	InstructionsTaskViewpoint	30
63854326317633	TASK_START	MovePlayerToSpawn	MoveSpawn
63854326317634	TASK_POSITION	ViveRoomspaceController	MoveSpawn	(89.2, 0.1, 14.9)
63854326317635	TASK_ROTATE	ViveRoomspaceController	MoveSpawn	(0.0, 0.0, 0.0)
63854326317655	TASK_END	MovePlayerToSpawn	MoveSpawn	21
63854326317656	TASK_START	ViewObjects	LM_ToggleObjects
63854326329762	TASK_END	ViewObjects	LM_ToggleObjects	12105
63854326329764	TASK_START	BlackoutWalking	LM_BlackoutPath
63854326337680	TASK_RESPONSE	Left Button Pressed	Response Time: 0.9226213
63854326343777	TASK_END	BlackoutWalking	LM_BlackoutPath	14013
LandmarksTrialData:
--------------------
Timestamp	subID	trial	Room	Condition	moveItem	Repeat	Block	ObjectMovedIs	start	end	TargetObject	TarPos_x	TarPos_z	Start_SubPos_x	Start_SubPos_z	Delay_time	TargetReached	End_SubPos_x	End_SubPos_z	response	RT	
06/18/2024 4:52 PM	y06a	26	Room_18	walk	no	A	2	right	A	B	None	91.1209	15.04046	89.258	14.89977	7.02349	True	91.20483	14.88949	Left	0.9226213	
--------------------

63854326343780	LM_Output	TaskList
TaskListName	RepetitionNumber	CatchFlag
ViewpointTrials28False
63854326343782	TASK_START	Counter	LM_DummyCounter
63854326343808	TASK_END	Counter	LM_DummyCounter	26
63854326343809	TASK_START	BlockInstruction	InstructionsTaskViewpoint
63854326343810	INFO    skip task    BlockInstruction
63854326343843	TASK_END	BlockInstruction	InstructionsTaskViewpoint	35
63854326343844	TASK_START	MovePlayerToSpawn	MoveSpawn
63854326343847	TASK_POSITION	ViveRoomspaceController	MoveSpawn	(61.1, 0.1, 5.0)
63854326343848	TASK_ROTATE	ViveRoomspaceController	MoveSpawn	(0.0, 0.0, 0.0)
63854326343874	TASK_END	MovePlayerToSpawn	MoveSpawn	29
63854326343876	TASK_START	ViewObjects	LM_ToggleObjects
63854326355268	TASK_END	ViewObjects	LM_ToggleObjects	11393
63854326355269	TASK_START	BlackoutWalking	LM_BlackoutPath
63854326363811	TASK_RESPONSE	Right Button Pressed	Response Time: 1.56982
63854326369248	TASK_END	BlackoutWalking	LM_BlackoutPath	13978
LandmarksTrialData:
--------------------
Timestamp	subID	trial	Room	Condition	moveItem	Repeat	Block	ObjectMovedIs	start	end	TargetObject	TarPos_x	TarPos_z	Start_SubPos_x	Start_SubPos_z	Delay_time	TargetReached	End_SubPos_x	End_SubPos_z	response	RT	
06/18/2024 4:52 PM	y06a	27	Room_5	walk	yes	A	2	right	B	A	donut	59.23045	4.885691	61.14883	5.068118	7.001473	True	59.22357	4.77241	Right	1.56982	
--------------------

63854326369252	LM_Output	TaskList
TaskListName	RepetitionNumber	CatchFlag
ViewpointTrials29False
63854326369254	TASK_START	Counter	LM_DummyCounter
63854326369273	TASK_END	Counter	LM_DummyCounter	19
63854326369274	TASK_START	BlockInstruction	InstructionsTaskViewpoint
63854326369275	INFO    skip task    BlockInstruction
63854326369297	TASK_END	BlockInstruction	InstructionsTaskViewpoint	23
63854326369299	TASK_START	MovePlayerToSpawn	MoveSpawn
63854326369300	TASK_POSITION	ViveRoomspaceController	MoveSpawn	(29.2, 0.1, 24.9)
63854326369302	TASK_ROTATE	ViveRoomspaceController	MoveSpawn	(0.0, 0.0, 0.0)
63854326369319	TASK_END	MovePlayerToSpawn	MoveSpawn	20
63854326369321	TASK_START	ViewObjects	LM_ToggleObjects
63854326381811	TASK_END	ViewObjects	LM_ToggleObjects	12490
63854326381813	TASK_START	BlackoutWalking	LM_BlackoutPath
63854326390043	TASK_RESPONSE	Left Button Pressed	Response Time: 1.260041
63854326395807	TASK_END	BlackoutWalking	LM_BlackoutPath	13994
LandmarksTrialData:
--------------------
Timestamp	subID	trial	Room	Condition	moveItem	Repeat	Block	ObjectMovedIs	start	end	TargetObject	TarPos_x	TarPos_z	Start_SubPos_x	Start_SubPos_z	Delay_time	TargetReached	End_SubPos_x	End_SubPos_z	response	RT	
06/18/2024 4:53 PM	y06a	28	Room_22	walk	no	A	2	right	A	B	None	31.1209	25.04046	29.3261	24.95823	7.008085	True	31.08806	24.87293	Left	1.260041	
--------------------

63854326395811	LM_Output	TaskList
TaskListName	RepetitionNumber	CatchFlag
ViewpointTrials30False
63854326395812	TASK_START	Counter	LM_DummyCounter
63854326395842	TASK_END	Counter	LM_DummyCounter	29
63854326395842	TASK_START	BlockInstruction	InstructionsTaskViewpoint
63854326395843	INFO    skip task    BlockInstruction
63854326395873	TASK_END	BlockInstruction	InstructionsTaskViewpoint	30
63854326395874	TASK_START	MovePlayerToSpawn	MoveSpawn
63854326395876	TASK_POSITION	ViveRoomspaceController	MoveSpawn	(21.1, 0.1, 85.0)
63854326395877	TASK_ROTATE	ViveRoomspaceController	MoveSpawn	(0.0, 0.0, 0.0)
63854326395907	TASK_END	MovePlayerToSpawn	MoveSpawn	32
63854326395908	TASK_START	ViewObjects	LM_ToggleObjects
63854326407194	TASK_END	ViewObjects	LM_ToggleObjects	11285
63854326407196	TASK_START	BlackoutWalking	LM_BlackoutPath
63854326415295	TASK_RESPONSE	Right Button Pressed	Response Time: 1.103116
63854326421211	TASK_END	BlackoutWalking	LM_BlackoutPath	14015
LandmarksTrialData:
--------------------
Timestamp	subID	trial	Room	Condition	moveItem	Repeat	Block	ObjectMovedIs	start	end	TargetObject	TarPos_x	TarPos_z	Start_SubPos_x	Start_SubPos_z	Delay_time	TargetReached	End_SubPos_x	End_SubPos_z	response	RT	
06/18/2024 4:53 PM	y06a	29	Room_81	walk	yes	A	2	right	B	A	Trash-02a	19.23045	84.88569	21.14729	85.04626	7.021742	True	19.22046	84.92141	Right	1.103116	
--------------------

63854326421215	LM_Output	TaskList
TaskListName	RepetitionNumber	CatchFlag
ViewpointTrials31False
63854326421217	TASK_START	Counter	LM_DummyCounter
63854326421239	TASK_END	Counter	LM_DummyCounter	22
63854326421240	TASK_START	BlockInstruction	InstructionsTaskViewpoint
63854326421241	INFO    skip task    BlockInstruction
63854326421266	TASK_END	BlockInstruction	InstructionsTaskViewpoint	26
63854326421267	TASK_START	MovePlayerToSpawn	MoveSpawn
63854326421268	TASK_POSITION	ViveRoomspaceController	MoveSpawn	(49.2, 0.1, 34.9)
63854326421269	TASK_ROTATE	ViveRoomspaceController	MoveSpawn	(0.0, 0.0, 0.0)
63854326421291	TASK_END	MovePlayerToSpawn	MoveSpawn	25
63854326421293	TASK_START	ViewObjects	LM_ToggleObjects
63854326431891	TASK_END	ViewObjects	LM_ToggleObjects	10598
63854326431892	TASK_START	BlackoutWalking	LM_BlackoutPath
63854326439651	TASK_RESPONSE	Right Button Pressed	Response Time: 0.7616995
63854326445917	TASK_END	BlackoutWalking	LM_BlackoutPath	14024
LandmarksTrialData:
--------------------
Timestamp	subID	trial	Room	Condition	moveItem	Repeat	Block	ObjectMovedIs	start	end	TargetObject	TarPos_x	TarPos_z	Start_SubPos_x	Start_SubPos_z	Delay_time	TargetReached	End_SubPos_x	End_SubPos_z	response	RT	
06/18/2024 4:53 PM	y06a	30	Room_34	walk	yes	A	2	right	A	B	Dumbbell-2	51.1209	35.04045	49.23498	34.86556	7.016812	True	51.17193	34.93797	Right	0.7616995	
--------------------

63854326445920	LM_Output	TaskList
TaskListName	RepetitionNumber	CatchFlag
ViewpointTrials32False
63854326445923	TASK_START	Counter	LM_DummyCounter
63854326445950	TASK_END	Counter	LM_DummyCounter	26
63854326445951	TASK_START	BlockInstruction	InstructionsTaskViewpoint
63854326445952	INFO    skip task    BlockInstruction
63854326445986	TASK_END	BlockInstruction	InstructionsTaskViewpoint	33
63854326445987	TASK_START	MovePlayerToSpawn	MoveSpawn
63854326445989	TASK_POSITION	ViveRoomspaceController	MoveSpawn	(69.2, 0.1, 24.9)
63854326445990	TASK_ROTATE	ViveRoomspaceController	MoveSpawn	(0.0, 0.0, 0.0)
63854326446017	TASK_END	MovePlayerToSpawn	MoveSpawn	30
63854326446019	TASK_START	ViewObjects	LM_ToggleObjects
63854326457278	TASK_END	ViewObjects	LM_ToggleObjects	11259
63854326457279	TASK_START	BlackoutWalking	LM_BlackoutPath
63854326465097	TASK_RESPONSE	Left Button Pressed	Response Time: 0.8382224
63854326471262	TASK_END	BlackoutWalking	LM_BlackoutPath	13982
LandmarksTrialData:
--------------------
Timestamp	subID	trial	Room	Condition	moveItem	Repeat	Block	ObjectMovedIs	start	end	TargetObject	TarPos_x	TarPos_z	Start_SubPos_x	Start_SubPos_z	Delay_time	TargetReached	End_SubPos_x	End_SubPos_z	response	RT	
06/18/2024 4:54 PM	y06a	31	Room_26	walk	no	A	2	right	A	B	None	71.1209	25.04046	69.2881	24.83159	7.012935	True	71.05757	24.8934	Left	0.8382224	
--------------------

63854326471266	LM_Output	TaskList
TaskListName	RepetitionNumber	CatchFlag
ViewpointTrials33False
63854326471268	TASK_START	Counter	LM_DummyCounter
63854326471291	TASK_END	Counter	LM_DummyCounter	23
63854326471292	TASK_START	BlockInstruction	InstructionsTaskViewpoint
63854326479135	INPUT_EVENT    PlayerPressedActionButton    1
63854326479136	TASK_END	BlockInstruction	InstructionsTaskViewpoint	7843
63854326479137	TASK_START	MovePlayerToSpawn	MoveSpawn
63854326479139	TASK_POSITION	ViveRoomspaceController	MoveSpawn	(71.1, 0.1, 5.0)
63854326479141	TASK_ROTATE	ViveRoomspaceController	MoveSpawn	(0.0, 0.0, 0.0)
63854326479157	TASK_END	MovePlayerToSpawn	MoveSpawn	19
63854326479159	TASK_START	ViewObjects	LM_ToggleObjects
63854326491861	TASK_END	ViewObjects	LM_ToggleObjects	12702
63854326491863	TASK_START	BlackoutWalking	LM_BlackoutPath
63854326499813	TASK_RESPONSE	Right Button Pressed	Response Time: 0.9488016
63854326505876	TASK_END	BlackoutWalking	LM_BlackoutPath	14013
LandmarksTrialData:
--------------------
Timestamp	subID	trial	Room	Condition	moveItem	Repeat	Block	ObjectMovedIs	start	end	TargetObject	TarPos_x	TarPos_z	Start_SubPos_x	Start_SubPos_z	Delay_time	TargetReached	End_SubPos_x	End_SubPos_z	response	RT	
06/18/2024 4:54 PM	y06a	32	Room_6	stay	yes	A	3	right	B	B	frenchFries	71.1209	5.040455	71.16122	5.034099	7.019488	True	71.21226	4.975739	Right	0.9488016	
--------------------

63854326505880	LM_Output	TaskList
TaskListName	RepetitionNumber	CatchFlag
ViewpointTrials34False
63854326505882	TASK_START	Counter	LM_DummyCounter
63854326505920	TASK_END	Counter	LM_DummyCounter	37
63854326505922	TASK_START	BlockInstruction	InstructionsTaskViewpoint
63854326505922	INFO    skip task    BlockInstruction
63854326505953	TASK_END	BlockInstruction	InstructionsTaskViewpoint	32
63854326505955	TASK_START	MovePlayerToSpawn	MoveSpawn
63854326505956	TASK_POSITION	ViveRoomspaceController	MoveSpawn	(99.2, 0.1, 54.9)
63854326505957	TASK_ROTATE	ViveRoomspaceController	MoveSpawn	(0.0, 0.0, 0.0)
63854326505987	TASK_END	MovePlayerToSpawn	MoveSpawn	32
63854326505988	TASK_START	ViewObjects	LM_ToggleObjects
63854326517273	TASK_END	ViewObjects	LM_ToggleObjects	11285
63854326517274	TASK_START	BlackoutWalking	LM_BlackoutPath
63854326525159	TASK_RESPONSE	Left Button Pressed	Response Time: 0.9037018
63854326531285	TASK_END	BlackoutWalking	LM_BlackoutPath	14011
LandmarksTrialData:
--------------------
Timestamp	subID	trial	Room	Condition	moveItem	Repeat	Block	ObjectMovedIs	start	end	TargetObject	TarPos_x	TarPos_z	Start_SubPos_x	Start_SubPos_z	Delay_time	TargetReached	End_SubPos_x	End_SubPos_z	response	RT	
06/18/2024 4:55 PM	y06a	33	Room_59	stay	no	A	3	right	A	A	None	99.23045	54.88569	99.27357	54.81778	7.005323	True	99.32194	54.80384	Left	0.9037018	
--------------------

63854326531289	LM_Output	TaskList
TaskListName	RepetitionNumber	CatchFlag
ViewpointTrials35False
63854326531291	TASK_START	Counter	LM_DummyCounter
63854326531316	TASK_END	Counter	LM_DummyCounter	25
63854326531318	TASK_START	BlockInstruction	InstructionsTaskViewpoint
63854326531319	INFO    skip task    BlockInstruction
63854326531349	TASK_END	BlockInstruction	InstructionsTaskViewpoint	32
63854326531350	TASK_START	MovePlayerToSpawn	MoveSpawn
63854326531351	TASK_POSITION	ViveRoomspaceController	MoveSpawn	(41.1, 0.1, 115.0)
63854326531353	TASK_ROTATE	ViveRoomspaceController	MoveSpawn	(0.0, 0.0, 0.0)
63854326531380	TASK_END	MovePlayerToSpawn	MoveSpawn	29
63854326531382	TASK_START	ViewObjects	LM_ToggleObjects
63854326555842	TASK_END	ViewObjects	LM_ToggleObjects	24460
63854326555843	TASK_START	BlackoutWalking	LM_BlackoutPath
63854326564725	TASK_RESPONSE	Left Button Pressed	Response Time: 1.896739
63854326569850	TASK_END	BlackoutWalking	LM_BlackoutPath	14006
LandmarksTrialData:
--------------------
Timestamp	subID	trial	Room	Condition	moveItem	Repeat	Block	ObjectMovedIs	start	end	TargetObject	TarPos_x	TarPos_z	Start_SubPos_x	Start_SubPos_z	Delay_time	TargetReached	End_SubPos_x	End_SubPos_z	response	RT	
06/18/2024 4:55 PM	y06a	34	Room_113	stay	yes	A	3	right	B	B	Pear	41.1209	115.0405	41.81464	115.1098	7.028608	True	41.22824	115.023	Left	1.896739	
--------------------

63854326569855	LM_Output	TaskList
TaskListName	RepetitionNumber	CatchFlag
ViewpointTrials36False
63854326569857	TASK_START	Counter	LM_DummyCounter
63854326569883	TASK_END	Counter	LM_DummyCounter	26
63854326569884	TASK_START	BlockInstruction	InstructionsTaskViewpoint
63854326569886	INFO    skip task    BlockInstruction
63854326569913	TASK_END	BlockInstruction	InstructionsTaskViewpoint	28
63854326569914	TASK_START	MovePlayerToSpawn	MoveSpawn
63854326569917	TASK_POSITION	ViveRoomspaceController	MoveSpawn	(41.1, 0.1, 55.0)
63854326569918	TASK_ROTATE	ViveRoomspaceController	MoveSpawn	(0.0, 0.0, 0.0)
63854326569949	TASK_END	MovePlayerToSpawn	MoveSpawn	34
63854326569950	TASK_START	ViewObjects	LM_ToggleObjects
63854326580265	TASK_END	ViewObjects	LM_ToggleObjects	10315
63854326580266	TASK_START	BlackoutWalking	LM_BlackoutPath
63854326588368	TASK_RESPONSE	Right Button Pressed	Response Time: 1.111003
63854326594273	TASK_END	BlackoutWalking	LM_BlackoutPath	14007
LandmarksTrialData:
--------------------
Timestamp	subID	trial	Room	Condition	moveItem	Repeat	Block	ObjectMovedIs	start	end	TargetObject	TarPos_x	TarPos_z	Start_SubPos_x	Start_SubPos_z	Delay_time	TargetReached	End_SubPos_x	End_SubPos_z	response	RT	
06/18/2024 4:56 PM	y06a	35	Room_53	stay	yes	A	3	right	B	B	IceCream02	41.1209	55.04045	41.2187	54.99559	7.020082	True	41.20727	55.04329	Right	1.111003	
--------------------

63854326594277	LM_Output	TaskList
TaskListName	RepetitionNumber	CatchFlag
ViewpointTrials37False
63854326594280	TASK_START	Counter	LM_DummyCounter
63854326594304	TASK_END	Counter	LM_DummyCounter	24
63854326594305	TASK_START	BlockInstruction	InstructionsTaskViewpoint
63854326594307	INFO    skip task    BlockInstruction
63854326594336	TASK_END	BlockInstruction	InstructionsTaskViewpoint	30
63854326594338	TASK_START	MovePlayerToSpawn	MoveSpawn
63854326594341	TASK_POSITION	ViveRoomspaceController	MoveSpawn	(39.2, 0.1, 34.9)
63854326594342	TASK_ROTATE	ViveRoomspaceController	MoveSpawn	(0.0, 0.0, 0.0)
63854326594362	TASK_END	MovePlayerToSpawn	MoveSpawn	24
63854326594363	TASK_START	ViewObjects	LM_ToggleObjects
63854326605300	TASK_END	ViewObjects	LM_ToggleObjects	10936
63854326605301	TASK_START	BlackoutWalking	LM_BlackoutPath
63854326613007	TASK_RESPONSE	Left Button Pressed	Response Time: 0.7158954
63854326619291	TASK_END	BlackoutWalking	LM_BlackoutPath	13990
LandmarksTrialData:
--------------------
Timestamp	subID	trial	Room	Condition	moveItem	Repeat	Block	ObjectMovedIs	start	end	TargetObject	TarPos_x	TarPos_z	Start_SubPos_x	Start_SubPos_z	Delay_time	TargetReached	End_SubPos_x	End_SubPos_z	response	RT	
06/18/2024 4:56 PM	y06a	36	Room_33	stay	no	A	3	right	A	A	None	39.23045	34.88569	39.21383	34.74671	7.009556	True	39.31886	34.7532	Left	0.7158954	
--------------------

63854326619295	LM_Output	TaskList
TaskListName	RepetitionNumber	CatchFlag
ViewpointTrials38False
63854326619296	TASK_START	Counter	LM_DummyCounter
63854326619324	TASK_END	Counter	LM_DummyCounter	27
63854326619326	TASK_START	BlockInstruction	InstructionsTaskViewpoint
63854326619327	INFO    skip task    BlockInstruction
63854326619358	TASK_END	BlockInstruction	InstructionsTaskViewpoint	33
63854326619359	TASK_START	MovePlayerToSpawn	MoveSpawn
63854326619361	TASK_POSITION	ViveRoomspaceController	MoveSpawn	(39.2, 0.1, 4.9)
63854326619362	TASK_ROTATE	ViveRoomspaceController	MoveSpawn	(0.0, 0.0, 0.0)
63854326619383	TASK_END	MovePlayerToSpawn	MoveSpawn	23
63854326619384	TASK_START	ViewObjects	LM_ToggleObjects
63854326630475	TASK_END	ViewObjects	LM_ToggleObjects	11091
63854326630477	TASK_START	BlackoutWalking	LM_BlackoutPath
63854326638259	TASK_RESPONSE	Left Button Pressed	Response Time: 0.7882416
63854326644466	TASK_END	BlackoutWalking	LM_BlackoutPath	13988
LandmarksTrialData:
--------------------
Timestamp	subID	trial	Room	Condition	moveItem	Repeat	Block	ObjectMovedIs	start	end	TargetObject	TarPos_x	TarPos_z	Start_SubPos_x	Start_SubPos_z	Delay_time	TargetReached	End_SubPos_x	End_SubPos_z	response	RT	
06/18/2024 4:57 PM	y06a	37	Room_3	stay	no	A	3	right	A	A	None	39.23045	4.88569	39.36454	4.794164	7.018006	True	39.16532	4.869456	Left	0.7882416	
--------------------

63854326644470	LM_Output	TaskList
TaskListName	RepetitionNumber	CatchFlag
ViewpointTrials39False
63854326644473	TASK_START	Counter	LM_DummyCounter
63854326644494	TASK_END	Counter	LM_DummyCounter	21
63854326644496	TASK_START	BlockInstruction	InstructionsTaskViewpoint
63854326644497	INFO    skip task    BlockInstruction
63854326644514	TASK_END	BlockInstruction	InstructionsTaskViewpoint	18
63854326644515	TASK_START	MovePlayerToSpawn	MoveSpawn
63854326644516	TASK_POSITION	ViveRoomspaceController	MoveSpawn	(21.1, 0.1, 35.0)
63854326644518	TASK_ROTATE	ViveRoomspaceController	MoveSpawn	(0.0, 0.0, 0.0)
63854326644540	TASK_END	MovePlayerToSpawn	MoveSpawn	25
63854326644542	TASK_START	ViewObjects	LM_ToggleObjects
63854326654843	TASK_END	ViewObjects	LM_ToggleObjects	10301
63854326654844	TASK_START	BlackoutWalking	LM_BlackoutPath
63854326662608	TASK_RESPONSE	Left Button Pressed	Response Time: 0.7868567
63854326668826	TASK_END	BlackoutWalking	LM_BlackoutPath	13980
LandmarksTrialData:
--------------------
Timestamp	subID	trial	Room	Condition	moveItem	Repeat	Block	ObjectMovedIs	start	end	TargetObject	TarPos_x	TarPos_z	Start_SubPos_x	Start_SubPos_z	Delay_time	TargetReached	End_SubPos_x	End_SubPos_z	response	RT	
06/18/2024 4:57 PM	y06a	38	Room_31	stay	no	A	3	right	B	B	None	21.1209	35.04045	21.12605	34.88158	7.018813	True	21.20291	34.9357	Left	0.7868567	
--------------------

63854326668829	LM_Output	TaskList
TaskListName	RepetitionNumber	CatchFlag
ViewpointTrials40False
63854326668831	TASK_START	Counter	LM_DummyCounter
63854326668856	TASK_END	Counter	LM_DummyCounter	24
63854326668857	TASK_START	BlockInstruction	InstructionsTaskViewpoint
63854326668858	INFO    skip task    BlockInstruction
63854326668880	TASK_END	BlockInstruction	InstructionsTaskViewpoint	22
63854326668881	TASK_START	MovePlayerToSpawn	MoveSpawn
63854326668883	TASK_POSITION	ViveRoomspaceController	MoveSpawn	(69.2, 0.1, 104.9)
63854326668884	TASK_ROTATE	ViveRoomspaceController	MoveSpawn	(0.0, 0.0, 0.0)
63854326668913	TASK_END	MovePlayerToSpawn	MoveSpawn	32
63854326668914	TASK_START	ViewObjects	LM_ToggleObjects
63854326679479	TASK_END	ViewObjects	LM_ToggleObjects	10564
63854326679480	TASK_START	BlackoutWalking	LM_BlackoutPath
63854326687281	TASK_RESPONSE	Right Button Pressed	Response Time: 0.804566
63854326693485	TASK_END	BlackoutWalking	LM_BlackoutPath	14005
LandmarksTrialData:
--------------------
Timestamp	subID	trial	Room	Condition	moveItem	Repeat	Block	ObjectMovedIs	start	end	TargetObject	TarPos_x	TarPos_z	Start_SubPos_x	Start_SubPos_z	Delay_time	TargetReached	End_SubPos_x	End_SubPos_z	response	RT	
06/18/2024 4:57 PM	y06a	39	Room_106	stay	yes	A	3	right	A	A	Horseradish	69.23045	104.8857	69.23742	104.6759	7.016413	True	69.19798	104.7758	Right	0.804566	
--------------------

63854326693488	LM_Output	TaskList
TaskListName	RepetitionNumber	CatchFlag
ViewpointTrials41False
63854326693492	TASK_START	Counter	LM_DummyCounter
63854326693509	TASK_END	Counter	LM_DummyCounter	17
63854326693511	TASK_START	BlockInstruction	InstructionsTaskViewpoint
63854326693513	INFO    skip task    BlockInstruction
63854326693531	TASK_END	BlockInstruction	InstructionsTaskViewpoint	20
63854326693532	TASK_START	MovePlayerToSpawn	MoveSpawn
63854326693533	TASK_POSITION	ViveRoomspaceController	MoveSpawn	(29.2, 0.1, 54.9)
63854326693534	TASK_ROTATE	ViveRoomspaceController	MoveSpawn	(0.0, 0.0, 0.0)
63854326693556	TASK_END	MovePlayerToSpawn	MoveSpawn	24
63854326693558	TASK_START	ViewObjects	LM_ToggleObjects
63854326703877	TASK_END	ViewObjects	LM_ToggleObjects	10318
63854326703878	TASK_START	BlackoutWalking	LM_BlackoutPath
63854326711893	TASK_RESPONSE	Left Button Pressed	Response Time: 1.023703
63854326717902	TASK_END	BlackoutWalking	LM_BlackoutPath	14022
LandmarksTrialData:
--------------------
Timestamp	subID	trial	Room	Condition	moveItem	Repeat	Block	ObjectMovedIs	start	end	TargetObject	TarPos_x	TarPos_z	Start_SubPos_x	Start_SubPos_z	Delay_time	TargetReached	End_SubPos_x	End_SubPos_z	response	RT	
06/18/2024 4:58 PM	y06a	40	Room_52	stay	no	A	3	right	A	B	None	29.23046	54.88569	29.22539	54.76235	7.028231	True	29.21712	54.75943	Left	1.023703	
--------------------

63854326717905	LM_Output	TaskList
TaskListName	RepetitionNumber	CatchFlag
ViewpointTrials42False
63854326717908	TASK_START	Counter	LM_DummyCounter
63854326717936	TASK_END	Counter	LM_DummyCounter	28
63854326717937	TASK_START	BlockInstruction	InstructionsTaskViewpoint
63854326717938	INFO    skip task    BlockInstruction
63854326717968	TASK_END	BlockInstruction	InstructionsTaskViewpoint	31
63854326717969	TASK_START	MovePlayerToSpawn	MoveSpawn
63854326717971	TASK_POSITION	ViveRoomspaceController	MoveSpawn	(51.1, 0.1, 45.0)
63854326717972	TASK_ROTATE	ViveRoomspaceController	MoveSpawn	(0.0, 0.0, 0.0)
63854326718001	TASK_END	MovePlayerToSpawn	MoveSpawn	32
63854326718002	TASK_START	ViewObjects	LM_ToggleObjects
63854326727728	TASK_END	ViewObjects	LM_ToggleObjects	9727
63854326727730	TASK_START	BlackoutWalking	LM_BlackoutPath
63854326735483	TASK_RESPONSE	Left Button Pressed	Response Time: 0.7739705
63854326741732	TASK_END	BlackoutWalking	LM_BlackoutPath	14002
LandmarksTrialData:
--------------------
Timestamp	subID	trial	Room	Condition	moveItem	Repeat	Block	ObjectMovedIs	start	end	TargetObject	TarPos_x	TarPos_z	Start_SubPos_x	Start_SubPos_z	Delay_time	TargetReached	End_SubPos_x	End_SubPos_z	response	RT	
06/18/2024 4:58 PM	y06a	41	Room_44	stay	no	A	3	right	B	A	None	51.1209	45.04045	51.32595	44.89057	7.009198	True	51.28601	45.0977	Left	0.7739705	
--------------------

63854326741736	LM_Output	TaskList
TaskListName	RepetitionNumber	CatchFlag
ViewpointTrials43False
63854326741738	TASK_START	Counter	LM_DummyCounter
63854326741756	TASK_END	Counter	LM_DummyCounter	17
63854326741757	TASK_START	BlockInstruction	InstructionsTaskViewpoint
63854326741758	INFO    skip task    BlockInstruction
63854326741789	TASK_END	BlockInstruction	InstructionsTaskViewpoint	31
63854326741791	TASK_START	MovePlayerToSpawn	MoveSpawn
63854326741792	TASK_POSITION	ViveRoomspaceController	MoveSpawn	(61.1, 0.1, 115.0)
63854326741793	TASK_ROTATE	ViveRoomspaceController	MoveSpawn	(0.0, 0.0, 0.0)
63854326741821	TASK_END	MovePlayerToSpawn	MoveSpawn	30
63854326741822	TASK_START	ViewObjects	LM_ToggleObjects
63854326752097	TASK_END	ViewObjects	LM_ToggleObjects	10274
63854326752098	TASK_START	BlackoutWalking	LM_BlackoutPath
63854326759993	TASK_RESPONSE	Right Button Pressed	Response Time: 0.9166659
63854326766082	TASK_END	BlackoutWalking	LM_BlackoutPath	13984
LandmarksTrialData:
--------------------
Timestamp	subID	trial	Room	Condition	moveItem	Repeat	Block	ObjectMovedIs	start	end	TargetObject	TarPos_x	TarPos_z	Start_SubPos_x	Start_SubPos_z	Delay_time	TargetReached	End_SubPos_x	End_SubPos_z	response	RT	
06/18/2024 4:59 PM	y06a	42	Room_115	stay	yes	A	3	right	B	A	Bat	61.1209	115.0405	61.1264	115.0929	7.005474	True	61.30367	115.0238	Right	0.9166659	
--------------------

63854326766085	LM_Output	TaskList
TaskListName	RepetitionNumber	CatchFlag
ViewpointTrials44False
63854326766088	TASK_START	Counter	LM_DummyCounter
63854326766119	TASK_END	Counter	LM_DummyCounter	31
63854326766120	TASK_START	BlockInstruction	InstructionsTaskViewpoint
63854326766121	INFO    skip task    BlockInstruction
63854326766155	TASK_END	BlockInstruction	InstructionsTaskViewpoint	34
63854326766156	TASK_START	MovePlayerToSpawn	MoveSpawn
63854326766157	TASK_POSITION	ViveRoomspaceController	MoveSpawn	(59.2, 0.1, 44.9)
63854326766159	TASK_ROTATE	ViveRoomspaceController	MoveSpawn	(0.0, 0.0, 0.0)
63854326766181	TASK_END	MovePlayerToSpawn	MoveSpawn	25
63854326766183	TASK_START	ViewObjects	LM_ToggleObjects
63854326777179	TASK_END	ViewObjects	LM_ToggleObjects	10996
63854326777180	TASK_START	BlackoutWalking	LM_BlackoutPath
63854326785799	TASK_RESPONSE	Left Button Pressed	Response Time: 1.624889
63854326791201	TASK_END	BlackoutWalking	LM_BlackoutPath	14021
LandmarksTrialData:
--------------------
Timestamp	subID	trial	Room	Condition	moveItem	Repeat	Block	ObjectMovedIs	start	end	TargetObject	TarPos_x	TarPos_z	Start_SubPos_x	Start_SubPos_z	Delay_time	TargetReached	End_SubPos_x	End_SubPos_z	response	RT	
06/18/2024 4:59 PM	y06a	43	Room_45	stay	no	A	3	right	A	B	None	59.23045	44.88569	59.25679	44.68383	7.02094	True	59.35894	44.81343	Left	1.624889	
--------------------

63854326791204	LM_Output	TaskList
TaskListName	RepetitionNumber	CatchFlag
ViewpointTrials45False
63854326791205	TASK_START	Counter	LM_DummyCounter
63854326791232	TASK_END	Counter	LM_DummyCounter	26
63854326791234	TASK_START	BlockInstruction	InstructionsTaskViewpoint
63854326791234	INFO    skip task    BlockInstruction
63854326791265	TASK_END	BlockInstruction	InstructionsTaskViewpoint	32
63854326791267	TASK_START	MovePlayerToSpawn	MoveSpawn
63854326791269	TASK_POSITION	ViveRoomspaceController	MoveSpawn	(21.1, 0.1, 15.0)
63854326791270	TASK_ROTATE	ViveRoomspaceController	MoveSpawn	(0.0, 0.0, 0.0)
63854326791303	TASK_END	MovePlayerToSpawn	MoveSpawn	35
63854326791304	TASK_START	ViewObjects	LM_ToggleObjects
63854326802170	TASK_END	ViewObjects	LM_ToggleObjects	10865
63854326802171	TASK_START	BlackoutWalking	LM_BlackoutPath
63854326810104	TASK_RESPONSE	Right Button Pressed	Response Time: 0.9376734
63854326816171	TASK_END	BlackoutWalking	LM_BlackoutPath	13999
LandmarksTrialData:
--------------------
Timestamp	subID	trial	Room	Condition	moveItem	Repeat	Block	ObjectMovedIs	start	end	TargetObject	TarPos_x	TarPos_z	Start_SubPos_x	Start_SubPos_z	Delay_time	TargetReached	End_SubPos_x	End_SubPos_z	response	RT	
06/18/2024 5:00 PM	y06a	44	Room_11	stay	yes	A	3	right	B	A	FFP_PRE_DIR_04_Bucket_of_Radishes_1024	21.1209	15.04045	21.28448	14.96639	7.025332	True	21.17295	15.02528	Right	0.9376734	
--------------------

63854326816175	LM_Output	TaskList
TaskListName	RepetitionNumber	CatchFlag
ViewpointTrials46False
63854326816177	TASK_START	Counter	LM_DummyCounter
63854326816198	TASK_END	Counter	LM_DummyCounter	21
63854326816200	TASK_START	BlockInstruction	InstructionsTaskViewpoint
63854326816200	INFO    skip task    BlockInstruction
63854326816232	TASK_END	BlockInstruction	InstructionsTaskViewpoint	32
63854326816233	TASK_START	MovePlayerToSpawn	MoveSpawn
63854326816234	TASK_POSITION	ViveRoomspaceController	MoveSpawn	(89.2, 0.1, 64.9)
63854326816236	TASK_ROTATE	ViveRoomspaceController	MoveSpawn	(0.0, 0.0, 0.0)
63854326816256	TASK_END	MovePlayerToSpawn	MoveSpawn	23
63854326816257	TASK_START	ViewObjects	LM_ToggleObjects
63854326826972	TASK_END	ViewObjects	LM_ToggleObjects	10715
63854326826973	TASK_START	BlackoutWalking	LM_BlackoutPath
63854326836225	TASK_RESPONSE	Left Button Pressed	Response Time: 2.272948
63854326840955	TASK_END	BlackoutWalking	LM_BlackoutPath	13981
LandmarksTrialData:
--------------------
Timestamp	subID	trial	Room	Condition	moveItem	Repeat	Block	ObjectMovedIs	start	end	TargetObject	TarPos_x	TarPos_z	Start_SubPos_x	Start_SubPos_z	Delay_time	TargetReached	End_SubPos_x	End_SubPos_z	response	RT	
06/18/2024 5:00 PM	y06a	45	Room_68	stay	no	A	3	right	A	B	None	89.23045	64.88569	89.24178	64.80051	7.020216	True	89.33991	64.8388	Left	2.272948	
--------------------

63854326840959	LM_Output	TaskList
TaskListName	RepetitionNumber	CatchFlag
ViewpointTrials47False
63854326840960	TASK_START	Counter	LM_DummyCounter
63854326840985	TASK_END	Counter	LM_DummyCounter	25
63854326840987	TASK_START	BlockInstruction	InstructionsTaskViewpoint
63854326840988	INFO    skip task    BlockInstruction
63854326841010	TASK_END	BlockInstruction	InstructionsTaskViewpoint	23
63854326841012	TASK_START	MovePlayerToSpawn	MoveSpawn
63854326841013	TASK_POSITION	ViveRoomspaceController	MoveSpawn	(39.2, 0.1, 74.9)
63854326841015	TASK_ROTATE	ViveRoomspaceController	MoveSpawn	(0.0, 0.0, 0.0)
63854326841031	TASK_END	MovePlayerToSpawn	MoveSpawn	19
63854326841032	TASK_START	ViewObjects	LM_ToggleObjects
63854326851422	TASK_END	ViewObjects	LM_ToggleObjects	10390
63854326851424	TASK_START	BlackoutWalking	LM_BlackoutPath
63854326860368	TASK_RESPONSE	Left Button Pressed	Response Time: 1.961884
63854326865412	TASK_END	BlackoutWalking	LM_BlackoutPath	13988
LandmarksTrialData:
--------------------
Timestamp	subID	trial	Room	Condition	moveItem	Repeat	Block	ObjectMovedIs	start	end	TargetObject	TarPos_x	TarPos_z	Start_SubPos_x	Start_SubPos_z	Delay_time	TargetReached	End_SubPos_x	End_SubPos_z	response	RT	
06/18/2024 5:00 PM	y06a	46	Room_73	stay	yes	A	3	right	A	B	Cake_1	39.23045	74.88569	39.32756	74.86771	7.005984	True	39.26753	74.87517	Left	1.961884	
--------------------

63854326865416	LM_Output	TaskList
TaskListName	RepetitionNumber	CatchFlag
ViewpointTrials48False
63854326865419	TASK_START	Counter	LM_DummyCounter
63854326865448	TASK_END	Counter	LM_DummyCounter	29
63854326865449	TASK_START	BlockInstruction	InstructionsTaskViewpoint
63854326865450	INFO    skip task    BlockInstruction
63854326865477	TASK_END	BlockInstruction	InstructionsTaskViewpoint	29
63854326865480	TASK_START	MovePlayerToSpawn	MoveSpawn
63854326865481	TASK_POSITION	ViveRoomspaceController	MoveSpawn	(31.1, 0.1, 15.0)
63854326865482	TASK_ROTATE	ViveRoomspaceController	MoveSpawn	(0.0, 0.0, 0.0)
63854326865513	TASK_END	MovePlayerToSpawn	MoveSpawn	33
63854326865514	TASK_START	ViewObjects	LM_ToggleObjects
63854326875780	TASK_END	ViewObjects	LM_ToggleObjects	10264
63854326875782	TASK_START	BlackoutWalking	LM_BlackoutPath
63854326884822	TASK_RESPONSE	Left Button Pressed	Response Time: 2.057942
63854326889785	TASK_END	BlackoutWalking	LM_BlackoutPath	14003
LandmarksTrialData:
--------------------
Timestamp	subID	trial	Room	Condition	moveItem	Repeat	Block	ObjectMovedIs	start	end	TargetObject	TarPos_x	TarPos_z	Start_SubPos_x	Start_SubPos_z	Delay_time	TargetReached	End_SubPos_x	End_SubPos_z	response	RT	
06/18/2024 5:01 PM	y06a	47	Room_12	stay	yes	A	3	right	B	A	SMGP_PRE_Peanut_butter_1024	31.1209	15.04046	31.24746	15.00121	7.019189	True	31.21533	15.00083	Left	2.057942	
--------------------

63854326889789	LM_Output	TaskList
TaskListName	RepetitionNumber	CatchFlag
ViewpointTrials49False
63854326889791	TASK_START	Counter	LM_DummyCounter
63854326889817	TASK_END	Counter	LM_DummyCounter	26
63854326889818	TASK_START	BlockInstruction	InstructionsTaskViewpoint
63854326895156	INPUT_EVENT    PlayerPressedActionButton    1
63854326895157	TASK_END	BlockInstruction	InstructionsTaskViewpoint	5339
63854326895160	TASK_START	MovePlayerToSpawn	MoveSpawn
63854326895161	TASK_POSITION	ViveRoomspaceController	MoveSpawn	(111.1, 0.1, 85.0)
63854326895163	TASK_ROTATE	ViveRoomspaceController	MoveSpawn	(0.0, 0.0, 0.0)
63854326895184	TASK_END	MovePlayerToSpawn	MoveSpawn	26
63854326895186	TASK_START	ViewObjects	LM_ToggleObjects
63854326906366	TASK_END	ViewObjects	LM_ToggleObjects	11180
63854326906368	TASK_START	BlackoutWalking	LM_BlackoutPath
63854326915277	TASK_RESPONSE	Right Button Pressed	Response Time: 1.932345
63854326920349	TASK_END	BlackoutWalking	LM_BlackoutPath	13981
LandmarksTrialData:
--------------------
Timestamp	subID	trial	Room	Condition	moveItem	Repeat	Block	ObjectMovedIs	start	end	TargetObject	TarPos_x	TarPos_z	Start_SubPos_x	Start_SubPos_z	Delay_time	TargetReached	End_SubPos_x	End_SubPos_z	response	RT	
06/18/2024 5:01 PM	y06a	48	Room_90	walk	yes	A	4	right	B	B	Pastry_1	109.2305	84.88569	111.1582	85.11449	7.014515	True	109.2684	84.81242	Right	1.932345	
--------------------

63854326920352	LM_Output	TaskList
TaskListName	RepetitionNumber	CatchFlag
ViewpointTrials50False
63854326920354	TASK_START	Counter	LM_DummyCounter
63854326920374	TASK_END	Counter	LM_DummyCounter	20
63854326920376	TASK_START	BlockInstruction	InstructionsTaskViewpoint
63854326920376	INFO    skip task    BlockInstruction
63854326920399	TASK_END	BlockInstruction	InstructionsTaskViewpoint	23
63854326920400	TASK_START	MovePlayerToSpawn	MoveSpawn
63854326920401	TASK_POSITION	ViveRoomspaceController	MoveSpawn	(99.2, 0.1, 94.9)
63854326920403	TASK_ROTATE	ViveRoomspaceController	MoveSpawn	(0.0, 0.0, 0.0)
63854326920423	TASK_END	MovePlayerToSpawn	MoveSpawn	23
63854326920425	TASK_START	ViewObjects	LM_ToggleObjects
63854326930355	TASK_END	ViewObjects	LM_ToggleObjects	9930
63854326930356	TASK_START	BlackoutWalking	LM_BlackoutPath
63854326938685	TASK_RESPONSE	Left Button Pressed	Response Time: 1.336335
63854326944382	TASK_END	BlackoutWalking	LM_BlackoutPath	14024
LandmarksTrialData:
--------------------
Timestamp	subID	trial	Room	Condition	moveItem	Repeat	Block	ObjectMovedIs	start	end	TargetObject	TarPos_x	TarPos_z	Start_SubPos_x	Start_SubPos_z	Delay_time	TargetReached	End_SubPos_x	End_SubPos_z	response	RT	
06/18/2024 5:02 PM	y06a	49	Room_99	walk	no	A	4	right	A	A	None	101.1209	95.04046	99.28784	94.87221	7.024508	True	101.2829	94.92053	Left	1.336335	
--------------------

63854326944386	LM_Output	TaskList
TaskListName	RepetitionNumber	CatchFlag
ViewpointTrials51False
63854326944387	TASK_START	Counter	LM_DummyCounter
63854326944416	TASK_END	Counter	LM_DummyCounter	28
63854326944418	TASK_START	BlockInstruction	InstructionsTaskViewpoint
63854326944419	INFO    skip task    BlockInstruction
63854326944439	TASK_END	BlockInstruction	InstructionsTaskViewpoint	21
63854326944441	TASK_START	MovePlayerToSpawn	MoveSpawn
63854326944443	TASK_POSITION	ViveRoomspaceController	MoveSpawn	(29.2, 0.1, 34.9)
63854326944444	TASK_ROTATE	ViveRoomspaceController	MoveSpawn	(0.0, 0.0, 0.0)
63854326944470	TASK_END	MovePlayerToSpawn	MoveSpawn	29
63854326944471	TASK_START	ViewObjects	LM_ToggleObjects
63854326963243	TASK_END	ViewObjects	LM_ToggleObjects	18772
63854326963245	TASK_START	BlackoutWalking	LM_BlackoutPath
63854326973312	TASK_RESPONSE	Right Button Pressed	Response Time: 3.075886
63854326977268	TASK_END	BlackoutWalking	LM_BlackoutPath	14022
LandmarksTrialData:
--------------------
Timestamp	subID	trial	Room	Condition	moveItem	Repeat	Block	ObjectMovedIs	start	end	TargetObject	TarPos_x	TarPos_z	Start_SubPos_x	Start_SubPos_z	Delay_time	TargetReached	End_SubPos_x	End_SubPos_z	response	RT	
06/18/2024 5:02 PM	y06a	50	Room_32	walk	no	A	4	right	A	A	None	31.1209	35.04045	29.19602	34.93893	7.021866	True	31.3967	35.10779	Right	3.075886	
--------------------

63854326977270	LM_Output	TaskList
TaskListName	RepetitionNumber	CatchFlag
ViewpointTrials52False
63854326977273	TASK_START	Counter	LM_DummyCounter
63854326977300	TASK_END	Counter	LM_DummyCounter	27
63854326977301	TASK_START	BlockInstruction	InstructionsTaskViewpoint
63854326977301	INFO    skip task    BlockInstruction
63854326977335	TASK_END	BlockInstruction	InstructionsTaskViewpoint	34
63854326977337	TASK_START	MovePlayerToSpawn	MoveSpawn
63854326977338	TASK_POSITION	ViveRoomspaceController	MoveSpawn	(61.1, 0.1, 105.0)
63854326977339	TASK_ROTATE	ViveRoomspaceController	MoveSpawn	(0.0, 0.0, 0.0)
63854326977366	TASK_END	MovePlayerToSpawn	MoveSpawn	29
63854326977368	TASK_START	ViewObjects	LM_ToggleObjects
63854326992745	TASK_END	ViewObjects	LM_ToggleObjects	15377
63854326992747	TASK_START	BlackoutWalking	LM_BlackoutPath
63854327000455	TASK_RESPONSE	Right Button Pressed	Response Time: 0.7137477
63854327006766	TASK_END	BlackoutWalking	LM_BlackoutPath	14019
LandmarksTrialData:
--------------------
Timestamp	subID	trial	Room	Condition	moveItem	Repeat	Block	ObjectMovedIs	start	end	TargetObject	TarPos_x	TarPos_z	Start_SubPos_x	Start_SubPos_z	Delay_time	TargetReached	End_SubPos_x	End_SubPos_z	response	RT	
06/18/2024 5:03 PM	y06a	51	Room_105	walk	yes	A	4	right	B	B	Panda_01	59.23045	104.8857	61.09744	105.0652	7.024619	True	59.38182	104.7906	Right	0.7137477	
--------------------

63854327006770	LM_Output	TaskList
TaskListName	RepetitionNumber	CatchFlag
ViewpointTrials53False
63854327006779	TASK_START	Counter	LM_DummyCounter
63854327006809	TASK_END	Counter	LM_DummyCounter	30
63854327006810	TASK_START	BlockInstruction	InstructionsTaskViewpoint
63854327006811	INFO    skip task    BlockInstruction
63854327006842	TASK_END	BlockInstruction	InstructionsTaskViewpoint	31
63854327006843	TASK_START	MovePlayerToSpawn	MoveSpawn
63854327006844	TASK_POSITION	ViveRoomspaceController	MoveSpawn	(109.2, 0.1, 94.9)
63854327006845	TASK_ROTATE	ViveRoomspaceController	MoveSpawn	(0.0, 0.0, 0.0)
63854327006866	TASK_END	MovePlayerToSpawn	MoveSpawn	23
63854327006867	TASK_START	ViewObjects	LM_ToggleObjects
63854327017571	TASK_END	ViewObjects	LM_ToggleObjects	10704
63854327017572	TASK_START	BlackoutWalking	LM_BlackoutPath
63854327025700	TASK_RESPONSE	Right Button Pressed	Response Time: 1.130963
63854327031596	TASK_END	BlackoutWalking	LM_BlackoutPath	14023
LandmarksTrialData:
--------------------
Timestamp	subID	trial	Room	Condition	moveItem	Repeat	Block	ObjectMovedIs	start	end	TargetObject	TarPos_x	TarPos_z	Start_SubPos_x	Start_SubPos_z	Delay_time	TargetReached	End_SubPos_x	End_SubPos_z	response	RT	
06/18/2024 5:03 PM	y06a	52	Room_100	walk	yes	A	4	right	A	A	KidHouse_01	111.1209	95.04045	109.3086	94.88698	7.01515	True	111.1333	95.00251	Right	1.130963	
--------------------

63854327031600	LM_Output	TaskList
TaskListName	RepetitionNumber	CatchFlag
ViewpointTrials54False
63854327031602	TASK_START	Counter	LM_DummyCounter
63854327031631	TASK_END	Counter	LM_DummyCounter	29
63854327031633	TASK_START	BlockInstruction	InstructionsTaskViewpoint
63854327031633	INFO    skip task    BlockInstruction
63854327031655	TASK_END	BlockInstruction	InstructionsTaskViewpoint	22
63854327031656	TASK_START	MovePlayerToSpawn	MoveSpawn
63854327031658	TASK_POSITION	ViveRoomspaceController	MoveSpawn	(41.1, 0.1, 45.0)
63854327031658	TASK_ROTATE	ViveRoomspaceController	MoveSpawn	(0.0, 0.0, 0.0)
63854327031686	TASK_END	MovePlayerToSpawn	MoveSpawn	29
63854327031687	TASK_START	ViewObjects	LM_ToggleObjects
63854327044338	TASK_END	ViewObjects	LM_ToggleObjects	12651
63854327044340	TASK_START	BlackoutWalking	LM_BlackoutPath
63854327052243	TASK_RESPONSE	Left Button Pressed	Response Time: 0.9329337
63854327058318	TASK_END	BlackoutWalking	LM_BlackoutPath	13978
LandmarksTrialData:
--------------------
Timestamp	subID	trial	Room	Condition	moveItem	Repeat	Block	ObjectMovedIs	start	end	TargetObject	TarPos_x	TarPos_z	Start_SubPos_x	Start_SubPos_z	Delay_time	TargetReached	End_SubPos_x	End_SubPos_z	response	RT	
06/18/2024 5:04 PM	y06a	53	Room_43	walk	no	A	4	right	B	B	None	39.23045	44.88569	41.10441	45.06509	7.00209	True	39.34258	44.93086	Left	0.9329337	
--------------------

63854327058322	LM_Output	TaskList
TaskListName	RepetitionNumber	CatchFlag
ViewpointTrials55False
63854327058323	TASK_START	Counter	LM_DummyCounter
63854327058340	TASK_END	Counter	LM_DummyCounter	16
63854327058341	TASK_START	BlockInstruction	InstructionsTaskViewpoint
63854327058342	INFO    skip task    BlockInstruction
63854327058367	TASK_END	BlockInstruction	InstructionsTaskViewpoint	26
63854327058369	TASK_START	MovePlayerToSpawn	MoveSpawn
63854327058371	TASK_POSITION	ViveRoomspaceController	MoveSpawn	(49.2, 0.1, 14.9)
63854327058373	TASK_ROTATE	ViveRoomspaceController	MoveSpawn	(0.0, 0.0, 0.0)
63854327058395	TASK_END	MovePlayerToSpawn	MoveSpawn	25
63854327058397	TASK_START	ViewObjects	LM_ToggleObjects
63854327069366	TASK_END	ViewObjects	LM_ToggleObjects	10969
63854327069374	TASK_START	BlackoutWalking	LM_BlackoutPath
63854327080907	TASK_RESPONSE	Left Button Pressed	Response Time: 4.565552
63854327083360	TASK_END	BlackoutWalking	LM_BlackoutPath	13992
LandmarksTrialData:
--------------------
Timestamp	subID	trial	Room	Condition	moveItem	Repeat	Block	ObjectMovedIs	start	end	TargetObject	TarPos_x	TarPos_z	Start_SubPos_x	Start_SubPos_z	Delay_time	TargetReached	End_SubPos_x	End_SubPos_z	response	RT	
06/18/2024 5:04 PM	y06a	54	Room_14	walk	yes	A	4	right	A	A	Teapot	51.1209	15.04045	49.31848	14.86989	7.014997	True	51.14029	14.91405	Left	4.565552	
--------------------

63854327083365	LM_Output	TaskList
TaskListName	RepetitionNumber	CatchFlag
ViewpointTrials56False
63854327083367	TASK_START	Counter	LM_DummyCounter
63854327083396	TASK_END	Counter	LM_DummyCounter	29
63854327083397	TASK_START	BlockInstruction	InstructionsTaskViewpoint
63854327083397	INFO    skip task    BlockInstruction
63854327083428	TASK_END	BlockInstruction	InstructionsTaskViewpoint	29
63854327083429	TASK_START	MovePlayerToSpawn	MoveSpawn
63854327083430	TASK_POSITION	ViveRoomspaceController	MoveSpawn	(101.1, 0.1, 5.0)
63854327083430	TASK_ROTATE	ViveRoomspaceController	MoveSpawn	(0.0, 0.0, 0.0)
63854327083460	TASK_END	MovePlayerToSpawn	MoveSpawn	31
63854327083462	TASK_START	ViewObjects	LM_ToggleObjects
63854327096127	TASK_END	ViewObjects	LM_ToggleObjects	12665
63854327096128	TASK_START	BlackoutWalking	LM_BlackoutPath
63854327104161	TASK_RESPONSE	Left Button Pressed	Response Time: 1.034677
63854327110144	TASK_END	BlackoutWalking	LM_BlackoutPath	14015
LandmarksTrialData:
--------------------
Timestamp	subID	trial	Room	Condition	moveItem	Repeat	Block	ObjectMovedIs	start	end	TargetObject	TarPos_x	TarPos_z	Start_SubPos_x	Start_SubPos_z	Delay_time	TargetReached	End_SubPos_x	End_SubPos_z	response	RT	
06/18/2024 5:04 PM	y06a	55	Room_9	walk	no	A	4	right	B	B	None	99.23045	4.885693	101.1459	5.076429	7.019565	True	99.23463	4.855151	Left	1.034677	
--------------------

63854327110148	LM_Output	TaskList
TaskListName	RepetitionNumber	CatchFlag
ViewpointTrials57False
63854327110150	TASK_START	Counter	LM_DummyCounter
63854327110172	TASK_END	Counter	LM_DummyCounter	22
63854327110173	TASK_START	BlockInstruction	InstructionsTaskViewpoint
63854327110174	INFO    skip task    BlockInstruction
63854327110195	TASK_END	BlockInstruction	InstructionsTaskViewpoint	21
63854327110197	TASK_START	MovePlayerToSpawn	MoveSpawn
63854327110198	TASK_POSITION	ViveRoomspaceController	MoveSpawn	(81.1, 0.1, 45.0)
63854327110199	TASK_ROTATE	ViveRoomspaceController	MoveSpawn	(0.0, 0.0, 0.0)
63854327110224	TASK_END	MovePlayerToSpawn	MoveSpawn	27
63854327110226	TASK_START	ViewObjects	LM_ToggleObjects
63854327120911	TASK_END	ViewObjects	LM_ToggleObjects	10685
63854327120913	TASK_START	BlackoutWalking	LM_BlackoutPath
63854327128742	TASK_RESPONSE	Left Button Pressed	Response Time: 0.8442901
63854327134935	TASK_END	BlackoutWalking	LM_BlackoutPath	14023
LandmarksTrialData:
--------------------
Timestamp	subID	trial	Room	Condition	moveItem	Repeat	Block	ObjectMovedIs	start	end	TargetObject	TarPos_x	TarPos_z	Start_SubPos_x	Start_SubPos_z	Delay_time	TargetReached	End_SubPos_x	End_SubPos_z	response	RT	
06/18/2024 5:05 PM	y06a	56	Room_47	walk	no	A	4	right	B	A	None	79.23045	44.88569	81.15989	45.00417	7.026267	True	79.20986	44.85436	Left	0.8442901	
--------------------

63854327134939	LM_Output	TaskList
TaskListName	RepetitionNumber	CatchFlag
ViewpointTrials58False
63854327134940	TASK_START	Counter	LM_DummyCounter
63854327134969	TASK_END	Counter	LM_DummyCounter	28
63854327134970	TASK_START	BlockInstruction	InstructionsTaskViewpoint
63854327134971	INFO    skip task    BlockInstruction
63854327135004	TASK_END	BlockInstruction	InstructionsTaskViewpoint	33
63854327135005	TASK_START	MovePlayerToSpawn	MoveSpawn
63854327135007	TASK_POSITION	ViveRoomspaceController	MoveSpawn	(59.2, 0.1, 94.9)
63854327135008	TASK_ROTATE	ViveRoomspaceController	MoveSpawn	(0.0, 0.0, 0.0)
63854327135037	TASK_END	MovePlayerToSpawn	MoveSpawn	32
63854327135039	TASK_START	ViewObjects	LM_ToggleObjects
63854327144988	TASK_END	ViewObjects	LM_ToggleObjects	9949
63854327144990	TASK_START	BlackoutWalking	LM_BlackoutPath
63854327152627	TASK_RESPONSE	Left Button Pressed	Response Time: 0.6597396
63854327158981	TASK_END	BlackoutWalking	LM_BlackoutPath	13991
LandmarksTrialData:
--------------------
Timestamp	subID	trial	Room	Condition	moveItem	Repeat	Block	ObjectMovedIs	start	end	TargetObject	TarPos_x	TarPos_z	Start_SubPos_x	Start_SubPos_z	Delay_time	TargetReached	End_SubPos_x	End_SubPos_z	response	RT	
06/18/2024 5:05 PM	y06a	57	Room_95	walk	no	A	4	right	A	B	None	61.1209	95.04046	59.24221	94.75613	7.006956	True	61.08118	94.85676	Left	0.6597396	
--------------------

63854327158984	LM_Output	TaskList
TaskListName	RepetitionNumber	CatchFlag
ViewpointTrials59False
63854327158986	TASK_START	Counter	LM_DummyCounter
63854327159016	TASK_END	Counter	LM_DummyCounter	30
63854327159018	TASK_START	BlockInstruction	InstructionsTaskViewpoint
63854327159019	INFO    skip task    BlockInstruction
63854327159046	TASK_END	BlockInstruction	InstructionsTaskViewpoint	28
63854327159047	TASK_START	MovePlayerToSpawn	MoveSpawn
63854327159049	TASK_POSITION	ViveRoomspaceController	MoveSpawn	(81.1, 0.1, 95.0)
63854327159050	TASK_ROTATE	ViveRoomspaceController	MoveSpawn	(0.0, 0.0, 0.0)
63854327159082	TASK_END	MovePlayerToSpawn	MoveSpawn	35
63854327159082	TASK_START	ViewObjects	LM_ToggleObjects
63854327170911	TASK_END	ViewObjects	LM_ToggleObjects	11829
63854327170913	TASK_START	BlackoutWalking	LM_BlackoutPath
63854327179676	TASK_RESPONSE	Right Button Pressed	Response Time: 1.769714
63854327184913	TASK_END	BlackoutWalking	LM_BlackoutPath	14000
LandmarksTrialData:
--------------------
Timestamp	subID	trial	Room	Condition	moveItem	Repeat	Block	ObjectMovedIs	start	end	TargetObject	TarPos_x	TarPos_z	Start_SubPos_x	Start_SubPos_z	Delay_time	TargetReached	End_SubPos_x	End_SubPos_z	response	RT	
06/18/2024 5:06 PM	y06a	58	Room_97	walk	yes	A	4	right	B	A	Elephant_01	79.23045	94.88569	81.11377	95.03224	7.016894	True	79.31677	94.99034	Right	1.769714	
--------------------

63854327184917	LM_Output	TaskList
TaskListName	RepetitionNumber	CatchFlag
ViewpointTrials60False
63854327184918	TASK_START	Counter	LM_DummyCounter
63854327184937	TASK_END	Counter	LM_DummyCounter	18
63854327184939	TASK_START	BlockInstruction	InstructionsTaskViewpoint
63854327184939	INFO    skip task    BlockInstruction
63854327184963	TASK_END	BlockInstruction	InstructionsTaskViewpoint	24
63854327184964	TASK_START	MovePlayerToSpawn	MoveSpawn
63854327184966	TASK_POSITION	ViveRoomspaceController	MoveSpawn	(89.2, 0.1, 114.9)
63854327184967	TASK_ROTATE	ViveRoomspaceController	MoveSpawn	(0.0, 0.0, 0.0)
63854327184989	TASK_END	MovePlayerToSpawn	MoveSpawn	24
63854327184991	TASK_START	ViewObjects	LM_ToggleObjects
63854327196909	TASK_END	ViewObjects	LM_ToggleObjects	11917
63854327196910	TASK_START	BlackoutWalking	LM_BlackoutPath
63854327204737	TASK_RESPONSE	Left Button Pressed	Response Time: 0.8414608
63854327210924	TASK_END	BlackoutWalking	LM_BlackoutPath	14014
LandmarksTrialData:
--------------------
Timestamp	subID	trial	Room	Condition	moveItem	Repeat	Block	ObjectMovedIs	start	end	TargetObject	TarPos_x	TarPos_z	Start_SubPos_x	Start_SubPos_z	Delay_time	TargetReached	End_SubPos_x	End_SubPos_z	response	RT	
06/18/2024 5:06 PM	y06a	59	Room_118	walk	yes	A	4	right	A	B	Lute_01	91.1209	115.0405	89.29286	114.7815	7.020123	True	91.13033	114.8628	Left	0.8414608	
--------------------

63854327210927	LM_Output	TaskList
TaskListName	RepetitionNumber	CatchFlag
ViewpointTrials61False
63854327210929	TASK_START	Counter	LM_DummyCounter
63854327210965	TASK_END	Counter	LM_DummyCounter	36
63854327210966	TASK_START	BlockInstruction	InstructionsTaskViewpoint
63854327210967	INFO    skip task    BlockInstruction
63854327211001	TASK_END	BlockInstruction	InstructionsTaskViewpoint	36
63854327211004	TASK_START	MovePlayerToSpawn	MoveSpawn
63854327211005	TASK_POSITION	ViveRoomspaceController	MoveSpawn	(29.2, 0.1, 94.9)
63854327211006	TASK_ROTATE	ViveRoomspaceController	MoveSpawn	(0.0, 0.0, 0.0)
63854327211036	TASK_END	MovePlayerToSpawn	MoveSpawn	33
63854327211037	TASK_START	ViewObjects	LM_ToggleObjects
63854327222737	TASK_END	ViewObjects	LM_ToggleObjects	11700
63854327222739	TASK_START	BlackoutWalking	LM_BlackoutPath
63854327231256	TASK_RESPONSE	Left Button Pressed	Response Time: 1.526347
63854327236734	TASK_END	BlackoutWalking	LM_BlackoutPath	13995
LandmarksTrialData:
--------------------
Timestamp	subID	trial	Room	Condition	moveItem	Repeat	Block	ObjectMovedIs	start	end	TargetObject	TarPos_x	TarPos_z	Start_SubPos_x	Start_SubPos_z	Delay_time	TargetReached	End_SubPos_x	End_SubPos_z	response	RT	
06/18/2024 5:07 PM	y06a	60	Room_92	walk	no	A	4	right	A	B	None	31.1209	95.04045	29.30075	94.81321	7.003266	True	31.19539	94.86369	Left	1.526347	
--------------------

63854327236737	LM_Output	TaskList
TaskListName	RepetitionNumber	CatchFlag
ViewpointTrials62False
63854327236739	TASK_START	Counter	LM_DummyCounter
63854327236769	TASK_END	Counter	LM_DummyCounter	30
63854327236771	TASK_START	BlockInstruction	InstructionsTaskViewpoint
63854327236772	INFO    skip task    BlockInstruction
63854327236811	TASK_END	BlockInstruction	InstructionsTaskViewpoint	40
63854327236812	TASK_START	MovePlayerToSpawn	MoveSpawn
63854327236814	TASK_POSITION	ViveRoomspaceController	MoveSpawn	(51.1, 0.1, 65.0)
63854327236815	TASK_ROTATE	ViveRoomspaceController	MoveSpawn	(0.0, 0.0, 0.0)
63854327236846	TASK_END	MovePlayerToSpawn	MoveSpawn	33
63854327236847	TASK_START	ViewObjects	LM_ToggleObjects
63854327248851	TASK_END	ViewObjects	LM_ToggleObjects	12003
63854327248852	TASK_START	BlackoutWalking	LM_BlackoutPath
63854327256952	TASK_RESPONSE	Left Button Pressed	Response Time: 1.110236
63854327262855	TASK_END	BlackoutWalking	LM_BlackoutPath	14002
LandmarksTrialData:
--------------------
Timestamp	subID	trial	Room	Condition	moveItem	Repeat	Block	ObjectMovedIs	start	end	TargetObject	TarPos_x	TarPos_z	Start_SubPos_x	Start_SubPos_z	Delay_time	TargetReached	End_SubPos_x	End_SubPos_z	response	RT	
06/18/2024 5:07 PM	y06a	61	Room_64	walk	no	A	4	right	B	A	None	49.23045	64.88569	51.15633	65.02646	7.012141	True	49.30603	64.96449	Left	1.110236	
--------------------

63854327262860	LM_Output	TaskList
TaskListName	RepetitionNumber	CatchFlag
ViewpointTrials63False
63854327262862	TASK_START	Counter	LM_DummyCounter
63854327262879	TASK_END	Counter	LM_DummyCounter	17
63854327262880	TASK_START	BlockInstruction	InstructionsTaskViewpoint
63854327262881	INFO    skip task    BlockInstruction
63854327262901	TASK_END	BlockInstruction	InstructionsTaskViewpoint	21
63854327262902	TASK_START	MovePlayerToSpawn	MoveSpawn
63854327262904	TASK_POSITION	ViveRoomspaceController	MoveSpawn	(69.2, 0.1, 94.9)
63854327262905	TASK_ROTATE	ViveRoomspaceController	MoveSpawn	(0.0, 0.0, 0.0)
63854327262924	TASK_END	MovePlayerToSpawn	MoveSpawn	22
63854327262926	TASK_START	ViewObjects	LM_ToggleObjects
63854327276448	TASK_END	ViewObjects	LM_ToggleObjects	13522
63854327276449	TASK_START	BlackoutWalking	LM_BlackoutPath
63854327286856	TASK_RESPONSE	Left Button Pressed	Response Time: 3.399887
63854327290453	TASK_END	BlackoutWalking	LM_BlackoutPath	14003
LandmarksTrialData:
--------------------
Timestamp	subID	trial	Room	Condition	moveItem	Repeat	Block	ObjectMovedIs	start	end	TargetObject	TarPos_x	TarPos_z	Start_SubPos_x	Start_SubPos_z	Delay_time	TargetReached	End_SubPos_x	End_SubPos_z	response	RT	
06/18/2024 5:07 PM	y06a	62	Room_96	walk	yes	A	4	right	A	B	Dragon_01	71.1209	95.04045	69.20612	94.70683	7.030134	True	71.16273	94.89655	Left	3.399887	
--------------------

63854327290457	LM_Output	TaskList
TaskListName	RepetitionNumber	CatchFlag
ViewpointTrials64False
63854327290459	TASK_START	Counter	LM_DummyCounter
63854327290487	TASK_END	Counter	LM_DummyCounter	28
63854327290488	TASK_START	BlockInstruction	InstructionsTaskViewpoint
63854327290489	INFO    skip task    BlockInstruction
63854327290510	TASK_END	BlockInstruction	InstructionsTaskViewpoint	22
63854327290512	TASK_START	MovePlayerToSpawn	MoveSpawn
63854327290514	TASK_POSITION	ViveRoomspaceController	MoveSpawn	(61.1, 0.1, 35.0)
63854327290515	TASK_ROTATE	ViveRoomspaceController	MoveSpawn	(0.0, 0.0, 0.0)
63854327290542	TASK_END	MovePlayerToSpawn	MoveSpawn	31
63854327290545	TASK_START	ViewObjects	LM_ToggleObjects
63854327303003	TASK_END	ViewObjects	LM_ToggleObjects	12458
63854327303004	TASK_START	BlackoutWalking	LM_BlackoutPath
63854327312121	TASK_RESPONSE	Right Button Pressed	Response Time: 2.129856
63854327317008	TASK_END	BlackoutWalking	LM_BlackoutPath	14003
LandmarksTrialData:
--------------------
Timestamp	subID	trial	Room	Condition	moveItem	Repeat	Block	ObjectMovedIs	start	end	TargetObject	TarPos_x	TarPos_z	Start_SubPos_x	Start_SubPos_z	Delay_time	TargetReached	End_SubPos_x	End_SubPos_z	response	RT	
06/18/2024 5:08 PM	y06a	63	Room_35	walk	yes	A	4	right	B	A	Kettle	59.23045	34.88569	61.13964	35.02102	7.029094	True	59.18913	34.90263	Right	2.129856	
--------------------

63854327317011	LM_Output	TaskList
TaskListName	RepetitionNumber	CatchFlag
ViewpointTrials65False
63854327317014	TASK_START	Counter	LM_DummyCounter
63854327317030	TASK_END	Counter	LM_DummyCounter	16
63854327317031	TASK_START	BlockInstruction	InstructionsTaskViewpoint
